==========================================
 3D3V Non-Analog Monte Carlo Simulation
==========================================
  n_particles  =       1000
  n_steps      =       1000
  dt           =   1.0000E-08
  enable_cx    = T
  enable_el    = T
  enable_ei    = T
  weight_min   =   1.0000E-08
  n_i          =   1.0000E+21
  T_i          =     2.00 eV
  T_e          =     2.00 eV
  T_init       =     2.00 eV
==========================================
 Ensemble Run ID:           30 , Adjusted Base Seed:  -2079272161
 CDF file size:     497928 bytes
 CDF data points read:    23320
 CDF file loaded successfully.
   Sigma range [m^2]:   8.1600E-19 -   1.6604E-17
 nu_max/n_i = sigma_v_max =   8.2930E-12 [m^3/s]
 nu_max =   8.2930E+09 [1/s]

Starting simulation...
  Histogram output at step      1, weight_sum =   9.9975E+02
  Histogram output at step     10, weight_sum =   9.9748E+02
  Histogram output at step     50, weight_sum =   9.8748E+02
  Step    100/  1000  alive=    1000  CX=   135  EL=   291
  Histogram output at step    100, weight_sum =   9.7512E+02
  Step    200/  1000  alive=    1000  CX=   123  EL=   316
  Step    300/  1000  alive=    1000  CX=   138  EL=   329
  Step    400/  1000  alive=    1000  CX=   132  EL=   337
  Step    500/  1000  alive=    1000  CX=   129  EL=   318
  Histogram output at step    500, weight_sum =   8.8165E+02
  Step    600/  1000  alive=    1000  CX=   137  EL=   326
  Step    700/  1000  alive=    1000  CX=   118  EL=   313
  Step    800/  1000  alive=    1000  CX=   133  EL=   347
  Step    900/  1000  alive=    1000  CX=   122  EL=   353
  Step   1000/  1000  alive=    1000  CX=   132  EL=   314
  Histogram output at step   1000, weight_sum =   7.7731E+02
Elapsed time:       4.7506 seconds

Simulation complete.

==========================================
 Scoring Results (time-averaged) [W/m3]
==========================================
          EI              CX              EL              Total
 CL:     5.348826E+05   -1.716352E+04    6.099107E+04    5.787101E+05
 TL:     5.355927E+05    2.619294E+05    2.508494E+05    1.048371E+06
==========================================

==========================================
 Final Statistics
==========================================
  Alive particles  =       1000
  Total weight     =     777.3124
  Mean energy      =       3.0025 eV
  Eff. temperature =       2.0016 eV
==========================================
  dE Histogram output (collect_time=  1.0000E-05 s)
