==========================================
 3D3V Non-Analog Monte Carlo Simulation
==========================================
  n_particles  =      10000
  n_steps      =       1000
  dt           =   1.0000E-08
  tl_el_inner  =         16
  enable_cx    = T
  enable_el    = T
  enable_ei    = F
  weight_min   =   1.0000E-10
  tl_el_table  = ../../tl_el_table_1e6.dat
  n_i          =   1.0000E+21
  T_i          =     2.00 eV
  T_e          =     2.00 eV
  T_init       =     2.00 eV
==========================================
 CDF file size:     497928 bytes
 CDF data points read:    23320
 CDF file loaded successfully.
   xs_mult(y):   1.0000E-04  1.0000E-06  1.0000E-06  1.0000E-08  1.0000E-10
   Sigma range [m^2]:   8.1600E-19 -   1.6604E-17
 TL EL pretab table loaded: ../../tl_el_table_1e6.dat
 nu_max/n_i = sigma_v_max =   8.2930E-12 [m^3/s]
 nu_max =   8.2930E+09 [1/s]

Starting simulation...
  Histogram output at step      1, weight_sum =   1.0000E+04
  Histogram output at step      2, weight_sum =   1.0000E+04
  Histogram output at step      3, weight_sum =   1.0000E+04
  Histogram output at step      5, weight_sum =   1.0000E+04
  Histogram output at step      7, weight_sum =   1.0000E+04
  Histogram output at step     10, weight_sum =   1.0000E+04
  Step    100/  1000  alive=   10000  CX=  1294  EL=  3331
  Step    200/  1000  alive=   10000  CX=  1280  EL=  3154
  Step    300/  1000  alive=   10000  CX=  1301  EL=  3376
  Step    400/  1000  alive=   10000  CX=  1303  EL=  3286
  Step    500/  1000  alive=   10000  CX=  1364  EL=  3289
  Step    600/  1000  alive=   10000  CX=  1303  EL=  3402
  Step    700/  1000  alive=   10000  CX=  1370  EL=  3347
  Step    800/  1000  alive=   10000  CX=  1321  EL=  3206
  Step    900/  1000  alive=   10000  CX=  1240  EL=  3348
  Step   1000/  1000  alive=   10000  CX=  1294  EL=  3225
Elapsed time:      55.8335 seconds

Simulation complete.

================================================================================
 Scoring Results (time-averaged) [W/m3]
================================================================================
                              EI              CX              EL           Total
          A(EL):                                   -1.807505E+05                
             CL:    0.000000E+00   -6.315034E+04    4.705188E+07    4.698873E+07
    CLInner(EL):                                    1.927650E+06                
             TR:    0.000000E+00    1.506605E+05    3.459644E+07    3.474710E+07
    TRInner(EL):                                    3.351717E+04                
   TRPretab(EL):                                    3.180861E+05                
================================================================================

==========================================
 Final Statistics
==========================================
  Alive particles  =      10000
  Total weight     =   10000.0000
  Mean energy      =       3.0239 eV
  Eff. temperature =       2.0160 eV
==========================================
  dE Histogram output (collect_time=  1.0000E-05 s)
