==========================================
 3D3V Non-Analog Monte Carlo Simulation
==========================================
  n_particles  =      10000
  n_steps      =       1000
  dt           =   1.0000E-08
  tl_el_inner  =         16
  enable_cx    = T
  enable_el    = T
  enable_ei    = F
  weight_min   =   1.0000E-10
  tl_el_table  = ../../tl_el_table_1e6.dat
  n_i          =   1.0000E+21
  T_i          =     2.00 eV
  T_e          =     2.00 eV
  T_init       =     2.00 eV
==========================================
 CDF file size:     497928 bytes
 CDF data points read:    23320
 CDF file loaded successfully.
   xs_mult(y):   1.0000E-04  1.0000E-06  1.0000E-06  1.0000E-08  1.0000E-10
   Sigma range [m^2]:   8.1600E-19 -   1.6604E-17
 TL EL pretab table loaded: ../../tl_el_table_1e6.dat
 nu_max/n_i = sigma_v_max =   8.2930E-12 [m^3/s]
 nu_max =   8.2930E+09 [1/s]

Starting simulation...
  Histogram output at step      1, weight_sum =   1.0000E+04
  Histogram output at step      2, weight_sum =   1.0000E+04
  Histogram output at step      3, weight_sum =   1.0000E+04
  Histogram output at step      5, weight_sum =   1.0000E+04
  Histogram output at step      7, weight_sum =   1.0000E+04
  Histogram output at step     10, weight_sum =   1.0000E+04
  Step    100/  1000  alive=   10000  CX=  1322  EL=  3183
  Step    200/  1000  alive=   10000  CX=  1308  EL=  3282
  Step    300/  1000  alive=   10000  CX=  1352  EL=  3286
  Step    400/  1000  alive=   10000  CX=  1346  EL=  3391
  Step    500/  1000  alive=   10000  CX=  1324  EL=  3337
  Step    600/  1000  alive=   10000  CX=  1273  EL=  3351
  Step    700/  1000  alive=   10000  CX=  1280  EL=  3276
  Step    800/  1000  alive=   10000  CX=  1264  EL=  3318
  Step    900/  1000  alive=   10000  CX=  1296  EL=  3364
  Step   1000/  1000  alive=   10000  CX=  1341  EL=  3286
Elapsed time:      45.5871 seconds

Simulation complete.

================================================================================
 Scoring Results (time-averaged) [W/m3]
================================================================================
                              EI              CX              EL           Total
          A(EL):                                   -3.351871E+05                
             CL:    0.000000E+00    1.059346E+04    4.718001E+07    4.719060E+07
    CLInner(EL):                                    2.127958E+06                
             TR:    0.000000E+00    1.432435E+05    3.464117E+07    3.478442E+07
    TRInner(EL):                                    2.026332E+05                
   TRPretab(EL):                                    3.772794E+05                
================================================================================

==========================================
 Final Statistics
==========================================
  Alive particles  =      10000
  Total weight     =   10000.0000
  Mean energy      =       3.0320 eV
  Eff. temperature =       2.0213 eV
==========================================
  dE Histogram output (collect_time=  1.0000E-05 s)
