==========================================
 3D3V Non-Analog Monte Carlo Simulation
==========================================
  n_particles  =      10000
  n_steps      =       1000
  dt           =   1.0000E-08
  enable_cx    = T
  enable_el    = T
  enable_ei    = T
  weight_min   =   1.0000E-08
  n_i          =   1.0000E+21
  T_i          =     2.00 eV
  T_e          =     2.00 eV
  T_init       =     2.00 eV
==========================================
 Ensemble Run ID:            4 , Adjusted Base Seed:    295436717
 CDF file size:     497928 bytes
 CDF data points read:    23320
 CDF file loaded successfully.
   Sigma range [m^2]:   8.1600E-19 -   1.6604E-17
 nu_max/n_i = sigma_v_max =   8.2930E-12 [m^3/s]
 nu_max =   8.2930E+09 [1/s]

Starting simulation...
  Histogram output at step      1, weight_sum =   9.9975E+03
  Histogram output at step     10, weight_sum =   9.9748E+03
  Histogram output at step     50, weight_sum =   9.8748E+03
  Step    100/  1000  alive=   10000  CX=  1340  EL=  3385
  Histogram output at step    100, weight_sum =   9.7512E+03
  Step    200/  1000  alive=   10000  CX=  1372  EL=  3256
  Step    300/  1000  alive=   10000  CX=  1332  EL=  3241
  Step    400/  1000  alive=   10000  CX=  1327  EL=  3239
  Step    500/  1000  alive=   10000  CX=  1355  EL=  3363
  Histogram output at step    500, weight_sum =   8.8165E+03
  Step    600/  1000  alive=   10000  CX=  1314  EL=  3276
  Step    700/  1000  alive=   10000  CX=  1277  EL=  3353
  Step    800/  1000  alive=   10000  CX=  1327  EL=  3212
  Step    900/  1000  alive=   10000  CX=  1319  EL=  3340
  Step   1000/  1000  alive=   10000  CX=  1293  EL=  3282
  Histogram output at step   1000, weight_sum =   7.7731E+03
Elapsed time:      87.0312 seconds

Simulation complete.

==========================================
 Scoring Results (time-averaged) [W/m3]
==========================================
          EI              CX              EL              Total
 CL:     5.351884E+05   -1.831527E+05    1.678443E+05    5.198800E+05
 TL:     5.350189E+05   -1.703769E+05   -1.175186E+05    2.471233E+05
==========================================

==========================================
 Final Statistics
==========================================
  Alive particles  =      10000
  Total weight     =    7773.1241
  Mean energy      =       2.9948 eV
  Eff. temperature =       1.9966 eV
==========================================
  dE Histogram output (collect_time=  1.0000E-05 s)
