==========================================
 3D3V Non-Analog Monte Carlo Simulation
==========================================
  n_particles  =      10000
  n_steps      =       1000
  dt           =   1.0000E-08
  tl_el_inner  =         16
  enable_cx    = F
  enable_el    = T
  enable_ei    = F
  weight_min   =   1.0000E-10
  tl_el_table  = ../../el_data/tl_el_table_1e6.dat
  n_i          =   1.0000E+21
  T_i          =     2.00 eV
  T_e          =     2.00 eV
  T_init       =     2.00 eV
==========================================
 CDF file size:     497928 bytes
 CDF data points read:    23320
 CDF file loaded successfully.
   xs_mult(y):   1.0000E-04  1.0000E-06  1.0000E-06  1.0000E-08  1.0000E-10
   Sigma range [m^2]:   8.1600E-19 -   1.6604E-17
 TL EL pretab table loaded: ../../el_data/tl_el_table_1e6.dat
 nu_max/n_i = sigma_v_max =   8.2930E-12 [m^3/s]
 nu_max =   8.2930E+09 [1/s]

Starting simulation...
  Histogram output at step      1, weight_sum =   1.0000E+04
  Histogram output at step      5, weight_sum =   1.0000E+04
  Histogram output at step     10, weight_sum =   1.0000E+04
  Histogram output at step     50, weight_sum =   1.0000E+04
  Step    100/  1000  alive=   10000  CX=     0  EL=  3179
  Histogram output at step    100, weight_sum =   1.0000E+04
  Step    200/  1000  alive=   10000  CX=     0  EL=  3249
  Step    300/  1000  alive=   10000  CX=     0  EL=  3367
  Step    400/  1000  alive=   10000  CX=     0  EL=  3300
  Step    500/  1000  alive=   10000  CX=     0  EL=  3239
  Histogram output at step    500, weight_sum =   1.0000E+04
  Step    600/  1000  alive=   10000  CX=     0  EL=  3270
  Step    700/  1000  alive=   10000  CX=     0  EL=  3317
  Step    800/  1000  alive=   10000  CX=     0  EL=  3240
  Step    900/  1000  alive=   10000  CX=     0  EL=  3305
  Step   1000/  1000  alive=   10000  CX=     0  EL=  3203
Elapsed time:      34.0983 seconds

Simulation complete.

================================================================================
 Scoring Results (time-averaged) [W/m3]
================================================================================
                              EI              CX              EL           Total
          A(EL):                                    3.467977E+04                
             CL:    0.000000E+00    0.000000E+00   -2.265346E+06   -2.265346E+06
    CLInner(EL):                                    1.425418E+06                
             TR:    0.000000E+00    0.000000E+00   -2.288651E+06   -2.288651E+06
    TRInner(EL):                                   -5.054442E+05                
   TRPretab(EL):                                   -4.188490E+05                
================================================================================

==========================================
 Final Statistics
==========================================
  Alive particles  =      10000
  Total weight     =   10000.0000
  Mean energy      =       2.9277 eV
  Eff. temperature =       1.9518 eV
==========================================
  dE Histogram output (collect_time=  1.0000E-05 s)
