==========================================
 3D3V Non-Analog Monte Carlo Simulation
==========================================
  n_particles  =       1000
  n_steps      =       1000
  dt           =   1.0000E-08
  tl_el_inner  =         16
  enable_cx    = T
  enable_el    = T
  enable_ei    = F
  weight_min   =   1.0000E-10
  tl_el_table  = ../../tl_el_table_1e6.dat
  n_i          =   1.0000E+21
  T_i          =     2.00 eV
  T_e          =     2.00 eV
  T_init       =     2.00 eV
==========================================
 CDF file size:     497928 bytes
 CDF data points read:    23320
 CDF file loaded successfully.
   xs_mult(y):   1.0000E-04  1.0000E-06  1.0000E-06  1.0000E-08  1.0000E-10
   Sigma range [m^2]:   8.1600E-19 -   1.6604E-17
 TL EL pretab table loaded: ../../tl_el_table_1e6.dat
 nu_max/n_i = sigma_v_max =   8.2930E-12 [m^3/s]
 nu_max =   8.2930E+09 [1/s]

Starting simulation...
  Histogram output at step      1, weight_sum =   1.0000E+03
  Histogram output at step      2, weight_sum =   1.0000E+03
  Histogram output at step      3, weight_sum =   1.0000E+03
  Histogram output at step      5, weight_sum =   1.0000E+03
  Histogram output at step      7, weight_sum =   1.0000E+03
  Histogram output at step     10, weight_sum =   1.0000E+03
  Step    100/  1000  alive=    1000  CX=   138  EL=   372
  Step    200/  1000  alive=    1000  CX=   152  EL=   339
  Step    300/  1000  alive=    1000  CX=   133  EL=   335
  Step    400/  1000  alive=    1000  CX=   138  EL=   342
  Step    500/  1000  alive=    1000  CX=   123  EL=   342
  Step    600/  1000  alive=    1000  CX=   126  EL=   316
  Step    700/  1000  alive=    1000  CX=   136  EL=   324
  Step    800/  1000  alive=    1000  CX=   128  EL=   356
  Step    900/  1000  alive=    1000  CX=   123  EL=   361
  Step   1000/  1000  alive=    1000  CX=   123  EL=   318
Elapsed time:       3.3595 seconds

Simulation complete.

================================================================================
 Scoring Results (time-averaged) [W/m3]
================================================================================
                              EI              CX              EL           Total
          A(EL):                                   -2.064989E+05                
             CL:    0.000000E+00   -1.993301E+05    4.791395E+07    4.771462E+07
    CLInner(EL):                                    2.735814E+06                
             TR:    0.000000E+00    1.809438E+06    3.526110E+07    3.707054E+07
    TRInner(EL):                                    8.595798E+05                
   TRPretab(EL):                                    1.113791E+06                
================================================================================

==========================================
 Final Statistics
==========================================
  Alive particles  =       1000
  Total weight     =    1000.0000
  Mean energy      =       2.9573 eV
  Eff. temperature =       1.9716 eV
==========================================
  dE Histogram output (collect_time=  1.0000E-05 s)
