==========================================
 3D3V Non-Analog Monte Carlo Simulation
==========================================
  n_particles  =      10000
  n_steps      =       1000
  dt           =   1.0000E-08
  enable_cx    = T
  enable_el    = T
  enable_ei    = T
  weight_min   =   1.0000E-10
  n_i          =   1.0000E+21
  T_i          =     2.00 eV
  T_e          =     2.00 eV
  T_init       =     2.00 eV
==========================================
 CDF file size:     497928 bytes
 CDF data points read:    23320
 CDF file loaded successfully.
   xs_mult(y):   1.0000E-04  1.0000E-06  1.0000E-06  1.0000E-08  1.0000E-10
   Sigma range [m^2]:   8.1600E-19 -   1.6604E-17
 nu_max/n_i = sigma_v_max =   8.2930E-12 [m^3/s]
 nu_max =   8.2930E+09 [1/s]

Starting simulation...
  Histogram output at step      1, weight_sum =   9.9975E+03
  Histogram output at step     10, weight_sum =   9.9748E+03
  Histogram output at step     50, weight_sum =   9.8748E+03
  Step    100/  1000  alive=   10000  CX=  1313  EL=  3672
  Histogram output at step    100, weight_sum =   9.7512E+03
  Step    200/  1000  alive=   10000  CX=  1291  EL=  3671
  Step    300/  1000  alive=   10000  CX=  1266  EL=  3672
  Step    400/  1000  alive=   10000  CX=  1318  EL=  3661
  Step    500/  1000  alive=   10000  CX=  1273  EL=  3668
  Histogram output at step    500, weight_sum =   8.8165E+03
  Step    600/  1000  alive=   10000  CX=  1331  EL=  3773
  Step    700/  1000  alive=   10000  CX=  1349  EL=  3656
  Step    800/  1000  alive=   10000  CX=  1259  EL=  3740
  Step    900/  1000  alive=   10000  CX=  1306  EL=  3701
  Step   1000/  1000  alive=   10000  CX=  1358  EL=  3746
  Histogram output at step   1000, weight_sum =   7.7731E+03
Elapsed time:      51.6267 seconds

Simulation complete.

==========================================
 Scoring Results (time-averaged) [W/m3]
==========================================
          EI              CX              EL              Total
 CL:     5.346826E+05    2.917326E+05   -2.871700E+05    5.392452E+05
 TL:     5.344877E+05   -4.094482E+05   -3.697746E+05   -2.447351E+05
 TLLookup:     5.344877E+05   -4.094482E+05    3.028927E+07    3.041431E+07
==========================================

==========================================
 Final Statistics
==========================================
  Alive particles  =      10000
  Total weight     =    7773.1241
  Mean energy      =       3.0064 eV
  Eff. temperature =       2.0042 eV
==========================================
  dE Histogram output (collect_time=  1.0000E-05 s)
