==========================================
 3D3V Non-Analog Monte Carlo Simulation
==========================================
  n_particles  =       1000
  n_steps      =       1000
  dt           =   1.0000E-08
  tl_el_inner  =         16
  enable_cx    = T
  enable_el    = T
  enable_ei    = F
  weight_min   =   1.0000E-10
  tl_el_table  = ../../tl_el_table_1e6_fixedcdf.dat
  n_i          =   1.0000E+21
  T_i          =     2.00 eV
  T_e          =     2.00 eV
  T_init       =     2.00 eV
==========================================
 CDF file size:     549055 bytes
 CDF data points read:    23320
 CDF file loaded successfully.
   xs_mult(y):   1.0000E-04  1.0000E-06  1.0000E-06  1.0000E-08  1.0000E-10
   Sigma range [m^2]:   4.7826E-19 -   1.5414E-17
 TL EL pretab table loaded: ../../tl_el_table_1e6_fixedcdf.dat
 nu_max/n_i = sigma_v_max =   4.9903E-12 [m^3/s]
 nu_max =   4.9903E+09 [1/s]

Starting simulation...
  Histogram output at step      1, weight_sum =   1.0000E+03
  Histogram output at step      2, weight_sum =   1.0000E+03
  Histogram output at step      3, weight_sum =   1.0000E+03
  Histogram output at step      5, weight_sum =   1.0000E+03
  Histogram output at step      7, weight_sum =   1.0000E+03
  Histogram output at step     10, weight_sum =   1.0000E+03
  Step    100/  1000  alive=    1000  CX=   137  EL=   223
  Step    200/  1000  alive=    1000  CX=   137  EL=   212
  Step    300/  1000  alive=    1000  CX=   128  EL=   196
  Step    400/  1000  alive=    1000  CX=   130  EL=   192
  Step    500/  1000  alive=    1000  CX=   148  EL=   200
  Step    600/  1000  alive=    1000  CX=   139  EL=   209
  Step    700/  1000  alive=    1000  CX=   131  EL=   203
  Step    800/  1000  alive=    1000  CX=   135  EL=   197
  Step    900/  1000  alive=    1000  CX=   122  EL=   204
  Step   1000/  1000  alive=    1000  CX=   141  EL=   214
Elapsed time:       6.9882 seconds

Simulation complete.

================================================================================
 Scoring Results (time-averaged) [W/m3]
================================================================================
                              EI              CX              EL           Total
          A(EL):                                    1.023395E+04                
             CL:    0.000000E+00    5.178532E+05    5.184617E+06    5.702470E+06
    CLInner(EL):                                    1.059994E+03                
             TR:    0.000000E+00    1.776724E+05    4.022892E+06    4.200565E+06
    TRInner(EL):                                   -1.504337E+03                
   TRPretab(EL):                                    2.320372E+03                
================================================================================

==========================================
 Final Statistics
==========================================
  Alive particles  =       1000
  Total weight     =    1000.0000
  Mean energy      =       3.0129 eV
  Eff. temperature =       2.0086 eV
==========================================
  dE Histogram output (collect_time=  1.0000E-05 s)
