==========================================
 3D3V Non-Analog Monte Carlo Simulation
==========================================
  n_particles  =       1000
  n_steps      =       1000
  dt           =   1.0000E-08
  enable_cx    = T
  enable_el    = T
  enable_ei    = T
  weight_min   =   1.0000E-08
  n_i          =   1.0000E+21
  T_i          =     2.00 eV
  T_e          =     2.00 eV
  T_init       =     2.00 eV
==========================================
 Ensemble Run ID:           18 , Adjusted Base Seed:   1329422019
 CDF file size:     497928 bytes
 CDF data points read:    23320
 CDF file loaded successfully.
   Sigma range [m^2]:   8.1600E-19 -   1.6604E-17
 nu_max/n_i = sigma_v_max =   8.2930E-12 [m^3/s]
 nu_max =   8.2930E+09 [1/s]

Starting simulation...
  Histogram output at step      1, weight_sum =   9.9975E+02
  Histogram output at step     10, weight_sum =   9.9748E+02
  Histogram output at step     50, weight_sum =   9.8748E+02
  Step    100/  1000  alive=    1000  CX=   126  EL=   336
  Histogram output at step    100, weight_sum =   9.7512E+02
  Step    200/  1000  alive=    1000  CX=   117  EL=   327
  Step    300/  1000  alive=    1000  CX=   145  EL=   352
  Step    400/  1000  alive=    1000  CX=   125  EL=   358
  Step    500/  1000  alive=    1000  CX=   159  EL=   351
  Histogram output at step    500, weight_sum =   8.8165E+02
  Step    600/  1000  alive=    1000  CX=   116  EL=   348
  Step    700/  1000  alive=    1000  CX=   118  EL=   307
  Step    800/  1000  alive=    1000  CX=   135  EL=   283
  Step    900/  1000  alive=    1000  CX=   125  EL=   341
  Step   1000/  1000  alive=    1000  CX=   139  EL=   363
  Histogram output at step   1000, weight_sum =   7.7731E+02
Elapsed time:      10.7604 seconds

Simulation complete.

==========================================
 Scoring Results (time-averaged) [W/m3]
==========================================
          EI              CX              EL              Total
 CL:     5.349410E+05    4.946267E+05   -5.331332E+05    4.964345E+05
 TL:     5.348369E+05   -1.728658E+05   -4.401845E+04    3.179527E+05
==========================================

==========================================
 Final Statistics
==========================================
  Alive particles  =       1000
  Total weight     =     777.3124
  Mean energy      =       2.9945 eV
  Eff. temperature =       1.9963 eV
==========================================
  dE Histogram output (collect_time=  1.0000E-05 s)
