==========================================
 3D3V Non-Analog Monte Carlo Simulation
==========================================
  n_particles  =       5000
  n_steps      =       1000
  dt           =   1.0000E-08
  enable_cx    = T
  enable_el    = T
  enable_ei    = T
  weight_min   =   1.0000E-08
  n_i          =   1.0000E+21
  T_i          =     2.00 eV
  T_e          =     2.00 eV
  T_init       =     2.00 eV
==========================================
 Ensemble Run ID:           24 , Adjusted Base Seed:   1772558577
 CDF file size:     497928 bytes
 CDF data points read:    23320
 CDF file loaded successfully.
   Sigma range [m^2]:   8.1600E-19 -   1.6604E-17
 nu_max/n_i = sigma_v_max =   8.2930E-12 [m^3/s]
 nu_max =   8.2930E+09 [1/s]

Starting simulation...
  Histogram output at step      1, weight_sum =   4.9987E+03
  Histogram output at step     10, weight_sum =   4.9874E+03
  Histogram output at step     50, weight_sum =   4.9374E+03
  Step    100/  1000  alive=    5000  CX=   672  EL=  1669
  Histogram output at step    100, weight_sum =   4.8756E+03
  Step    200/  1000  alive=    5000  CX=   655  EL=  1709
  Step    300/  1000  alive=    5000  CX=   697  EL=  1746
  Step    400/  1000  alive=    5000  CX=   625  EL=  1613
  Step    500/  1000  alive=    5000  CX=   663  EL=  1683
  Histogram output at step    500, weight_sum =   4.4083E+03
  Step    600/  1000  alive=    5000  CX=   632  EL=  1703
  Step    700/  1000  alive=    5000  CX=   641  EL=  1703
  Step    800/  1000  alive=    5000  CX=   702  EL=  1650
  Step    900/  1000  alive=    5000  CX=   652  EL=  1647
  Step   1000/  1000  alive=    5000  CX=   704  EL=  1640
  Histogram output at step   1000, weight_sum =   3.8866E+03
Elapsed time:      23.6397 seconds

Simulation complete.

==========================================
 Scoring Results (time-averaged) [W/m3]
==========================================
          EI              CX              EL              Total
 CL:     5.354608E+05    5.644472E+05   -5.256586E+05    5.742494E+05
 TL:     5.355539E+05    3.157220E+05    2.624267E+05    1.113703E+06
==========================================

==========================================
 Final Statistics
==========================================
  Alive particles  =       5000
  Total weight     =    3886.5620
  Mean energy      =       3.0223 eV
  Eff. temperature =       2.0149 eV
==========================================
  dE Histogram output (collect_time=  1.0000E-05 s)
