==========================================
 3D3V Non-Analog Monte Carlo Simulation
==========================================
  n_particles  =       1000
  n_steps      =       1000
  dt           =   1.0000E-08
  tl_el_inner  =         16
  enable_cx    = T
  enable_el    = T
  enable_ei    = F
  weight_min   =   1.0000E-10
  tl_el_table  = ../../tl_el_table_1e6.dat
  n_i          =   1.0000E+21
  T_i          =     2.00 eV
  T_e          =     2.00 eV
  T_init       =     2.00 eV
==========================================
 CDF file size:     497928 bytes
 CDF data points read:    23320
 CDF file loaded successfully.
   xs_mult(y):   1.0000E-04  1.0000E-06  1.0000E-06  1.0000E-08  1.0000E-10
   Sigma range [m^2]:   8.1600E-19 -   1.6604E-17
 TL EL pretab table loaded: ../../tl_el_table_1e6.dat
 nu_max/n_i = sigma_v_max =   8.2930E-12 [m^3/s]
 nu_max =   8.2930E+09 [1/s]

Starting simulation...
  Histogram output at step      1, weight_sum =   1.0000E+03
  Histogram output at step      2, weight_sum =   1.0000E+03
  Histogram output at step      3, weight_sum =   1.0000E+03
  Histogram output at step      5, weight_sum =   1.0000E+03
  Histogram output at step      7, weight_sum =   1.0000E+03
  Histogram output at step     10, weight_sum =   1.0000E+03
  Step    100/  1000  alive=    1000  CX=   135  EL=   293
  Step    200/  1000  alive=    1000  CX=   108  EL=   344
  Step    300/  1000  alive=    1000  CX=   139  EL=   344
  Step    400/  1000  alive=    1000  CX=   164  EL=   339
  Step    500/  1000  alive=    1000  CX=   121  EL=   358
  Step    600/  1000  alive=    1000  CX=   121  EL=   298
  Step    700/  1000  alive=    1000  CX=   122  EL=   309
  Step    800/  1000  alive=    1000  CX=   132  EL=   319
  Step    900/  1000  alive=    1000  CX=   123  EL=   313
  Step   1000/  1000  alive=    1000  CX=   133  EL=   316
Elapsed time:       3.4174 seconds

Simulation complete.

================================================================================
 Scoring Results (time-averaged) [W/m3]
================================================================================
                              EI              CX              EL           Total
          A(EL):                                    9.017668E+05                
             CL:    0.000000E+00   -8.175669E+05    4.625321E+07    4.543564E+07
    CLInner(EL):                                    1.484411E+06                
             TR:    0.000000E+00   -1.368897E+06    3.376627E+07    3.239738E+07
    TRInner(EL):                                   -6.414744E+05                
   TRPretab(EL):                                   -6.516640E+05                
================================================================================

==========================================
 Final Statistics
==========================================
  Alive particles  =       1000
  Total weight     =    1000.0000
  Mean energy      =       3.0587 eV
  Eff. temperature =       2.0391 eV
==========================================
  dE Histogram output (collect_time=  1.0000E-05 s)
