==========================================
 3D3V Non-Analog Monte Carlo Simulation
==========================================
  n_particles  =      10000
  n_steps      =       1000
  dt           =   1.0000E-08
  enable_cx    = T
  enable_el    = T
  enable_ei    = T
  weight_min   =   1.0000E-08
  n_i          =   1.0000E+21
  T_i          =     2.00 eV
  T_e          =     2.00 eV
  T_init       =     2.00 eV
==========================================
 Ensemble Run ID:            3 , Adjusted Base Seed:    221580624
 CDF file size:     497928 bytes
 CDF data points read:    23320
 CDF file loaded successfully.
   Sigma range [m^2]:   8.1600E-19 -   1.6604E-17
 nu_max/n_i = sigma_v_max =   8.2930E-12 [m^3/s]
 nu_max =   8.2930E+09 [1/s]

Starting simulation...
  Histogram output at step      1, weight_sum =   9.9975E+03
  Histogram output at step     10, weight_sum =   9.9748E+03
  Histogram output at step     50, weight_sum =   9.8748E+03
  Step    100/  1000  alive=   10000  CX=  1372  EL=  3248
  Histogram output at step    100, weight_sum =   9.7512E+03
  Step    200/  1000  alive=   10000  CX=  1344  EL=  3342
  Step    300/  1000  alive=   10000  CX=  1332  EL=  3406
  Step    400/  1000  alive=   10000  CX=  1334  EL=  3303
  Step    500/  1000  alive=   10000  CX=  1340  EL=  3358
  Histogram output at step    500, weight_sum =   8.8165E+03
  Step    600/  1000  alive=   10000  CX=  1386  EL=  3380
  Step    700/  1000  alive=   10000  CX=  1346  EL=  3193
  Step    800/  1000  alive=   10000  CX=  1327  EL=  3343
  Step    900/  1000  alive=   10000  CX=  1335  EL=  3291
  Step   1000/  1000  alive=   10000  CX=  1371  EL=  3171
  Histogram output at step   1000, weight_sum =   7.7731E+03
Elapsed time:      89.0883 seconds

Simulation complete.

==========================================
 Scoring Results (time-averaged) [W/m3]
==========================================
          EI              CX              EL              Total
 CL:     5.356105E+05   -1.729244E+04    2.771885E+04    5.460369E+05
 TL:     5.352249E+05    2.558943E+04    4.164312E+04    6.024574E+05
==========================================

==========================================
 Final Statistics
==========================================
  Alive particles  =      10000
  Total weight     =    7773.1241
  Mean energy      =       3.0219 eV
  Eff. temperature =       2.0146 eV
==========================================
  dE Histogram output (collect_time=  1.0000E-05 s)
