==========================================
 3D3V Non-Analog Monte Carlo Simulation
==========================================
  n_particles  =      10000
  n_steps      =       1000
  dt           =   1.0000E-08
  tl_el_inner  =         16
  enable_cx    = T
  enable_el    = T
  enable_ei    = F
  weight_min   =   1.0000E-10
  tl_el_table  = ../../tl_el_table_1e6.dat
  n_i          =   1.0000E+21
  T_i          =     2.00 eV
  T_e          =     2.00 eV
  T_init       =     2.00 eV
==========================================
 CDF file size:     497928 bytes
 CDF data points read:    23320
 CDF file loaded successfully.
   xs_mult(y):   1.0000E-04  1.0000E-06  1.0000E-06  1.0000E-08  1.0000E-10
   Sigma range [m^2]:   8.1600E-19 -   1.6604E-17
 TL EL pretab table loaded: ../../tl_el_table_1e6.dat
 nu_max/n_i = sigma_v_max =   8.2930E-12 [m^3/s]
 nu_max =   8.2930E+09 [1/s]

Starting simulation...
  Histogram output at step      1, weight_sum =   1.0000E+04
  Histogram output at step      2, weight_sum =   1.0000E+04
  Histogram output at step      3, weight_sum =   1.0000E+04
  Histogram output at step      5, weight_sum =   1.0000E+04
  Histogram output at step      7, weight_sum =   1.0000E+04
  Histogram output at step     10, weight_sum =   1.0000E+04
  Step    100/  1000  alive=   10000  CX=  1331  EL=  3202
  Step    200/  1000  alive=   10000  CX=  1274  EL=  3331
  Step    300/  1000  alive=   10000  CX=  1266  EL=  3346
  Step    400/  1000  alive=   10000  CX=  1312  EL=  3346
  Step    500/  1000  alive=   10000  CX=  1305  EL=  3307
  Step    600/  1000  alive=   10000  CX=  1364  EL=  3217
  Step    700/  1000  alive=   10000  CX=  1330  EL=  3354
  Step    800/  1000  alive=   10000  CX=  1395  EL=  3290
  Step    900/  1000  alive=   10000  CX=  1319  EL=  3244
  Step   1000/  1000  alive=   10000  CX=  1342  EL=  3312
Elapsed time:      62.8910 seconds

Simulation complete.

================================================================================
 Scoring Results (time-averaged) [W/m3]
================================================================================
                              EI              CX              EL           Total
          A(EL):                                    1.654292E+05                
             CL:    0.000000E+00    2.468346E+05    4.749731E+07    4.774415E+07
    CLInner(EL):                                    2.412178E+06                
             TR:    0.000000E+00    5.711129E+05    3.486963E+07    3.544074E+07
    TRInner(EL):                                    4.907434E+05                
   TRPretab(EL):                                    6.372847E+05                
================================================================================

==========================================
 Final Statistics
==========================================
  Alive particles  =      10000
  Total weight     =   10000.0000
  Mean energy      =       3.0125 eV
  Eff. temperature =       2.0083 eV
==========================================
  dE Histogram output (collect_time=  1.0000E-05 s)
