==========================================
 3D3V Non-Analog Monte Carlo Simulation
==========================================
  n_particles  =      10000
  n_steps      =       1000
  dt           =   1.0000E-08
  tl_el_inner  =         16
  enable_cx    = T
  enable_el    = T
  enable_ei    = F
  weight_min   =   1.0000E-10
  tl_el_table  = ../../tl_el_table_1e6.dat
  n_i          =   1.0000E+21
  T_i          =     2.00 eV
  T_e          =     2.00 eV
  T_init       =     2.00 eV
==========================================
 CDF file size:     497928 bytes
 CDF data points read:    23320
 CDF file loaded successfully.
   xs_mult(y):   1.0000E-04  1.0000E-06  1.0000E-06  1.0000E-08  1.0000E-10
   Sigma range [m^2]:   8.1600E-19 -   1.6604E-17
 TL EL pretab table loaded: ../../tl_el_table_1e6.dat
 nu_max/n_i = sigma_v_max =   8.2930E-12 [m^3/s]
 nu_max =   8.2930E+09 [1/s]

Starting simulation...
  Histogram output at step      1, weight_sum =   1.0000E+04
  Histogram output at step      2, weight_sum =   1.0000E+04
  Histogram output at step      3, weight_sum =   1.0000E+04
  Histogram output at step      5, weight_sum =   1.0000E+04
  Histogram output at step      7, weight_sum =   1.0000E+04
  Histogram output at step     10, weight_sum =   1.0000E+04
  Step    100/  1000  alive=   10000  CX=  1347  EL=  3370
  Step    200/  1000  alive=   10000  CX=  1339  EL=  3413
  Step    300/  1000  alive=   10000  CX=  1301  EL=  3245
  Step    400/  1000  alive=   10000  CX=  1329  EL=  3272
  Step    500/  1000  alive=   10000  CX=  1376  EL=  3363
  Step    600/  1000  alive=   10000  CX=  1306  EL=  3259
  Step    700/  1000  alive=   10000  CX=  1337  EL=  3286
  Step    800/  1000  alive=   10000  CX=  1322  EL=  3268
  Step    900/  1000  alive=   10000  CX=  1329  EL=  3352
  Step   1000/  1000  alive=   10000  CX=  1352  EL=  3213
Elapsed time:      76.5702 seconds

Simulation complete.

================================================================================
 Scoring Results (time-averaged) [W/m3]
================================================================================
                              EI              CX              EL           Total
          A(EL):                                   -1.747147E+04                
             CL:    0.000000E+00   -4.372138E+05    4.686292E+07    4.642571E+07
    CLInner(EL):                                    1.611255E+06                
             TR:    0.000000E+00   -3.684320E+05    3.434029E+07    3.397186E+07
    TRInner(EL):                                   -4.944296E+05                
   TRPretab(EL):                                   -6.578538E+03                
================================================================================

==========================================
 Final Statistics
==========================================
  Alive particles  =      10000
  Total weight     =   10000.0000
  Mean energy      =       2.9993 eV
  Eff. temperature =       1.9995 eV
==========================================
  dE Histogram output (collect_time=  1.0000E-05 s)
