==========================================
 3D3V Non-Analog Monte Carlo Simulation
==========================================
  n_particles  =        500
  n_steps      =       1000
  dt           =   1.0000E-08
  enable_cx    = T
  enable_el    = T
  enable_ei    = T
  weight_min   =   1.0000E-08
  n_i          =   1.0000E+21
  T_i          =     2.00 eV
  T_e          =     2.00 eV
  T_init       =     2.00 eV
==========================================
 Ensemble Run ID:           20 , Adjusted Base Seed:   1477134205
 CDF file size:     497928 bytes
 CDF data points read:    23320
 CDF file loaded successfully.
   Sigma range [m^2]:   8.1600E-19 -   1.6604E-17
 nu_max/n_i = sigma_v_max =   8.2930E-12 [m^3/s]
 nu_max =   8.2930E+09 [1/s]

Starting simulation...
  Histogram output at step      1, weight_sum =   4.9987E+02
  Histogram output at step     10, weight_sum =   4.9874E+02
  Histogram output at step     50, weight_sum =   4.9374E+02
  Step    100/  1000  alive=     500  CX=    63  EL=   168
  Histogram output at step    100, weight_sum =   4.8756E+02
  Step    200/  1000  alive=     500  CX=    62  EL=   165
  Step    300/  1000  alive=     500  CX=    60  EL=   182
  Step    400/  1000  alive=     500  CX=    53  EL=   176
  Step    500/  1000  alive=     500  CX=    54  EL=   160
  Histogram output at step    500, weight_sum =   4.4083E+02
  Step    600/  1000  alive=     500  CX=    75  EL=   178
  Step    700/  1000  alive=     500  CX=    63  EL=   149
  Step    800/  1000  alive=     500  CX=    55  EL=   135
  Step    900/  1000  alive=     500  CX=    54  EL=   169
  Step   1000/  1000  alive=     500  CX=    67  EL=   157
  Histogram output at step   1000, weight_sum =   3.8866E+02
Elapsed time:       7.1744 seconds

Simulation complete.

==========================================
 Scoring Results (time-averaged) [W/m3]
==========================================
          EI              CX              EL              Total
 CL:     5.336592E+05    8.085193E+05   -8.947721E+05    4.474064E+05
 TL:     5.333563E+05   -1.284182E+06   -7.248063E+05   -1.475632E+06
==========================================

==========================================
 Final Statistics
==========================================
  Alive particles  =        500
  Total weight     =     388.6562
  Mean energy      =       3.0612 eV
  Eff. temperature =       2.0408 eV
==========================================
  dE Histogram output (collect_time=  1.0000E-05 s)
