==========================================
 3D3V Non-Analog Monte Carlo Simulation
==========================================
  n_particles  =     100000
  n_steps      =       1000
  dt           =   1.0000E-08
  enable_cx    = T
  enable_el    = T
  enable_ei    = T
  weight_min   =   1.0000E-10
  n_i          =   1.0000E+21
  T_i          =     2.00 eV
  T_e          =     2.00 eV
  T_init       =     2.00 eV
==========================================
 CDF file size:     497928 bytes
 CDF data points read:    23320
 CDF file loaded successfully.
   xs_mult(y):   1.0000E-04  1.0000E-06  1.0000E-06  1.0000E-08  1.0000E-10
   Sigma range [m^2]:   8.1600E-19 -   1.6604E-17
 nu_max/n_i = sigma_v_max =   8.2930E-12 [m^3/s]
 nu_max =   8.2930E+09 [1/s]

Starting simulation...
  Histogram output at step      1, weight_sum =   9.9975E+04
  Histogram output at step     10, weight_sum =   9.9748E+04
  Histogram output at step     50, weight_sum =   9.8748E+04
  Step    100/  1000  alive=  100000  CX= 13021  EL= 37014
  Histogram output at step    100, weight_sum =   9.7512E+04
  Step    200/  1000  alive=  100000  CX= 13123  EL= 36614
  Step    300/  1000  alive=  100000  CX= 13121  EL= 36899
  Step    400/  1000  alive=  100000  CX= 12991  EL= 36924
  Step    500/  1000  alive=  100000  CX= 13036  EL= 36771
  Histogram output at step    500, weight_sum =   8.8165E+04
  Step    600/  1000  alive=  100000  CX= 13077  EL= 37186
  Step    700/  1000  alive=  100000  CX= 13206  EL= 37014
  Step    800/  1000  alive=  100000  CX= 13271  EL= 36848
  Step    900/  1000  alive=  100000  CX= 13224  EL= 36511
  Step   1000/  1000  alive=  100000  CX= 13161  EL= 36743
  Histogram output at step   1000, weight_sum =   7.7731E+04
Elapsed time:     584.9142 seconds

Simulation complete.

==========================================
 Scoring Results (time-averaged) [W/m3]
==========================================
          EI              CX              EL              Total
 CL:     5.351169E+05    3.270249E+04   -3.635902E+04    5.314604E+05
 TL:     5.351179E+05   -7.909491E+04   -1.887239E+05    2.672991E+05
 TLLookup:     5.351179E+05   -7.909491E+04    3.053863E+07    3.099465E+07
==========================================

==========================================
 Final Statistics
==========================================
  Alive particles  =     100000
  Total weight     =   77731.2409
  Mean energy      =       2.9978 eV
  Eff. temperature =       1.9985 eV
==========================================
  dE Histogram output (collect_time=  1.0000E-05 s)
