==========================================
 3D3V Non-Analog Monte Carlo Simulation
==========================================
  n_particles  =        500
  n_steps      =       1000
  dt           =   1.0000E-08
  enable_cx    = T
  enable_el    = T
  enable_ei    = T
  weight_min   =   1.0000E-08
  n_i          =   1.0000E+21
  T_i          =     2.00 eV
  T_e          =     2.00 eV
  T_init       =     2.00 eV
==========================================
 Ensemble Run ID:           24 , Adjusted Base Seed:   1772558577
 CDF file size:     497928 bytes
 CDF data points read:    23320
 CDF file loaded successfully.
   Sigma range [m^2]:   8.1600E-19 -   1.6604E-17
 nu_max/n_i = sigma_v_max =   8.2930E-12 [m^3/s]
 nu_max =   8.2930E+09 [1/s]

Starting simulation...
  Histogram output at step      1, weight_sum =   4.9987E+02
  Histogram output at step     10, weight_sum =   4.9874E+02
  Histogram output at step     50, weight_sum =   4.9374E+02
  Step    100/  1000  alive=     500  CX=    61  EL=   184
  Histogram output at step    100, weight_sum =   4.8756E+02
  Step    200/  1000  alive=     500  CX=    69  EL=   161
  Step    300/  1000  alive=     500  CX=    70  EL=   182
  Step    400/  1000  alive=     500  CX=    60  EL=   174
  Step    500/  1000  alive=     500  CX=    69  EL=   188
  Histogram output at step    500, weight_sum =   4.4083E+02
  Step    600/  1000  alive=     500  CX=    51  EL=   150
  Step    700/  1000  alive=     500  CX=    53  EL=   203
  Step    800/  1000  alive=     500  CX=    72  EL=   165
  Step    900/  1000  alive=     500  CX=    58  EL=   168
  Step   1000/  1000  alive=     500  CX=    63  EL=   168
  Histogram output at step   1000, weight_sum =   3.8866E+02
Elapsed time:       4.4585 seconds

Simulation complete.

==========================================
 Scoring Results (time-averaged) [W/m3]
==========================================
          EI              CX              EL              Total
 CL:     5.362902E+05    2.746532E+05   -3.216384E+05    4.893050E+05
 TL:     5.356969E+05    3.911823E+05    2.946228E+05    1.221502E+06
==========================================

==========================================
 Final Statistics
==========================================
  Alive particles  =        500
  Total weight     =     388.6562
  Mean energy      =       3.0550 eV
  Eff. temperature =       2.0366 eV
==========================================
  dE Histogram output (collect_time=  1.0000E-05 s)
