==========================================
 3D3V Non-Analog Monte Carlo Simulation
==========================================
  n_particles  =      10000
  n_steps      =       1000
  dt           =   1.0000E-08
  tl_el_inner  =         16
  enable_cx    = T
  enable_el    = T
  enable_ei    = F
  weight_min   =   1.0000E-10
  tl_el_table  = ../../tl_el_table_1e6.dat
  n_i          =   1.0000E+21
  T_i          =     2.00 eV
  T_e          =     2.00 eV
  T_init       =     2.00 eV
==========================================
 CDF file size:     497928 bytes
 CDF data points read:    23320
 CDF file loaded successfully.
   xs_mult(y):   1.0000E-04  1.0000E-06  1.0000E-06  1.0000E-08  1.0000E-10
   Sigma range [m^2]:   8.1600E-19 -   1.6604E-17
 TL EL pretab table loaded: ../../tl_el_table_1e6.dat
 nu_max/n_i = sigma_v_max =   8.2930E-12 [m^3/s]
 nu_max =   8.2930E+09 [1/s]

Starting simulation...
  Histogram output at step      1, weight_sum =   1.0000E+04
  Histogram output at step      2, weight_sum =   1.0000E+04
  Histogram output at step      3, weight_sum =   1.0000E+04
  Histogram output at step      5, weight_sum =   1.0000E+04
  Histogram output at step      7, weight_sum =   1.0000E+04
  Histogram output at step     10, weight_sum =   1.0000E+04
  Step    100/  1000  alive=   10000  CX=  1351  EL=  3253
  Step    200/  1000  alive=   10000  CX=  1369  EL=  3262
  Step    300/  1000  alive=   10000  CX=  1294  EL=  3232
  Step    400/  1000  alive=   10000  CX=  1306  EL=  3206
  Step    500/  1000  alive=   10000  CX=  1321  EL=  3278
  Step    600/  1000  alive=   10000  CX=  1303  EL=  3230
  Step    700/  1000  alive=   10000  CX=  1314  EL=  3310
  Step    800/  1000  alive=   10000  CX=  1306  EL=  3324
  Step    900/  1000  alive=   10000  CX=  1327  EL=  3210
  Step   1000/  1000  alive=   10000  CX=  1361  EL=  3373
Elapsed time:      46.6014 seconds

Simulation complete.

================================================================================
 Scoring Results (time-averaged) [W/m3]
================================================================================
                              EI              CX              EL           Total
          A(EL):                                    5.161234E+04                
             CL:    0.000000E+00   -1.440007E+05    4.706592E+07    4.692192E+07
    CLInner(EL):                                    1.997785E+06                
             TR:    0.000000E+00   -2.378647E+05    3.450561E+07    3.426775E+07
    TRInner(EL):                                    3.648430E+04                
   TRPretab(EL):                                    2.107601E+05                
================================================================================

==========================================
 Final Statistics
==========================================
  Alive particles  =      10000
  Total weight     =   10000.0000
  Mean energy      =       3.0154 eV
  Eff. temperature =       2.0103 eV
==========================================
  dE Histogram output (collect_time=  1.0000E-05 s)
