==========================================
 3D3V Non-Analog Monte Carlo Simulation
==========================================
  n_particles  =      10000
  n_steps      =       1000
  dt           =   1.0000E-08
  tl_el_inner  =         16
  enable_cx    = T
  enable_el    = T
  enable_ei    = T
  weight_min   =   1.0000E-10
  tl_el_table  = ../../tl_el_table.dat
  n_i          =   1.0000E+21
  T_i          =     2.00 eV
  T_e          =     2.00 eV
  T_init       =     2.00 eV
==========================================
 CDF file size:     497928 bytes
 CDF data points read:    23320
 CDF file loaded successfully.
   xs_mult(y):   1.0000E-04  1.0000E-06  1.0000E-06  1.0000E-08  1.0000E-10
   Sigma range [m^2]:   8.1600E-19 -   1.6604E-17
 TL EL pretab table loaded: ../../tl_el_table.dat
 nu_max/n_i = sigma_v_max =   8.2930E-12 [m^3/s]
 nu_max =   8.2930E+09 [1/s]

Starting simulation...
  Histogram output at step      1, weight_sum =   9.9975E+03
  Histogram output at step     10, weight_sum =   9.9748E+03
  Histogram output at step     50, weight_sum =   9.8748E+03
  Step    100/  1000  alive=   10000  CX=  1301  EL=  3733
  Histogram output at step    100, weight_sum =   9.7512E+03
  Step    200/  1000  alive=   10000  CX=  1341  EL=  3635
  Step    300/  1000  alive=   10000  CX=  1332  EL=  3690
  Step    400/  1000  alive=   10000  CX=  1349  EL=  3664
  Step    500/  1000  alive=   10000  CX=  1371  EL=  3760
  Histogram output at step    500, weight_sum =   8.8165E+03
  Step    600/  1000  alive=   10000  CX=  1300  EL=  3724
  Step    700/  1000  alive=   10000  CX=  1324  EL=  3803
  Step    800/  1000  alive=   10000  CX=  1405  EL=  3716
  Step    900/  1000  alive=   10000  CX=  1318  EL=  3572
  Step   1000/  1000  alive=   10000  CX=  1284  EL=  3694
  Histogram output at step   1000, weight_sum =   7.7731E+03
Elapsed time:      59.9151 seconds

Simulation complete.

==========================================
 Scoring Results (time-averaged) [W/m3]
==========================================
          EI              CX              EL              Total
 A(EL):     1.240781E+05
 CL:     5.352386E+05   -2.077039E+05    9.208317E+07    9.241070E+07
 CLInner(EL):     1.792199E+06
 TR:     5.352527E+05    4.440257E+04    6.047193E+07    6.105159E+07
 TRInner(EL):     4.117999E+04
 TRPretab(EL):     2.877748E+05
==========================================

==========================================
 Final Statistics
==========================================
  Alive particles  =      10000
  Total weight     =    7773.1241
  Mean energy      =       3.0037 eV
  Eff. temperature =       2.0024 eV
==========================================
  dE Histogram output (collect_time=  1.0000E-05 s)
