==========================================
 3D3V Non-Analog Monte Carlo Simulation
==========================================
  n_particles  =       1000
  n_steps      =       1000
  dt           =   1.0000E-08
  tl_el_inner  =         16
  enable_cx    = T
  enable_el    = T
  enable_ei    = F
  weight_min   =   1.0000E-10
  tl_el_table  = ../../tl_el_table_1e6.dat
  n_i          =   1.0000E+21
  T_i          =     2.00 eV
  T_e          =     2.00 eV
  T_init       =     2.00 eV
==========================================
 CDF file size:     497928 bytes
 CDF data points read:    23320
 CDF file loaded successfully.
   xs_mult(y):   1.0000E-04  1.0000E-06  1.0000E-06  1.0000E-08  1.0000E-10
   Sigma range [m^2]:   8.1600E-19 -   1.6604E-17
 TL EL pretab table loaded: ../../tl_el_table_1e6.dat
 nu_max/n_i = sigma_v_max =   8.2930E-12 [m^3/s]
 nu_max =   8.2930E+09 [1/s]

Starting simulation...
  Histogram output at step      1, weight_sum =   1.0000E+03
  Histogram output at step      2, weight_sum =   1.0000E+03
  Histogram output at step      3, weight_sum =   1.0000E+03
  Histogram output at step      5, weight_sum =   1.0000E+03
  Histogram output at step      7, weight_sum =   1.0000E+03
  Histogram output at step     10, weight_sum =   1.0000E+03
  Step    100/  1000  alive=    1000  CX=   124  EL=   305
  Step    200/  1000  alive=    1000  CX=   143  EL=   302
  Step    300/  1000  alive=    1000  CX=   142  EL=   360
  Step    400/  1000  alive=    1000  CX=   143  EL=   336
  Step    500/  1000  alive=    1000  CX=   133  EL=   330
  Step    600/  1000  alive=    1000  CX=   138  EL=   329
  Step    700/  1000  alive=    1000  CX=   134  EL=   305
  Step    800/  1000  alive=    1000  CX=   118  EL=   342
  Step    900/  1000  alive=    1000  CX=   127  EL=   351
  Step   1000/  1000  alive=    1000  CX=   126  EL=   339
Elapsed time:       5.4382 seconds

Simulation complete.

================================================================================
 Scoring Results (time-averaged) [W/m3]
================================================================================
                              EI              CX              EL           Total
          A(EL):                                    9.899645E+05                
             CL:    0.000000E+00    6.913553E+04    4.772582E+07    4.779496E+07
    CLInner(EL):                                    2.428350E+06                
             TR:    0.000000E+00    2.161680E+06    3.521718E+07    3.737886E+07
    TRInner(EL):                                    5.281790E+05                
   TRPretab(EL):                                    1.011337E+06                
================================================================================

==========================================
 Final Statistics
==========================================
  Alive particles  =       1000
  Total weight     =    1000.0000
  Mean energy      =       3.0874 eV
  Eff. temperature =       2.0583 eV
==========================================
  dE Histogram output (collect_time=  1.0000E-05 s)
