==========================================
 3D3V Non-Analog Monte Carlo Simulation
==========================================
  n_particles  =       1000
  n_steps      =       1000
  dt           =   1.0000E-08
  tl_el_inner  =         16
  enable_cx    = T
  enable_el    = T
  enable_ei    = T
  weight_min   =   1.0000E-10
  tl_el_table  = ../../tl_el_table_fixedcdf.dat
  n_i          =   1.0000E+21
  T_i          =     2.00 eV
  T_e          =     2.00 eV
  T_init       =     2.00 eV
==========================================
 CDF file size:     549055 bytes
 CDF data points read:    23320
 CDF file loaded successfully.
   xs_mult(y):   1.0000E-04  1.0000E-06  1.0000E-06  1.0000E-08  1.0000E-10
   Sigma range [m^2]:   4.7826E-19 -   1.5414E-17
 TL EL pretab table loaded: ../../tl_el_table_fixedcdf.dat
 nu_max/n_i = sigma_v_max =   4.9903E-12 [m^3/s]
 nu_max =   4.9903E+09 [1/s]

Starting simulation...
  Histogram output at step      1, weight_sum =   9.9975E+02
  Histogram output at step     10, weight_sum =   9.9748E+02
  Histogram output at step     50, weight_sum =   9.8748E+02
  Step    100/  1000  alive=    1000  CX=   136  EL=   233
  Histogram output at step    100, weight_sum =   9.7512E+02
  Step    200/  1000  alive=    1000  CX=   134  EL=   244
  Step    300/  1000  alive=    1000  CX=   119  EL=   230
  Step    400/  1000  alive=    1000  CX=   141  EL=   218
  Step    500/  1000  alive=    1000  CX=   125  EL=   222
  Histogram output at step    500, weight_sum =   8.8165E+02
  Step    600/  1000  alive=    1000  CX=   139  EL=   235
  Step    700/  1000  alive=    1000  CX=   143  EL=   201
  Step    800/  1000  alive=    1000  CX=   139  EL=   230
  Step    900/  1000  alive=    1000  CX=   135  EL=   248
  Step   1000/  1000  alive=    1000  CX=   123  EL=   230
  Histogram output at step   1000, weight_sum =   7.7731E+02
Elapsed time:       5.9057 seconds

Simulation complete.

==========================================
 Scoring Results (time-averaged) [W/m3]
==========================================
          EI              CX              EL              Total
 A(EL):     7.730206E+04
 CL:     5.354977E+05   -4.806653E+05    1.122651E+07    1.128134E+07
 CLInner(EL):     7.674966E+03
 TR:     5.345587E+05    5.489882E+05    7.724931E+06    8.808478E+06
 TRInner(EL):     2.850003E+03
 TRPretab(EL):    -3.896406E+03
==========================================

==========================================
 Final Statistics
==========================================
  Alive particles  =       1000
  Total weight     =     777.3124
  Mean energy      =       3.0902 eV
  Eff. temperature =       2.0601 eV
==========================================
  dE Histogram output (collect_time=  1.0000E-05 s)
