==========================================
 3D3V Non-Analog Monte Carlo Simulation
==========================================
  n_particles  =         10
  n_steps      =       1000
  dt           =   1.0000E-08
  tl_el_inner  =         16
  enable_cx    = T
  enable_el    = T
  enable_ei    = T
  weight_min   =   1.0000E-10
  tl_el_table  = ../../tl_el_table_fixedcdf.dat
  n_i          =   1.0000E+21
  T_i          =     2.00 eV
  T_e          =     2.00 eV
  T_init       =     2.00 eV
==========================================
 CDF file size:     549055 bytes
 CDF data points read:    23320
 CDF file loaded successfully.
   xs_mult(y):   1.0000E-04  1.0000E-06  1.0000E-06  1.0000E-08  1.0000E-10
   Sigma range [m^2]:   4.7826E-19 -   1.5414E-17
 TL EL pretab table loaded: ../../tl_el_table_fixedcdf.dat
 nu_max/n_i = sigma_v_max =   4.9903E-12 [m^3/s]
 nu_max =   4.9903E+09 [1/s]

Starting simulation...
  Histogram output at step      1, weight_sum =   9.9975E+00
  Histogram output at step     10, weight_sum =   9.9748E+00
  Histogram output at step     50, weight_sum =   9.8748E+00
  Step    100/  1000  alive=      10  CX=     1  EL=     3
  Histogram output at step    100, weight_sum =   9.7512E+00
  Step    200/  1000  alive=      10  CX=     1  EL=     1
  Step    300/  1000  alive=      10  CX=     3  EL=     1
  Step    400/  1000  alive=      10  CX=     1  EL=     3
  Step    500/  1000  alive=      10  CX=     3  EL=     4
  Histogram output at step    500, weight_sum =   8.8165E+00
  Step    600/  1000  alive=      10  CX=     1  EL=     3
  Step    700/  1000  alive=      10  CX=     0  EL=     1
  Step    800/  1000  alive=      10  CX=     0  EL=     1
  Step    900/  1000  alive=      10  CX=     2  EL=     0
  Step   1000/  1000  alive=      10  CX=     0  EL=     0
  Histogram output at step   1000, weight_sum =   7.7731E+00
Elapsed time:       0.6067 seconds

Simulation complete.

==========================================
 Scoring Results (time-averaged) [W/m3]
==========================================
          EI              CX              EL              Total
 A(EL):     2.019741E+04
 CL:     5.643620E+05    9.933686E+06    1.213626E+07    2.263430E+07
 CLInner(EL):     1.453740E+04
 TR:     5.570494E+05    9.253221E+06    8.333279E+06    1.814355E+07
 TRInner(EL):     6.411249E+03
 TRPretab(EL):     1.712979E+04
==========================================

==========================================
 Final Statistics
==========================================
  Alive particles  =         10
  Total weight     =       7.7731
  Mean energy      =       5.1352 eV
  Eff. temperature =       3.4234 eV
==========================================
  dE Histogram output (collect_time=  1.0000E-05 s)
