==========================================
 3D3V Non-Analog Monte Carlo Simulation
==========================================
  n_particles  =        500
  n_steps      =       1000
  dt           =   1.0000E-08
  enable_cx    = T
  enable_el    = T
  enable_ei    = T
  weight_min   =   1.0000E-08
  n_i          =   1.0000E+21
  T_i          =     2.00 eV
  T_e          =     2.00 eV
  T_init       =     2.00 eV
==========================================
 Ensemble Run ID:            5 , Adjusted Base Seed:    369292810
 CDF file size:     497928 bytes
 CDF data points read:    23320
 CDF file loaded successfully.
   Sigma range [m^2]:   8.1600E-19 -   1.6604E-17
 nu_max/n_i = sigma_v_max =   8.2930E-12 [m^3/s]
 nu_max =   8.2930E+09 [1/s]

Starting simulation...
  Histogram output at step      1, weight_sum =   4.9987E+02
  Histogram output at step     10, weight_sum =   4.9874E+02
  Histogram output at step     50, weight_sum =   4.9374E+02
  Step    100/  1000  alive=     500  CX=    56  EL=   175
  Histogram output at step    100, weight_sum =   4.8756E+02
  Step    200/  1000  alive=     500  CX=    85  EL=   157
  Step    300/  1000  alive=     500  CX=    76  EL=   168
  Step    400/  1000  alive=     500  CX=    74  EL=   168
  Step    500/  1000  alive=     500  CX=    67  EL=   161
  Histogram output at step    500, weight_sum =   4.4083E+02
  Step    600/  1000  alive=     500  CX=    56  EL=   173
  Step    700/  1000  alive=     500  CX=    70  EL=   175
  Step    800/  1000  alive=     500  CX=    60  EL=   173
  Step    900/  1000  alive=     500  CX=    70  EL=   160
  Step   1000/  1000  alive=     500  CX=    63  EL=   185
  Histogram output at step   1000, weight_sum =   3.8866E+02
Elapsed time:       5.4861 seconds

Simulation complete.

==========================================
 Scoring Results (time-averaged) [W/m3]
==========================================
          EI              CX              EL              Total
 CL:     5.354560E+05   -5.170601E+05    3.887814E+05    4.071772E+05
 TL:     5.358517E+05    4.538277E+05    7.443427E+04    1.064114E+06
==========================================

==========================================
 Final Statistics
==========================================
  Alive particles  =        500
  Total weight     =     388.6562
  Mean energy      =       3.1633 eV
  Eff. temperature =       2.1089 eV
==========================================
  dE Histogram output (collect_time=  1.0000E-05 s)
