==========================================
 3D3V Non-Analog Monte Carlo Simulation
==========================================
  n_particles  =      10000
  n_steps      =       1000
  dt           =   1.0000E-08
  enable_cx    = T
  enable_el    = T
  enable_ei    = T
  weight_min   =   1.0000E-10
  n_i          =   1.0000E+21
  T_i          =     2.00 eV
  T_e          =     2.00 eV
  T_init       =     2.00 eV
==========================================
 CDF file size:     497928 bytes
 CDF data points read:    23320
 CDF file loaded successfully.
   xs_mult(y):   1.0000E-04  1.0000E-06  1.0000E-06  1.0000E-08  1.0000E-10
   Sigma range [m^2]:   8.1600E-19 -   1.6604E-17
 nu_max/n_i = sigma_v_max =   8.2930E-12 [m^3/s]
 nu_max =   8.2930E+09 [1/s]

Starting simulation...
  Histogram output at step      1, weight_sum =   9.9975E+03
  Histogram output at step     10, weight_sum =   9.9748E+03
  Histogram output at step     50, weight_sum =   9.8748E+03
  Step    100/  1000  alive=   10000  CX=  1312  EL=  3791
  Histogram output at step    100, weight_sum =   9.7512E+03
  Step    200/  1000  alive=   10000  CX=  1342  EL=  3667
  Step    300/  1000  alive=   10000  CX=  1349  EL=  3764
  Step    400/  1000  alive=   10000  CX=  1332  EL=  3765
  Step    500/  1000  alive=   10000  CX=  1444  EL=  3681
  Histogram output at step    500, weight_sum =   8.8165E+03
  Step    600/  1000  alive=   10000  CX=  1332  EL=  3756
  Step    700/  1000  alive=   10000  CX=  1314  EL=  3663
  Step    800/  1000  alive=   10000  CX=  1327  EL=  3763
  Step    900/  1000  alive=   10000  CX=  1323  EL=  3675
  Step   1000/  1000  alive=   10000  CX=  1299  EL=  3573
  Histogram output at step   1000, weight_sum =   7.7731E+03
Elapsed time:      50.7785 seconds

Simulation complete.

==========================================
 Scoring Results (time-averaged) [W/m3]
==========================================
          EI              CX              EL              Total
 CL:     5.352670E+05    2.617985E+05   -2.311164E+05    5.659491E+05
 TL:     5.352448E+05    3.069202E+05    2.353428E+05    1.077508E+06
 TLLookup:     5.352448E+05    3.069202E+05    3.058929E+07    3.143145E+07
==========================================

==========================================
 Final Statistics
==========================================
  Alive particles  =      10000
  Total weight     =    7773.1241
  Mean energy      =       2.9892 eV
  Eff. temperature =       1.9928 eV
==========================================
  dE Histogram output (collect_time=  1.0000E-05 s)
