==========================================
 3D3V Non-Analog Monte Carlo Simulation
==========================================
  n_particles  =       1000
  n_steps      =       1000
  dt           =   1.0000E-08
  tl_el_inner  =         16
  enable_cx    = T
  enable_el    = T
  enable_ei    = F
  weight_min   =   1.0000E-10
  tl_el_table  = ../../tl_el_table_1e6.dat
  n_i          =   1.0000E+21
  T_i          =     2.00 eV
  T_e          =     2.00 eV
  T_init       =     2.00 eV
==========================================
 CDF file size:     497928 bytes
 CDF data points read:    23320
 CDF file loaded successfully.
   xs_mult(y):   1.0000E-04  1.0000E-06  1.0000E-06  1.0000E-08  1.0000E-10
   Sigma range [m^2]:   8.1600E-19 -   1.6604E-17
 TL EL pretab table loaded: ../../tl_el_table_1e6.dat
 nu_max/n_i = sigma_v_max =   8.2930E-12 [m^3/s]
 nu_max =   8.2930E+09 [1/s]

Starting simulation...
  Histogram output at step      1, weight_sum =   1.0000E+03
  Histogram output at step      2, weight_sum =   1.0000E+03
  Histogram output at step      3, weight_sum =   1.0000E+03
  Histogram output at step      5, weight_sum =   1.0000E+03
  Histogram output at step      7, weight_sum =   1.0000E+03
  Histogram output at step     10, weight_sum =   1.0000E+03
  Step    100/  1000  alive=    1000  CX=   132  EL=   324
  Step    200/  1000  alive=    1000  CX=   139  EL=   345
  Step    300/  1000  alive=    1000  CX=   133  EL=   352
  Step    400/  1000  alive=    1000  CX=   132  EL=   364
  Step    500/  1000  alive=    1000  CX=   139  EL=   329
  Step    600/  1000  alive=    1000  CX=   139  EL=   326
  Step    700/  1000  alive=    1000  CX=   147  EL=   341
  Step    800/  1000  alive=    1000  CX=   119  EL=   341
  Step    900/  1000  alive=    1000  CX=   141  EL=   309
  Step   1000/  1000  alive=    1000  CX=   155  EL=   319
Elapsed time:       6.1874 seconds

Simulation complete.

================================================================================
 Scoring Results (time-averaged) [W/m3]
================================================================================
                              EI              CX              EL           Total
          A(EL):                                    5.735166E+05                
             CL:    0.000000E+00   -7.574480E+05    4.655299E+07    4.579555E+07
    CLInner(EL):                                    1.534930E+06                
             TR:    0.000000E+00   -1.338844E+06    3.426799E+07    3.292914E+07
    TRInner(EL):                                    4.433661E+04                
   TRPretab(EL):                                   -1.291332E+05                
================================================================================

==========================================
 Final Statistics
==========================================
  Alive particles  =       1000
  Total weight     =    1000.0000
  Mean energy      =       2.9572 eV
  Eff. temperature =       1.9715 eV
==========================================
  dE Histogram output (collect_time=  1.0000E-05 s)
