==========================================
 3D3V Non-Analog Monte Carlo Simulation
==========================================
  n_particles  =     100000
  n_steps      =       1000
  dt           =   1.0000E-08
  enable_cx    = T
  enable_el    = T
  enable_ei    = T
  weight_min   =   1.0000E-10
  n_i          =   1.0000E+21
  T_i          =     2.00 eV
  T_e          =     2.00 eV
  T_init       =     2.00 eV
==========================================
 CDF file size:     497928 bytes
 CDF data points read:    23320
 CDF file loaded successfully.
   xs_mult(y):   1.0000E-04  1.0000E-06  1.0000E-06  1.0000E-08  1.0000E-10
   Sigma range [m^2]:   8.1600E-19 -   1.6604E-17
 nu_max/n_i = sigma_v_max =   8.2930E-12 [m^3/s]
 nu_max =   8.2930E+09 [1/s]

Starting simulation...
  Histogram output at step      1, weight_sum =   9.9975E+04
  Histogram output at step     10, weight_sum =   9.9748E+04
  Histogram output at step     50, weight_sum =   9.8748E+04
  Step    100/  1000  alive=  100000  CX= 12989  EL= 36822
  Histogram output at step    100, weight_sum =   9.7512E+04
  Step    200/  1000  alive=  100000  CX= 13106  EL= 37037
  Step    300/  1000  alive=  100000  CX= 13000  EL= 36865
  Step    400/  1000  alive=  100000  CX= 13114  EL= 36570
  Step    500/  1000  alive=  100000  CX= 13007  EL= 36996
  Histogram output at step    500, weight_sum =   8.8165E+04
  Step    600/  1000  alive=  100000  CX= 13115  EL= 37046
  Step    700/  1000  alive=  100000  CX= 13187  EL= 36575
  Step    800/  1000  alive=  100000  CX= 13262  EL= 37006
  Step    900/  1000  alive=  100000  CX= 13078  EL= 37103
  Step   1000/  1000  alive=  100000  CX= 12982  EL= 36897
  Histogram output at step   1000, weight_sum =   7.7731E+04
Elapsed time:     397.6467 seconds

Simulation complete.

==========================================
 Scoring Results (time-averaged) [W/m3]
==========================================
          EI              CX              EL              Total
 CL:     5.349529E+05    1.262998E+04   -2.818337E+04    5.193995E+05
 TL:     5.350749E+05   -8.464348E+04   -3.475401E+04    4.156774E+05
 TLLookup:     5.350749E+05   -8.464348E+04    3.050871E+07    3.095914E+07
==========================================

==========================================
 Final Statistics
==========================================
  Alive particles  =     100000
  Total weight     =   77731.2409
  Mean energy      =       3.0012 eV
  Eff. temperature =       2.0008 eV
==========================================
  dE Histogram output (collect_time=  1.0000E-05 s)
