==========================================
 3D3V Non-Analog Monte Carlo Simulation
==========================================
  n_particles  =        100
  n_steps      =       1000
  dt           =   1.0000E-08
  tl_el_inner  =         16
  enable_cx    = T
  enable_el    = T
  enable_ei    = F
  weight_min   =   1.0000E-10
  tl_el_table  = ../../tl_el_table_1e6.dat
  n_i          =   1.0000E+21
  T_i          =     2.00 eV
  T_e          =     2.00 eV
  T_init       =     2.00 eV
==========================================
 CDF file size:     497928 bytes
 CDF data points read:    23320
 CDF file loaded successfully.
   xs_mult(y):   1.0000E-04  1.0000E-06  1.0000E-06  1.0000E-08  1.0000E-10
   Sigma range [m^2]:   8.1600E-19 -   1.6604E-17
 TL EL pretab table loaded: ../../tl_el_table_1e6.dat
 nu_max/n_i = sigma_v_max =   8.2930E-12 [m^3/s]
 nu_max =   8.2930E+09 [1/s]

Starting simulation...
  Histogram output at step      1, weight_sum =   1.0000E+02
  Histogram output at step      2, weight_sum =   1.0000E+02
  Histogram output at step      3, weight_sum =   1.0000E+02
  Histogram output at step      5, weight_sum =   1.0000E+02
  Histogram output at step      7, weight_sum =   1.0000E+02
  Histogram output at step     10, weight_sum =   1.0000E+02
  Step    100/  1000  alive=     100  CX=     6  EL=    36
  Step    200/  1000  alive=     100  CX=    10  EL=    36
  Step    300/  1000  alive=     100  CX=    15  EL=    36
  Step    400/  1000  alive=     100  CX=     9  EL=    31
  Step    500/  1000  alive=     100  CX=    17  EL=    29
  Step    600/  1000  alive=     100  CX=     9  EL=    28
  Step    700/  1000  alive=     100  CX=    14  EL=    24
  Step    800/  1000  alive=     100  CX=    10  EL=    34
  Step    900/  1000  alive=     100  CX=    15  EL=    34
  Step   1000/  1000  alive=     100  CX=     8  EL=    40
Elapsed time:       1.0648 seconds

Simulation complete.

================================================================================
 Scoring Results (time-averaged) [W/m3]
================================================================================
                              EI              CX              EL           Total
          A(EL):                                   -1.504795E+06                
             CL:    0.000000E+00   -3.046732E+06    4.551421E+07    4.246748E+07
    CLInner(EL):                                    1.630001E+06                
             TR:    0.000000E+00   -6.096612E+06    3.219089E+07    2.609428E+07
    TRInner(EL):                                   -1.863884E+06                
   TRPretab(EL):                                   -2.318331E+06                
================================================================================

==========================================
 Final Statistics
==========================================
  Alive particles  =        100
  Total weight     =     100.0000
  Mean energy      =       2.8498 eV
  Eff. temperature =       1.8998 eV
==========================================
  dE Histogram output (collect_time=  1.0000E-05 s)
