==========================================
 3D3V Non-Analog Monte Carlo Simulation
==========================================
  n_particles  =         10
  n_steps      =       1000
  dt           =   1.0000E-08
  tl_el_inner  =         16
  enable_cx    = T
  enable_el    = T
  enable_ei    = T
  weight_min   =   1.0000E-10
  tl_el_table  = ../../tl_el_table.dat
  n_i          =   1.0000E+21
  T_i          =     2.00 eV
  T_e          =     2.00 eV
  T_init       =     2.00 eV
==========================================
 CDF file size:     497928 bytes
 CDF data points read:    23320
 CDF file loaded successfully.
   xs_mult(y):   1.0000E-04  1.0000E-06  1.0000E-06  1.0000E-08  1.0000E-10
   Sigma range [m^2]:   8.1600E-19 -   1.6604E-17
 TL EL pretab table loaded: ../../tl_el_table.dat
 nu_max/n_i = sigma_v_max =   8.2930E-12 [m^3/s]
 nu_max =   8.2930E+09 [1/s]

Starting simulation...
  Histogram output at step      1, weight_sum =   9.9975E+00
  Histogram output at step     10, weight_sum =   9.9748E+00
  Histogram output at step     50, weight_sum =   9.8748E+00
  Step    100/  1000  alive=      10  CX=     2  EL=     4
  Histogram output at step    100, weight_sum =   9.7512E+00
  Step    200/  1000  alive=      10  CX=     2  EL=     2
  Step    300/  1000  alive=      10  CX=     3  EL=     8
  Step    400/  1000  alive=      10  CX=     0  EL=     2
  Step    500/  1000  alive=      10  CX=     0  EL=     8
  Histogram output at step    500, weight_sum =   8.8165E+00
  Step    600/  1000  alive=      10  CX=     1  EL=     6
  Step    700/  1000  alive=      10  CX=     1  EL=     2
  Step    800/  1000  alive=      10  CX=     3  EL=     2
  Step    900/  1000  alive=      10  CX=     1  EL=     5
  Step   1000/  1000  alive=      10  CX=     1  EL=     4
  Histogram output at step   1000, weight_sum =   7.7731E+00
Elapsed time:       0.4974 seconds

Simulation complete.

==========================================
 Scoring Results (time-averaged) [W/m3]
==========================================
          EI              CX              EL              Total
 A(EL):    -4.955338E+06
 CL:     5.484661E+05    6.333819E+06    9.827190E+07    1.051542E+08
 CLInner(EL):     1.464788E+07
 TR:     5.338544E+05    1.452453E+07    6.036583E+07    7.542421E+07
 TRInner(EL):     7.594759E+06
 TRPretab(EL):     9.917477E+05
==========================================

==========================================
 Final Statistics
==========================================
  Alive particles  =         10
  Total weight     =       7.7731
  Mean energy      =       2.9812 eV
  Eff. temperature =       1.9875 eV
==========================================
  dE Histogram output (collect_time=  1.0000E-05 s)
