==========================================
 3D3V Non-Analog Monte Carlo Simulation
==========================================
  n_particles  =      10000
  n_steps      =       1000
  dt           =   1.0000E-08
  tl_el_inner  =         16
  enable_cx    = T
  enable_el    = T
  enable_ei    = T
  weight_min   =   1.0000E-10
  tl_el_table  = ../../tl_el_table.dat
  n_i          =   1.0000E+21
  T_i          =     2.00 eV
  T_e          =     2.00 eV
  T_init       =     2.00 eV
==========================================
 CDF file size:     497928 bytes
 CDF data points read:    23320
 CDF file loaded successfully.
   xs_mult(y):   1.0000E-04  1.0000E-06  1.0000E-06  1.0000E-08  1.0000E-10
   Sigma range [m^2]:   8.1600E-19 -   1.6604E-17
 TL EL pretab table loaded: ../../tl_el_table.dat
 nu_max/n_i = sigma_v_max =   8.2930E-12 [m^3/s]
 nu_max =   8.2930E+09 [1/s]

Starting simulation...
  Histogram output at step      1, weight_sum =   9.9975E+03
  Histogram output at step     10, weight_sum =   9.9748E+03
  Histogram output at step     50, weight_sum =   9.8748E+03
  Step    100/  1000  alive=   10000  CX=  1304  EL=  3692
  Histogram output at step    100, weight_sum =   9.7512E+03
  Step    200/  1000  alive=   10000  CX=  1275  EL=  3737
  Step    300/  1000  alive=   10000  CX=  1310  EL=  3684
  Step    400/  1000  alive=   10000  CX=  1301  EL=  3647
  Step    500/  1000  alive=   10000  CX=  1292  EL=  3619
  Histogram output at step    500, weight_sum =   8.8165E+03
  Step    600/  1000  alive=   10000  CX=  1326  EL=  3656
  Step    700/  1000  alive=   10000  CX=  1290  EL=  3760
  Step    800/  1000  alive=   10000  CX=  1336  EL=  3747
  Step    900/  1000  alive=   10000  CX=  1332  EL=  3714
  Step   1000/  1000  alive=   10000  CX=  1337  EL=  3658
  Histogram output at step   1000, weight_sum =   7.7731E+03
Elapsed time:      58.1683 seconds

Simulation complete.

==========================================
 Scoring Results (time-averaged) [W/m3]
==========================================
          EI              CX              EL              Total
 A(EL):     1.019986E+05
 CL:     5.343208E+05   -3.991955E+05    9.169819E+07    9.183331E+07
 CLInner(EL):     1.360618E+06
 TR:     5.342775E+05   -6.658847E+05    6.016489E+07    6.003328E+07
 TRInner(EL):    -5.703932E+05
 TRPretab(EL):    -2.394012E+05
==========================================

==========================================
 Final Statistics
==========================================
  Alive particles  =      10000
  Total weight     =    7773.1241
  Mean energy      =       2.9858 eV
  Eff. temperature =       1.9905 eV
==========================================
  dE Histogram output (collect_time=  1.0000E-05 s)
