==========================================
 3D3V Non-Analog Monte Carlo Simulation
==========================================
  n_particles  =      10000
  n_steps      =       1000
  dt           =   1.0000E-08
  tl_el_inner  =         16
  enable_cx    = T
  enable_el    = T
  enable_ei    = F
  weight_min   =   1.0000E-10
  tl_el_table  = ../../tl_el_table_1e6.dat
  n_i          =   1.0000E+21
  T_i          =     2.00 eV
  T_e          =     2.00 eV
  T_init       =     2.00 eV
==========================================
 CDF file size:     497928 bytes
 CDF data points read:    23320
 CDF file loaded successfully.
   xs_mult(y):   1.0000E-04  1.0000E-06  1.0000E-06  1.0000E-08  1.0000E-10
   Sigma range [m^2]:   8.1600E-19 -   1.6604E-17
 TL EL pretab table loaded: ../../tl_el_table_1e6.dat
 nu_max/n_i = sigma_v_max =   8.2930E-12 [m^3/s]
 nu_max =   8.2930E+09 [1/s]

Starting simulation...
  Histogram output at step      1, weight_sum =   1.0000E+04
  Histogram output at step      2, weight_sum =   1.0000E+04
  Histogram output at step      3, weight_sum =   1.0000E+04
  Histogram output at step      5, weight_sum =   1.0000E+04
  Histogram output at step      7, weight_sum =   1.0000E+04
  Histogram output at step     10, weight_sum =   1.0000E+04
  Step    100/  1000  alive=   10000  CX=  1309  EL=  3284
  Step    200/  1000  alive=   10000  CX=  1323  EL=  3253
  Step    300/  1000  alive=   10000  CX=  1259  EL=  3334
  Step    400/  1000  alive=   10000  CX=  1321  EL=  3289
  Step    500/  1000  alive=   10000  CX=  1269  EL=  3297
  Step    600/  1000  alive=   10000  CX=  1334  EL=  3264
  Step    700/  1000  alive=   10000  CX=  1346  EL=  3228
  Step    800/  1000  alive=   10000  CX=  1345  EL=  3349
  Step    900/  1000  alive=   10000  CX=  1361  EL=  3395
  Step   1000/  1000  alive=   10000  CX=  1324  EL=  3407
Elapsed time:      56.7338 seconds

Simulation complete.

================================================================================
 Scoring Results (time-averaged) [W/m3]
================================================================================
                              EI              CX              EL           Total
          A(EL):                                    3.297718E+05                
             CL:    0.000000E+00   -2.178748E+05    4.703282E+07    4.681495E+07
    CLInner(EL):                                    1.943602E+06                
             TR:    0.000000E+00   -8.264772E+04    3.456075E+07    3.447810E+07
    TRInner(EL):                                    9.148129E+04                
   TRPretab(EL):                                    2.909745E+05                
================================================================================

==========================================
 Final Statistics
==========================================
  Alive particles  =      10000
  Total weight     =   10000.0000
  Mean energy      =       3.0190 eV
  Eff. temperature =       2.0127 eV
==========================================
  dE Histogram output (collect_time=  1.0000E-05 s)
