==========================================
 3D3V Non-Analog Monte Carlo Simulation
==========================================
  n_particles  =      10000
  n_steps      =       1000
  dt           =   1.0000E-08
  tl_el_inner  =         16
  enable_cx    = T
  enable_el    = T
  enable_ei    = F
  weight_min   =   1.0000E-10
  tl_el_table  = ../../tl_el_table_1e6_fixedcdf.dat
  n_i          =   1.0000E+21
  T_i          =     2.00 eV
  T_e          =     2.00 eV
  T_init       =     2.00 eV
==========================================
 CDF file size:     549055 bytes
 CDF data points read:    23320
 CDF file loaded successfully.
   xs_mult(y):   1.0000E-04  1.0000E-06  1.0000E-06  1.0000E-08  1.0000E-10
   Sigma range [m^2]:   4.7826E-19 -   1.5414E-17
 TL EL pretab table loaded: ../../tl_el_table_1e6_fixedcdf.dat
 nu_max/n_i = sigma_v_max =   4.9903E-12 [m^3/s]
 nu_max =   4.9903E+09 [1/s]

Starting simulation...
  Histogram output at step      1, weight_sum =   1.0000E+04
  Histogram output at step      2, weight_sum =   1.0000E+04
  Histogram output at step      3, weight_sum =   1.0000E+04
  Histogram output at step      5, weight_sum =   1.0000E+04
  Histogram output at step      7, weight_sum =   1.0000E+04
  Histogram output at step     10, weight_sum =   1.0000E+04
  Step    100/  1000  alive=   10000  CX=  1297  EL=  1963
  Step    200/  1000  alive=   10000  CX=  1247  EL=  2005
  Step    300/  1000  alive=   10000  CX=  1339  EL=  1937
  Step    400/  1000  alive=   10000  CX=  1359  EL=  2007
  Step    500/  1000  alive=   10000  CX=  1265  EL=  1967
  Step    600/  1000  alive=   10000  CX=  1303  EL=  1944
  Step    700/  1000  alive=   10000  CX=  1301  EL=  2001
  Step    800/  1000  alive=   10000  CX=  1287  EL=  2032
  Step    900/  1000  alive=   10000  CX=  1321  EL=  1886
  Step   1000/  1000  alive=   10000  CX=  1364  EL=  1911
Elapsed time:      54.2064 seconds

Simulation complete.

================================================================================
 Scoring Results (time-averaged) [W/m3]
================================================================================
                              EI              CX              EL           Total
          A(EL):                                    1.668903E+04                
             CL:    0.000000E+00   -5.055324E+05    5.103242E+06    4.597710E+06
    CLInner(EL):                                    2.337887E+03                
             TR:    0.000000E+00   -1.434486E+05    3.964884E+06    3.821435E+06
    TRInner(EL):                                   -4.230307E+03                
   TRPretab(EL):                                    1.100646E+03                
================================================================================

==========================================
 Final Statistics
==========================================
  Alive particles  =      10000
  Total weight     =   10000.0000
  Mean energy      =       2.9661 eV
  Eff. temperature =       1.9774 eV
==========================================
  dE Histogram output (collect_time=  1.0000E-05 s)
