==========================================
 3D3V Non-Analog Monte Carlo Simulation
==========================================
  n_particles  =      10000
  n_steps      =       1000
  dt           =   1.0000E-08
  tl_el_inner  =         16
  enable_cx    = T
  enable_el    = T
  enable_ei    = T
  weight_min   =   1.0000E-10
  tl_el_table  = ../../tl_el_table_fixedcdf.dat
  n_i          =   1.0000E+21
  T_i          =     2.00 eV
  T_e          =     2.00 eV
  T_init       =     2.00 eV
==========================================
 CDF file size:     549055 bytes
 CDF data points read:    23320
 CDF file loaded successfully.
   xs_mult(y):   1.0000E-04  1.0000E-06  1.0000E-06  1.0000E-08  1.0000E-10
   Sigma range [m^2]:   4.7826E-19 -   1.5414E-17
 TL EL pretab table loaded: ../../tl_el_table_fixedcdf.dat
 nu_max/n_i = sigma_v_max =   4.9903E-12 [m^3/s]
 nu_max =   4.9903E+09 [1/s]

Starting simulation...
  Histogram output at step      1, weight_sum =   9.9975E+03
  Histogram output at step     10, weight_sum =   9.9748E+03
  Histogram output at step     50, weight_sum =   9.8748E+03
  Step    100/  1000  alive=   10000  CX=  1390  EL=  2319
  Histogram output at step    100, weight_sum =   9.7512E+03
  Step    200/  1000  alive=   10000  CX=  1327  EL=  2331
  Step    300/  1000  alive=   10000  CX=  1260  EL=  2199
  Step    400/  1000  alive=   10000  CX=  1269  EL=  2263
  Step    500/  1000  alive=   10000  CX=  1317  EL=  2178
  Histogram output at step    500, weight_sum =   8.8165E+03
  Step    600/  1000  alive=   10000  CX=  1317  EL=  2219
  Step    700/  1000  alive=   10000  CX=  1300  EL=  2247
  Step    800/  1000  alive=   10000  CX=  1285  EL=  2249
  Step    900/  1000  alive=   10000  CX=  1315  EL=  2298
  Step   1000/  1000  alive=   10000  CX=  1311  EL=  2273
  Histogram output at step   1000, weight_sum =   7.7731E+03
Elapsed time:      60.2066 seconds

Simulation complete.

==========================================
 Scoring Results (time-averaged) [W/m3]
==========================================
          EI              CX              EL              Total
 A(EL):     9.382287E+03
 CL:     5.349403E+05    1.038892E+05    1.121741E+07    1.185624E+07
 CLInner(EL):     4.910846E+03
 TR:     5.354443E+05   -1.409217E+04    7.749374E+06    8.270726E+06
 TRInner(EL):    -3.474619E+03
 TRPretab(EL):    -3.111556E+03
==========================================

==========================================
 Final Statistics
==========================================
  Alive particles  =      10000
  Total weight     =    7773.1241
  Mean energy      =       3.0050 eV
  Eff. temperature =       2.0033 eV
==========================================
  dE Histogram output (collect_time=  1.0000E-05 s)
