==========================================
 3D3V Non-Analog Monte Carlo Simulation
==========================================
  n_particles  =       1000
  n_steps      =       1000
  dt           =   1.0000E-08
  tl_el_inner  =         16
  enable_cx    = T
  enable_el    = T
  enable_ei    = F
  weight_min   =   1.0000E-10
  tl_el_table  = ../../tl_el_table_1e6.dat
  n_i          =   1.0000E+21
  T_i          =     2.00 eV
  T_e          =     2.00 eV
  T_init       =     2.00 eV
==========================================
 CDF file size:     497928 bytes
 CDF data points read:    23320
 CDF file loaded successfully.
   xs_mult(y):   1.0000E-04  1.0000E-06  1.0000E-06  1.0000E-08  1.0000E-10
   Sigma range [m^2]:   8.1600E-19 -   1.6604E-17
 TL EL pretab table loaded: ../../tl_el_table_1e6.dat
 nu_max/n_i = sigma_v_max =   8.2930E-12 [m^3/s]
 nu_max =   8.2930E+09 [1/s]

Starting simulation...
  Histogram output at step      1, weight_sum =   1.0000E+03
  Histogram output at step      2, weight_sum =   1.0000E+03
  Histogram output at step      3, weight_sum =   1.0000E+03
  Histogram output at step      5, weight_sum =   1.0000E+03
  Histogram output at step      7, weight_sum =   1.0000E+03
  Histogram output at step     10, weight_sum =   1.0000E+03
  Step    100/  1000  alive=    1000  CX=   145  EL=   364
  Step    200/  1000  alive=    1000  CX=   131  EL=   350
  Step    300/  1000  alive=    1000  CX=   128  EL=   369
  Step    400/  1000  alive=    1000  CX=   104  EL=   358
  Step    500/  1000  alive=    1000  CX=   130  EL=   301
  Step    600/  1000  alive=    1000  CX=   115  EL=   308
  Step    700/  1000  alive=    1000  CX=   135  EL=   328
  Step    800/  1000  alive=    1000  CX=   117  EL=   304
  Step    900/  1000  alive=    1000  CX=   125  EL=   329
  Step   1000/  1000  alive=    1000  CX=   149  EL=   339
Elapsed time:       7.1231 seconds

Simulation complete.

================================================================================
 Scoring Results (time-averaged) [W/m3]
================================================================================
                              EI              CX              EL           Total
          A(EL):                                   -4.681954E+05                
             CL:    0.000000E+00   -2.536175E+05    4.718922E+07    4.693560E+07
    CLInner(EL):                                    2.203520E+06                
             TR:    0.000000E+00   -3.417829E+05    3.451762E+07    3.417583E+07
    TRInner(EL):                                    2.756911E+05                
   TRPretab(EL):                                    2.303021E+05                
================================================================================

==========================================
 Final Statistics
==========================================
  Alive particles  =       1000
  Total weight     =    1000.0000
  Mean energy      =       3.0053 eV
  Eff. temperature =       2.0036 eV
==========================================
  dE Histogram output (collect_time=  1.0000E-05 s)
