==========================================
 3D3V Non-Analog Monte Carlo Simulation
==========================================
  n_particles  =      10000
  n_steps      =       1000
  dt           =   1.0000E-08
  tl_el_inner  =         16
  enable_cx    = T
  enable_el    = T
  enable_ei    = T
  weight_min   =   1.0000E-10
  tl_el_table  = ../../tl_el_table_fixedcdf.dat
  n_i          =   1.0000E+21
  T_i          =     2.00 eV
  T_e          =     2.00 eV
  T_init       =     2.00 eV
==========================================
 CDF file size:     549055 bytes
 CDF data points read:    23320
 CDF file loaded successfully.
   xs_mult(y):   1.0000E-04  1.0000E-06  1.0000E-06  1.0000E-08  1.0000E-10
   Sigma range [m^2]:   4.7826E-19 -   1.5414E-17
 TL EL pretab table loaded: ../../tl_el_table_fixedcdf.dat
 nu_max/n_i = sigma_v_max =   4.9903E-12 [m^3/s]
 nu_max =   4.9903E+09 [1/s]

Starting simulation...
  Histogram output at step      1, weight_sum =   9.9975E+03
  Histogram output at step     10, weight_sum =   9.9748E+03
  Histogram output at step     50, weight_sum =   9.8748E+03
  Step    100/  1000  alive=   10000  CX=  1368  EL=  2232
  Histogram output at step    100, weight_sum =   9.7512E+03
  Step    200/  1000  alive=   10000  CX=  1377  EL=  2168
  Step    300/  1000  alive=   10000  CX=  1285  EL=  2277
  Step    400/  1000  alive=   10000  CX=  1358  EL=  2304
  Step    500/  1000  alive=   10000  CX=  1282  EL=  2273
  Histogram output at step    500, weight_sum =   8.8165E+03
  Step    600/  1000  alive=   10000  CX=  1270  EL=  2236
  Step    700/  1000  alive=   10000  CX=  1296  EL=  2196
  Step    800/  1000  alive=   10000  CX=  1287  EL=  2187
  Step    900/  1000  alive=   10000  CX=  1316  EL=  2206
  Step   1000/  1000  alive=   10000  CX=  1345  EL=  2155
  Histogram output at step   1000, weight_sum =   7.7731E+03
Elapsed time:      34.2287 seconds

Simulation complete.

==========================================
 Scoring Results (time-averaged) [W/m3]
==========================================
          EI              CX              EL              Total
 A(EL):     1.606390E+04
 CL:     5.351503E+05    3.487331E+05    1.122578E+07    1.210967E+07
 CLInner(EL):     5.383273E+03
 TR:     5.353218E+05   -2.620032E+04    7.746495E+06    8.255617E+06
 TRInner(EL):     4.345980E+03
 TRPretab(EL):    -3.348604E+03
==========================================

==========================================
 Final Statistics
==========================================
  Alive particles  =      10000
  Total weight     =    7773.1241
  Mean energy      =       3.0142 eV
  Eff. temperature =       2.0094 eV
==========================================
  dE Histogram output (collect_time=  1.0000E-05 s)
