==========================================
 3D3V Non-Analog Monte Carlo Simulation
==========================================
  n_particles  =        100
  n_steps      =       1000
  dt           =   1.0000E-08
  tl_el_inner  =         16
  enable_cx    = T
  enable_el    = T
  enable_ei    = F
  weight_min   =   1.0000E-10
  tl_el_table  = ../../tl_el_table_1e6.dat
  n_i          =   1.0000E+21
  T_i          =     2.00 eV
  T_e          =     2.00 eV
  T_init       =     2.00 eV
==========================================
 CDF file size:     497928 bytes
 CDF data points read:    23320
 CDF file loaded successfully.
   xs_mult(y):   1.0000E-04  1.0000E-06  1.0000E-06  1.0000E-08  1.0000E-10
   Sigma range [m^2]:   8.1600E-19 -   1.6604E-17
 TL EL pretab table loaded: ../../tl_el_table_1e6.dat
 nu_max/n_i = sigma_v_max =   8.2930E-12 [m^3/s]
 nu_max =   8.2930E+09 [1/s]

Starting simulation...
  Histogram output at step      1, weight_sum =   1.0000E+02
  Histogram output at step      2, weight_sum =   1.0000E+02
  Histogram output at step      3, weight_sum =   1.0000E+02
  Histogram output at step      5, weight_sum =   1.0000E+02
  Histogram output at step      7, weight_sum =   1.0000E+02
  Histogram output at step     10, weight_sum =   1.0000E+02
  Step    100/  1000  alive=     100  CX=    17  EL=    40
  Step    200/  1000  alive=     100  CX=    14  EL=    37
  Step    300/  1000  alive=     100  CX=    13  EL=    39
  Step    400/  1000  alive=     100  CX=    15  EL=    21
  Step    500/  1000  alive=     100  CX=    15  EL=    27
  Step    600/  1000  alive=     100  CX=    14  EL=    32
  Step    700/  1000  alive=     100  CX=    19  EL=    46
  Step    800/  1000  alive=     100  CX=    17  EL=    38
  Step    900/  1000  alive=     100  CX=     9  EL=    45
  Step   1000/  1000  alive=     100  CX=    11  EL=    37
Elapsed time:       1.2438 seconds

Simulation complete.

================================================================================
 Scoring Results (time-averaged) [W/m3]
================================================================================
                              EI              CX              EL           Total
          A(EL):                                   -5.751800E+06                
             CL:    0.000000E+00    1.837310E+06    4.823104E+07    5.006835E+07
    CLInner(EL):                                    3.866564E+06                
             TR:    0.000000E+00    3.098142E+06    3.616250E+07    3.926064E+07
    TRInner(EL):                                    3.367971E+06                
   TRPretab(EL):                                    2.246125E+06                
================================================================================

==========================================
 Final Statistics
==========================================
  Alive particles  =        100
  Total weight     =     100.0000
  Mean energy      =       2.7638 eV
  Eff. temperature =       1.8425 eV
==========================================
  dE Histogram output (collect_time=  1.0000E-05 s)
