==========================================
 3D3V Non-Analog Monte Carlo Simulation
==========================================
  n_particles  =       1000
  n_steps      =       1000
  dt           =   1.0000E-08
  enable_cx    = T
  enable_el    = T
  enable_ei    = T
  weight_min   =   1.0000E-08
  n_i          =   1.0000E+21
  T_i          =     2.00 eV
  T_e          =     2.00 eV
  T_init       =     2.00 eV
==========================================
 Ensemble Run ID:           14 , Adjusted Base Seed:   1033997647
 CDF file size:     497928 bytes
 CDF data points read:    23320
 CDF file loaded successfully.
   Sigma range [m^2]:   8.1600E-19 -   1.6604E-17
 nu_max/n_i = sigma_v_max =   8.2930E-12 [m^3/s]
 nu_max =   8.2930E+09 [1/s]

Starting simulation...
  Histogram output at step      1, weight_sum =   9.9975E+02
  Histogram output at step     10, weight_sum =   9.9748E+02
  Histogram output at step     50, weight_sum =   9.8748E+02
  Step    100/  1000  alive=    1000  CX=   142  EL=   331
  Histogram output at step    100, weight_sum =   9.7512E+02
  Step    200/  1000  alive=    1000  CX=   120  EL=   334
  Step    300/  1000  alive=    1000  CX=   126  EL=   329
  Step    400/  1000  alive=    1000  CX=   149  EL=   344
  Step    500/  1000  alive=    1000  CX=   133  EL=   343
  Histogram output at step    500, weight_sum =   8.8165E+02
  Step    600/  1000  alive=    1000  CX=   137  EL=   303
  Step    700/  1000  alive=    1000  CX=   129  EL=   329
  Step    800/  1000  alive=    1000  CX=   135  EL=   349
  Step    900/  1000  alive=    1000  CX=   148  EL=   328
  Step   1000/  1000  alive=    1000  CX=   133  EL=   323
  Histogram output at step   1000, weight_sum =   7.7731E+02
Elapsed time:      10.0581 seconds

Simulation complete.

==========================================
 Scoring Results (time-averaged) [W/m3]
==========================================
          EI              CX              EL              Total
 CL:     5.322367E+05   -3.462013E+05    1.508403E+05    3.368757E+05
 TL:     5.315632E+05   -2.191372E+06   -1.632634E+06   -3.292442E+06
==========================================

==========================================
 Final Statistics
==========================================
  Alive particles  =       1000
  Total weight     =     777.3124
  Mean energy      =       3.1044 eV
  Eff. temperature =       2.0696 eV
==========================================
  dE Histogram output (collect_time=  1.0000E-05 s)
