==========================================
 3D3V Non-Analog Monte Carlo Simulation
==========================================
  n_particles  =      10000
  n_steps      =       1000
  dt           =   1.0000E-08
  enable_cx    = T
  enable_el    = T
  enable_ei    = T
  weight_min   =   1.0000E-08
  n_i          =   1.0000E+21
  T_i          =     2.00 eV
  T_e          =     2.00 eV
  T_init       =     2.00 eV
==========================================
 Ensemble Run ID:           14 , Adjusted Base Seed:   1033997647
 CDF file size:     497928 bytes
 CDF data points read:    23320
 CDF file loaded successfully.
   Sigma range [m^2]:   8.1600E-19 -   1.6604E-17
 nu_max/n_i = sigma_v_max =   8.2930E-12 [m^3/s]
 nu_max =   8.2930E+09 [1/s]

Starting simulation...
  Histogram output at step      1, weight_sum =   9.9975E+03
  Histogram output at step     10, weight_sum =   9.9748E+03
  Histogram output at step     50, weight_sum =   9.8748E+03
  Step    100/  1000  alive=   10000  CX=  1282  EL=  3277
  Histogram output at step    100, weight_sum =   9.7512E+03
  Step    200/  1000  alive=   10000  CX=  1244  EL=  3277
  Step    300/  1000  alive=   10000  CX=  1351  EL=  3335
  Step    400/  1000  alive=   10000  CX=  1334  EL=  3319
  Step    500/  1000  alive=   10000  CX=  1301  EL=  3317
  Histogram output at step    500, weight_sum =   8.8165E+03
  Step    600/  1000  alive=   10000  CX=  1353  EL=  3212
  Step    700/  1000  alive=   10000  CX=  1330  EL=  3345
  Step    800/  1000  alive=   10000  CX=  1350  EL=  3348
  Step    900/  1000  alive=   10000  CX=  1283  EL=  3352
  Step   1000/  1000  alive=   10000  CX=  1297  EL=  3291
  Histogram output at step   1000, weight_sum =   7.7731E+03
Elapsed time:      95.2872 seconds

Simulation complete.

==========================================
 Scoring Results (time-averaged) [W/m3]
==========================================
          EI              CX              EL              Total
 CL:     5.348676E+05   -1.193496E+05    6.938996E+04    4.849080E+05
 TL:     5.348493E+05   -1.843530E+05   -1.477471E+05    2.027492E+05
==========================================

==========================================
 Final Statistics
==========================================
  Alive particles  =      10000
  Total weight     =    7773.1241
  Mean energy      =       3.0156 eV
  Eff. temperature =       2.0104 eV
==========================================
  dE Histogram output (collect_time=  1.0000E-05 s)
