==========================================
 3D3V Non-Analog Monte Carlo Simulation
==========================================
  n_particles  =       5000
  n_steps      =       1000
  dt           =   1.0000E-08
  enable_cx    = T
  enable_el    = T
  enable_ei    = T
  weight_min   =   1.0000E-08
  n_i          =   1.0000E+21
  T_i          =     2.00 eV
  T_e          =     2.00 eV
  T_init       =     2.00 eV
==========================================
 Ensemble Run ID:           12 , Adjusted Base Seed:    886285461
 CDF file size:     497928 bytes
 CDF data points read:    23320
 CDF file loaded successfully.
   Sigma range [m^2]:   8.1600E-19 -   1.6604E-17
 nu_max/n_i = sigma_v_max =   8.2930E-12 [m^3/s]
 nu_max =   8.2930E+09 [1/s]

Starting simulation...
  Histogram output at step      1, weight_sum =   4.9987E+03
  Histogram output at step     10, weight_sum =   4.9874E+03
  Histogram output at step     50, weight_sum =   4.9374E+03
  Step    100/  1000  alive=    5000  CX=   641  EL=  1675
  Histogram output at step    100, weight_sum =   4.8756E+03
  Step    200/  1000  alive=    5000  CX=   616  EL=  1598
  Step    300/  1000  alive=    5000  CX=   597  EL=  1600
  Step    400/  1000  alive=    5000  CX=   628  EL=  1622
  Step    500/  1000  alive=    5000  CX=   575  EL=  1598
  Histogram output at step    500, weight_sum =   4.4083E+03
  Step    600/  1000  alive=    5000  CX=   675  EL=  1649
  Step    700/  1000  alive=    5000  CX=   665  EL=  1589
  Step    800/  1000  alive=    5000  CX=   686  EL=  1645
  Step    900/  1000  alive=    5000  CX=   648  EL=  1661
  Step   1000/  1000  alive=    5000  CX=   670  EL=  1588
  Histogram output at step   1000, weight_sum =   3.8866E+03
Elapsed time:      46.6617 seconds

Simulation complete.

==========================================
 Scoring Results (time-averaged) [W/m3]
==========================================
          EI              CX              EL              Total
 CL:     5.351674E+05   -1.115392E+05    9.900202E+04    5.226302E+05
 TL:     5.354163E+05    9.098957E+04    5.177140E+04    6.781773E+05
==========================================

==========================================
 Final Statistics
==========================================
  Alive particles  =       5000
  Total weight     =    3886.5620
  Mean energy      =       2.9926 eV
  Eff. temperature =       1.9950 eV
==========================================
  dE Histogram output (collect_time=  1.0000E-05 s)
