==========================================
 3D3V Non-Analog Monte Carlo Simulation
==========================================
  n_particles  =      10000
  n_steps      =       1000
  dt           =   1.0000E-08
  tl_el_inner  =         16
  enable_cx    = T
  enable_el    = T
  enable_ei    = T
  weight_min   =   1.0000E-10
  tl_el_table  = ../../tl_el_table_fixedcdf.dat
  n_i          =   1.0000E+21
  T_i          =     2.00 eV
  T_e          =     2.00 eV
  T_init       =     2.00 eV
==========================================
 CDF file size:     549055 bytes
 CDF data points read:    23320
 CDF file loaded successfully.
   xs_mult(y):   1.0000E-04  1.0000E-06  1.0000E-06  1.0000E-08  1.0000E-10
   Sigma range [m^2]:   4.7826E-19 -   1.5414E-17
 TL EL pretab table loaded: ../../tl_el_table_fixedcdf.dat
 nu_max/n_i = sigma_v_max =   4.9903E-12 [m^3/s]
 nu_max =   4.9903E+09 [1/s]

Starting simulation...
  Histogram output at step      1, weight_sum =   9.9975E+03
  Histogram output at step     10, weight_sum =   9.9748E+03
  Histogram output at step     50, weight_sum =   9.8748E+03
  Step    100/  1000  alive=   10000  CX=  1312  EL=  2186
  Histogram output at step    100, weight_sum =   9.7512E+03
  Step    200/  1000  alive=   10000  CX=  1368  EL=  2176
  Step    300/  1000  alive=   10000  CX=  1301  EL=  2291
  Step    400/  1000  alive=   10000  CX=  1374  EL=  2160
  Step    500/  1000  alive=   10000  CX=  1340  EL=  2240
  Histogram output at step    500, weight_sum =   8.8165E+03
  Step    600/  1000  alive=   10000  CX=  1295  EL=  2175
  Step    700/  1000  alive=   10000  CX=  1280  EL=  2226
  Step    800/  1000  alive=   10000  CX=  1293  EL=  2276
  Step    900/  1000  alive=   10000  CX=  1264  EL=  2256
  Step   1000/  1000  alive=   10000  CX=  1350  EL=  2238
  Histogram output at step   1000, weight_sum =   7.7731E+03
Elapsed time:      59.7767 seconds

Simulation complete.

==========================================
 Scoring Results (time-averaged) [W/m3]
==========================================
          EI              CX              EL              Total
 A(EL):     4.776176E+03
 CL:     5.349873E+05   -1.349522E+05    1.121431E+07    1.161435E+07
 CLInner(EL):     2.940739E+03
 TR:     5.349201E+05   -2.181286E+05    7.735504E+06    8.052296E+06
 TRInner(EL):    -5.940040E+03
 TRPretab(EL):    -3.675951E+03
==========================================

==========================================
 Final Statistics
==========================================
  Alive particles  =      10000
  Total weight     =    7773.1241
  Mean energy      =       2.9877 eV
  Eff. temperature =       1.9918 eV
==========================================
  dE Histogram output (collect_time=  1.0000E-05 s)
