==========================================
 3D3V Non-Analog Monte Carlo Simulation
==========================================
  n_particles  =        100
  n_steps      =       1000
  dt           =   1.0000E-08
  tl_el_inner  =         16
  enable_cx    = T
  enable_el    = T
  enable_ei    = T
  weight_min   =   1.0000E-10
  tl_el_table  = ../../tl_el_table_fixedcdf.dat
  n_i          =   1.0000E+21
  T_i          =     2.00 eV
  T_e          =     2.00 eV
  T_init       =     2.00 eV
==========================================
 CDF file size:     549055 bytes
 CDF data points read:    23320
 CDF file loaded successfully.
   xs_mult(y):   1.0000E-04  1.0000E-06  1.0000E-06  1.0000E-08  1.0000E-10
   Sigma range [m^2]:   4.7826E-19 -   1.5414E-17
 TL EL pretab table loaded: ../../tl_el_table_fixedcdf.dat
 nu_max/n_i = sigma_v_max =   4.9903E-12 [m^3/s]
 nu_max =   4.9903E+09 [1/s]

Starting simulation...
  Histogram output at step      1, weight_sum =   9.9975E+01
  Histogram output at step     10, weight_sum =   9.9748E+01
  Histogram output at step     50, weight_sum =   9.8748E+01
  Step    100/  1000  alive=     100  CX=    14  EL=    28
  Histogram output at step    100, weight_sum =   9.7512E+01
  Step    200/  1000  alive=     100  CX=    21  EL=    22
  Step    300/  1000  alive=     100  CX=    10  EL=    25
  Step    400/  1000  alive=     100  CX=    13  EL=    24
  Step    500/  1000  alive=     100  CX=    15  EL=    21
  Histogram output at step    500, weight_sum =   8.8165E+01
  Step    600/  1000  alive=     100  CX=    14  EL=    14
  Step    700/  1000  alive=     100  CX=    15  EL=    22
  Step    800/  1000  alive=     100  CX=     9  EL=    25
  Step    900/  1000  alive=     100  CX=    10  EL=    21
  Step   1000/  1000  alive=     100  CX=    14  EL=    28
  Histogram output at step   1000, weight_sum =   7.7731E+01
Elapsed time:       1.0838 seconds

Simulation complete.

==========================================
 Scoring Results (time-averaged) [W/m3]
==========================================
          EI              CX              EL              Total
 A(EL):     4.826991E+03
 CL:     5.264848E+05   -6.142057E+06    1.088011E+07    5.264537E+06
 CLInner(EL):    -6.327331E+03
 TR:     5.277338E+05   -8.279465E+06    7.545680E+06   -2.060506E+05
 TRInner(EL):     1.898617E+02
 TRPretab(EL):    -1.097436E+04
==========================================

==========================================
 Final Statistics
==========================================
  Alive particles  =        100
  Total weight     =      77.7312
  Mean energy      =       2.6494 eV
  Eff. temperature =       1.7663 eV
==========================================
  dE Histogram output (collect_time=  1.0000E-05 s)
