==========================================
 3D3V Non-Analog Monte Carlo Simulation
==========================================
  n_particles  =       1000
  n_steps      =       1000
  dt           =   1.0000E-08
  tl_el_inner  =         16
  enable_cx    = F
  enable_el    = T
  enable_ei    = F
  weight_min   =   1.0000E-10
  tl_el_table  = ../../el_data/tl_el_table_1e6.dat
  n_i          =   1.0000E+21
  T_i          =     2.00 eV
  T_e          =     2.00 eV
  T_init       =     2.00 eV
==========================================
 CDF file size:     497928 bytes
 CDF data points read:    23320
 CDF file loaded successfully.
   xs_mult(y):   1.0000E-04  1.0000E-06  1.0000E-06  1.0000E-08  1.0000E-10
   Sigma range [m^2]:   8.1600E-19 -   1.6604E-17
 TL EL pretab table loaded: ../../el_data/tl_el_table_1e6.dat
 nu_max/n_i = sigma_v_max =   8.2930E-12 [m^3/s]
 nu_max =   8.2930E+09 [1/s]

Starting simulation...
  Histogram output at step      1, weight_sum =   1.0000E+03
  Histogram output at step      5, weight_sum =   1.0000E+03
  Histogram output at step     10, weight_sum =   1.0000E+03
  Histogram output at step     50, weight_sum =   1.0000E+03
  Step    100/  1000  alive=    1000  CX=     0  EL=   319
  Histogram output at step    100, weight_sum =   1.0000E+03
  Step    200/  1000  alive=    1000  CX=     0  EL=   338
  Step    300/  1000  alive=    1000  CX=     0  EL=   327
  Step    400/  1000  alive=    1000  CX=     0  EL=   322
  Step    500/  1000  alive=    1000  CX=     0  EL=   334
  Histogram output at step    500, weight_sum =   1.0000E+03
  Step    600/  1000  alive=    1000  CX=     0  EL=   310
  Step    700/  1000  alive=    1000  CX=     0  EL=   316
  Step    800/  1000  alive=    1000  CX=     0  EL=   334
  Step    900/  1000  alive=    1000  CX=     0  EL=   315
  Step   1000/  1000  alive=    1000  CX=     0  EL=   332
Elapsed time:       6.4483 seconds

Simulation complete.

================================================================================
 Scoring Results (time-averaged) [W/m3]
================================================================================
                              EI              CX              EL           Total
          A(EL):                                    6.067488E+04                
             CL:    0.000000E+00    0.000000E+00   -5.635249E+04   -5.635249E+04
    CLInner(EL):                                    3.975278E+06                
             TR:    0.000000E+00    0.000000E+00   -8.482270E+05   -8.482270E+05
    TRInner(EL):                                    1.414773E+06                
   TRPretab(EL):                                    1.021597E+06                
================================================================================

==========================================
 Final Statistics
==========================================
  Alive particles  =       1000
  Total weight     =    1000.0000
  Mean energy      =       2.9222 eV
  Eff. temperature =       1.9481 eV
==========================================
  dE Histogram output (collect_time=  1.0000E-05 s)
