==========================================
 3D3V Non-Analog Monte Carlo Simulation
==========================================
  n_particles  =     100000
  n_steps      =          1
  dt           =   1.0000E-09
  enable_cx    = T
  enable_el    = T
  enable_ei    = T
  weight_min   =   1.0000E-10
  n_i          =   1.0000E+21
  T_i          =     2.00 eV
  T_e          =     2.00 eV
  T_init       =     2.00 eV
==========================================
 CDF file size:     497928 bytes
 CDF data points read:    23320
 CDF file loaded successfully.
   Sigma range [m^2]:   8.1600E-19 -   1.6604E-17
 nu_max/n_i = sigma_v_max =   8.3773E-12 [m^3/s]
 nu_max =   8.3773E+09 [1/s]

Starting simulation...
  Step      1/     1  alive=  100000  CX=   198  EL=  3233
  Histogram output at step      1, weight_sum =   9.9997E+04
Elapsed time:       0.0560 seconds

Simulation complete.

==========================================
 Scoring Results (time-averaged) [W/m3]
==========================================
          EI              CX              EL              Total
 CL:     5.838130E+05   -1.010482E+06    5.585054E+06    5.158385E+06
 TL:     6.058249E+05   -8.137879E+04   -4.795528E+05    4.489332E+04
==========================================

==========================================
 Final Statistics
==========================================
  Alive particles  =     100000
  Total weight     =   99997.4809
  Mean energy      =       3.0022 eV
  Eff. temperature =       2.0015 eV
==========================================
  dE Histogram output (collect_time=  1.0000E-09 s)
