==========================================
 3D3V Non-Analog Monte Carlo Simulation
==========================================
  n_particles  =        100
  n_steps      =       1000
  dt           =   1.0000E-08
  tl_el_inner  =         16
  enable_cx    = T
  enable_el    = T
  enable_ei    = T
  weight_min   =   1.0000E-10
  tl_el_table  = ../../tl_el_table.dat
  n_i          =   1.0000E+21
  T_i          =     2.00 eV
  T_e          =     2.00 eV
  T_init       =     2.00 eV
==========================================
 CDF file size:     497928 bytes
 CDF data points read:    23320
 CDF file loaded successfully.
   xs_mult(y):   1.0000E-04  1.0000E-06  1.0000E-06  1.0000E-08  1.0000E-10
   Sigma range [m^2]:   8.1600E-19 -   1.6604E-17
 TL EL pretab table loaded: ../../tl_el_table.dat
 nu_max/n_i = sigma_v_max =   8.2930E-12 [m^3/s]
 nu_max =   8.2930E+09 [1/s]

Starting simulation...
  Histogram output at step      1, weight_sum =   9.9975E+01
  Histogram output at step     10, weight_sum =   9.9748E+01
  Histogram output at step     50, weight_sum =   9.8748E+01
  Step    100/  1000  alive=     100  CX=    20  EL=    31
  Histogram output at step    100, weight_sum =   9.7512E+01
  Step    200/  1000  alive=     100  CX=    14  EL=    41
  Step    300/  1000  alive=     100  CX=     9  EL=    35
  Step    400/  1000  alive=     100  CX=    11  EL=    42
  Step    500/  1000  alive=     100  CX=    10  EL=    43
  Histogram output at step    500, weight_sum =   8.8165E+01
  Step    600/  1000  alive=     100  CX=    14  EL=    34
  Step    700/  1000  alive=     100  CX=    19  EL=    28
  Step    800/  1000  alive=     100  CX=    10  EL=    35
  Step    900/  1000  alive=     100  CX=    10  EL=    41
  Step   1000/  1000  alive=     100  CX=    14  EL=    36
  Histogram output at step   1000, weight_sum =   7.7731E+01
Elapsed time:       1.2904 seconds

Simulation complete.

==========================================
 Scoring Results (time-averaged) [W/m3]
==========================================
          EI              CX              EL              Total
 A(EL):    -6.008673E+06
 CL:     5.373254E+05    2.067873E+06    9.326873E+07    9.587393E+07
 CLInner(EL):     3.431012E+06
 TR:     5.387412E+05    5.308349E+05    6.160355E+07    6.267313E+07
 TRInner(EL):     1.689802E+06
 TRPretab(EL):     2.298447E+06
==========================================

==========================================
 Final Statistics
==========================================
  Alive particles  =        100
  Total weight     =      77.7312
  Mean energy      =       2.9849 eV
  Eff. temperature =       1.9900 eV
==========================================
  dE Histogram output (collect_time=  1.0000E-05 s)
