==========================================
 3D3V Non-Analog Monte Carlo Simulation
==========================================
  n_particles  =      10000
  n_steps      =       1000
  dt           =   1.0000E-08
  enable_cx    = T
  enable_el    = T
  enable_ei    = T
  weight_min   =   1.0000E-08
  n_i          =   1.0000E+21
  T_i          =     2.00 eV
  T_e          =     2.00 eV
  T_init       =     2.00 eV
==========================================
 Ensemble Run ID:           18 , Adjusted Base Seed:   1329422019
 CDF file size:     497928 bytes
 CDF data points read:    23320
 CDF file loaded successfully.
   Sigma range [m^2]:   8.1600E-19 -   1.6604E-17
 nu_max/n_i = sigma_v_max =   8.2930E-12 [m^3/s]
 nu_max =   8.2930E+09 [1/s]

Starting simulation...
  Histogram output at step      1, weight_sum =   9.9975E+03
  Histogram output at step     10, weight_sum =   9.9748E+03
  Histogram output at step     50, weight_sum =   9.8748E+03
  Step    100/  1000  alive=   10000  CX=  1282  EL=  3312
  Histogram output at step    100, weight_sum =   9.7512E+03
  Step    200/  1000  alive=   10000  CX=  1315  EL=  3339
  Step    300/  1000  alive=   10000  CX=  1288  EL=  3227
  Step    400/  1000  alive=   10000  CX=  1306  EL=  3340
  Step    500/  1000  alive=   10000  CX=  1348  EL=  3264
  Histogram output at step    500, weight_sum =   8.8165E+03
  Step    600/  1000  alive=   10000  CX=  1261  EL=  3372
  Step    700/  1000  alive=   10000  CX=  1310  EL=  3351
  Step    800/  1000  alive=   10000  CX=  1278  EL=  3236
  Step    900/  1000  alive=   10000  CX=  1308  EL=  3261
  Step   1000/  1000  alive=   10000  CX=  1313  EL=  3321
  Histogram output at step   1000, weight_sum =   7.7731E+03
Elapsed time:      96.1739 seconds

Simulation complete.

==========================================
 Scoring Results (time-averaged) [W/m3]
==========================================
          EI              CX              EL              Total
 CL:     5.350766E+05    8.709621E+04   -7.892181E+04    5.432510E+05
 TL:     5.352818E+05    5.128357E+04    7.070407E+04    6.572694E+05
==========================================

==========================================
 Final Statistics
==========================================
  Alive particles  =      10000
  Total weight     =    7773.1241
  Mean energy      =       2.9869 eV
  Eff. temperature =       1.9913 eV
==========================================
  dE Histogram output (collect_time=  1.0000E-05 s)
