==========================================
 3D3V Non-Analog Monte Carlo Simulation
==========================================
  n_particles  =       1000
  n_steps      =       1000
  dt           =   1.0000E-08
  tl_el_inner  =         16
  enable_cx    = T
  enable_el    = T
  enable_ei    = T
  weight_min   =   1.0000E-10
  tl_el_table  = ../../tl_el_table_fixedcdf.dat
  n_i          =   1.0000E+21
  T_i          =     2.00 eV
  T_e          =     2.00 eV
  T_init       =     2.00 eV
==========================================
 CDF file size:     549055 bytes
 CDF data points read:    23320
 CDF file loaded successfully.
   xs_mult(y):   1.0000E-04  1.0000E-06  1.0000E-06  1.0000E-08  1.0000E-10
   Sigma range [m^2]:   4.7826E-19 -   1.5414E-17
 TL EL pretab table loaded: ../../tl_el_table_fixedcdf.dat
 nu_max/n_i = sigma_v_max =   4.9903E-12 [m^3/s]
 nu_max =   4.9903E+09 [1/s]

Starting simulation...
  Histogram output at step      1, weight_sum =   9.9975E+02
  Histogram output at step     10, weight_sum =   9.9748E+02
  Histogram output at step     50, weight_sum =   9.8748E+02
  Step    100/  1000  alive=    1000  CX=   145  EL=   216
  Histogram output at step    100, weight_sum =   9.7512E+02
  Step    200/  1000  alive=    1000  CX=   145  EL=   211
  Step    300/  1000  alive=    1000  CX=   128  EL=   222
  Step    400/  1000  alive=    1000  CX=   128  EL=   215
  Step    500/  1000  alive=    1000  CX=   126  EL=   225
  Histogram output at step    500, weight_sum =   8.8165E+02
  Step    600/  1000  alive=    1000  CX=   150  EL=   228
  Step    700/  1000  alive=    1000  CX=   138  EL=   237
  Step    800/  1000  alive=    1000  CX=   124  EL=   244
  Step    900/  1000  alive=    1000  CX=   130  EL=   239
  Step   1000/  1000  alive=    1000  CX=   126  EL=   211
  Histogram output at step   1000, weight_sum =   7.7731E+02
Elapsed time:       5.9095 seconds

Simulation complete.

==========================================
 Scoring Results (time-averaged) [W/m3]
==========================================
          EI              CX              EL              Total
 A(EL):    -7.815825E+04
 CL:     5.350748E+05   -9.224014E+05    1.118661E+07    1.079928E+07
 CLInner(EL):     7.033341E+03
 TR:     5.347858E+05   -3.896195E+05    7.731799E+06    7.876965E+06
 TRInner(EL):     2.985932E+03
 TRPretab(EL):    -3.653824E+03
==========================================

==========================================
 Final Statistics
==========================================
  Alive particles  =       1000
  Total weight     =     777.3124
  Mean energy      =       2.9952 eV
  Eff. temperature =       1.9968 eV
==========================================
  dE Histogram output (collect_time=  1.0000E-05 s)
