==========================================
 3D3V Non-Analog Monte Carlo Simulation
==========================================
  n_particles  =     100000
  n_steps      =       1000
  dt           =   1.0000E-08
  enable_cx    = T
  enable_el    = T
  enable_ei    = T
  weight_min   =   1.0000E-10
  n_i          =   1.0000E+21
  T_i          =     2.00 eV
  T_e          =     2.00 eV
  T_init       =     2.00 eV
==========================================
 CDF file size:     497928 bytes
 CDF data points read:    23320
 CDF file loaded successfully.
   xs_mult(y):   1.0000E-04  1.0000E-06  1.0000E-06  1.0000E-08  1.0000E-10
   Sigma range [m^2]:   8.1600E-19 -   1.6604E-17
 nu_max/n_i = sigma_v_max =   8.2930E-12 [m^3/s]
 nu_max =   8.2930E+09 [1/s]

Starting simulation...
  Histogram output at step      1, weight_sum =   9.9975E+04
  Histogram output at step     10, weight_sum =   9.9748E+04
  Histogram output at step     50, weight_sum =   9.8748E+04
  Step    100/  1000  alive=  100000  CX= 13432  EL= 36980
  Histogram output at step    100, weight_sum =   9.7512E+04
  Step    200/  1000  alive=  100000  CX= 13123  EL= 36883
  Step    300/  1000  alive=  100000  CX= 13232  EL= 36984
  Step    400/  1000  alive=  100000  CX= 13117  EL= 37103
  Step    500/  1000  alive=  100000  CX= 13109  EL= 37023
  Histogram output at step    500, weight_sum =   8.8165E+04
  Step    600/  1000  alive=  100000  CX= 13122  EL= 37243
  Step    700/  1000  alive=  100000  CX= 13202  EL= 36754
  Step    800/  1000  alive=  100000  CX= 13221  EL= 36976
  Step    900/  1000  alive=  100000  CX= 13218  EL= 37172
  Step   1000/  1000  alive=  100000  CX= 13069  EL= 36693
  Histogram output at step   1000, weight_sum =   7.7731E+04
Elapsed time:     265.0538 seconds

Simulation complete.

==========================================
 Scoring Results (time-averaged) [W/m3]
==========================================
          EI              CX              EL              Total
 CL:     5.352941E+05    7.110546E+04   -6.901871E+04    5.373809E+05
 TL:     5.353441E+05    9.975223E+04    2.283160E+05    8.634123E+05
 TLLookup:     5.353441E+05    9.975223E+04    3.061929E+07    3.125438E+07
==========================================

==========================================
 Final Statistics
==========================================
  Alive particles  =     100000
  Total weight     =   77731.2409
  Mean energy      =       2.9895 eV
  Eff. temperature =       1.9930 eV
==========================================
  dE Histogram output (collect_time=  1.0000E-05 s)
