==========================================
 3D3V Non-Analog Monte Carlo Simulation
==========================================
  n_particles  =        100
  n_steps      =       1000
  dt           =   1.0000E-08
  enable_cx    = T
  enable_el    = T
  enable_ei    = T
  weight_min   =   1.0000E-10
  n_i          =   1.0000E+21
  T_i          =     2.00 eV
  T_e          =     2.00 eV
  T_init       =     2.00 eV
==========================================
 CDF file size:     497928 bytes
 CDF data points read:    23320
 CDF file loaded successfully.
   xs_mult(y):   1.0000E-04  1.0000E-06  1.0000E-06  1.0000E-08  1.0000E-10
   Sigma range [m^2]:   8.1600E-19 -   1.6604E-17
 nu_max/n_i = sigma_v_max =   8.2930E-12 [m^3/s]
 nu_max =   8.2930E+09 [1/s]

Starting simulation...
  Histogram output at step      1, weight_sum =   9.9975E+01
  Histogram output at step     10, weight_sum =   9.9748E+01
  Histogram output at step     50, weight_sum =   9.8748E+01
  Step    100/  1000  alive=     100  CX=    15  EL=    33
  Histogram output at step    100, weight_sum =   9.7512E+01
  Step    200/  1000  alive=     100  CX=    14  EL=    40
  Step    300/  1000  alive=     100  CX=    19  EL=    35
  Step    400/  1000  alive=     100  CX=    16  EL=    38
  Step    500/  1000  alive=     100  CX=    10  EL=    49
  Histogram output at step    500, weight_sum =   8.8165E+01
  Step    600/  1000  alive=     100  CX=    10  EL=    44
  Step    700/  1000  alive=     100  CX=    11  EL=    35
  Step    800/  1000  alive=     100  CX=    12  EL=    48
  Step    900/  1000  alive=     100  CX=    11  EL=    39
  Step   1000/  1000  alive=     100  CX=    13  EL=    34
  Histogram output at step   1000, weight_sum =   7.7731E+01
Elapsed time:       1.2494 seconds

Simulation complete.

==========================================
 Scoring Results (time-averaged) [W/m3]
==========================================
          EI              CX              EL              Total
 CL:     5.403634E+05    5.153660E+06   -4.617393E+06    1.076631E+06
 TL:     5.414542E+05    4.258750E+06    4.103295E+06    8.903499E+06
 TLLookup:     5.414542E+05    4.258750E+06    3.300146E+07    3.780166E+07
==========================================

==========================================
 Final Statistics
==========================================
  Alive particles  =        100
  Total weight     =      77.7312
  Mean energy      =       2.9245 eV
  Eff. temperature =       1.9497 eV
==========================================
  dE Histogram output (collect_time=  1.0000E-05 s)
