==========================================
 3D3V Non-Analog Monte Carlo Simulation
==========================================
  n_particles  =       1000
  n_steps      =       1000
  dt           =   1.0000E-08
  enable_cx    = T
  enable_el    = T
  enable_ei    = T
  weight_min   =   1.0000E-10
  n_i          =   1.0000E+21
  T_i          =     2.00 eV
  T_e          =     2.00 eV
  T_init       =     2.00 eV
==========================================
 CDF file size:     497928 bytes
 CDF data points read:    23320
 CDF file loaded successfully.
   xs_mult(y):   1.0000E-04  1.0000E-06  1.0000E-06  1.0000E-08  1.0000E-10
   Sigma range [m^2]:   8.1600E-19 -   1.6604E-17
 nu_max/n_i = sigma_v_max =   8.2930E-12 [m^3/s]
 nu_max =   8.2930E+09 [1/s]

Starting simulation...
  Histogram output at step      1, weight_sum =   9.9975E+02
  Histogram output at step     10, weight_sum =   9.9748E+02
  Histogram output at step     50, weight_sum =   9.8748E+02
  Step    100/  1000  alive=    1000  CX=   145  EL=   374
  Histogram output at step    100, weight_sum =   9.7512E+02
  Step    200/  1000  alive=    1000  CX=   121  EL=   405
  Step    300/  1000  alive=    1000  CX=   122  EL=   352
  Step    400/  1000  alive=    1000  CX=   116  EL=   391
  Step    500/  1000  alive=    1000  CX=   142  EL=   375
  Histogram output at step    500, weight_sum =   8.8165E+02
  Step    600/  1000  alive=    1000  CX=   141  EL=   355
  Step    700/  1000  alive=    1000  CX=   121  EL=   362
  Step    800/  1000  alive=    1000  CX=   106  EL=   354
  Step    900/  1000  alive=    1000  CX=   131  EL=   365
  Step   1000/  1000  alive=    1000  CX=   131  EL=   400
  Histogram output at step   1000, weight_sum =   7.7731E+02
Elapsed time:       5.8967 seconds

Simulation complete.

==========================================
 Scoring Results (time-averaged) [W/m3]
==========================================
          EI              CX              EL              Total
 CL:     5.364413E+05    3.576063E+05   -4.242362E+05    4.698114E+05
 TL:     5.348071E+05    1.911001E+05   -2.207533E+05    5.051539E+05
 TLLookup:     5.348071E+05    1.911001E+05    3.037657E+07    3.110248E+07
==========================================

==========================================
 Final Statistics
==========================================
  Alive particles  =       1000
  Total weight     =     777.3124
  Mean energy      =       2.9080 eV
  Eff. temperature =       1.9387 eV
==========================================
  dE Histogram output (collect_time=  1.0000E-05 s)
