==========================================
 3D3V Non-Analog Monte Carlo Simulation
==========================================
  n_particles  =     100000
  n_steps      =       1000
  dt           =   1.0000E-08
  enable_cx    = T
  enable_el    = T
  enable_ei    = T
  weight_min   =   1.0000E-10
  n_i          =   1.0000E+21
  T_i          =     2.00 eV
  T_e          =     2.00 eV
  T_init       =     2.00 eV
==========================================
 CDF file size:     497928 bytes
 CDF data points read:    23320
 CDF file loaded successfully.
   xs_mult(y):   1.0000E-04  1.0000E-06  1.0000E-06  1.0000E-08  1.0000E-10
   Sigma range [m^2]:   8.1600E-19 -   1.6604E-17
 nu_max/n_i = sigma_v_max =   8.2930E-12 [m^3/s]
 nu_max =   8.2930E+09 [1/s]

Starting simulation...
  Histogram output at step      1, weight_sum =   9.9975E+04
  Histogram output at step     10, weight_sum =   9.9748E+04
  Histogram output at step     50, weight_sum =   9.8748E+04
  Step    100/  1000  alive=  100000  CX= 13117  EL= 37006
  Histogram output at step    100, weight_sum =   9.7512E+04
  Step    200/  1000  alive=  100000  CX= 13076  EL= 36961
  Step    300/  1000  alive=  100000  CX= 12949  EL= 37088
  Step    400/  1000  alive=  100000  CX= 13038  EL= 36954
  Step    500/  1000  alive=  100000  CX= 13051  EL= 37384
  Histogram output at step    500, weight_sum =   8.8165E+04
  Step    600/  1000  alive=  100000  CX= 13039  EL= 36782
  Step    700/  1000  alive=  100000  CX= 12986  EL= 36651
  Step    800/  1000  alive=  100000  CX= 13295  EL= 37189
  Step    900/  1000  alive=  100000  CX= 13254  EL= 36925
  Step   1000/  1000  alive=  100000  CX= 13168  EL= 36606
  Histogram output at step   1000, weight_sum =   7.7731E+04
Elapsed time:     360.5962 seconds

Simulation complete.

==========================================
 Scoring Results (time-averaged) [W/m3]
==========================================
          EI              CX              EL              Total
 CL:     5.351495E+05    9.451329E+03   -9.318659E+03    5.352822E+05
 TL:     5.351943E+05   -4.178105E+04    1.474141E+05    6.408273E+05
 TLLookup:     5.351943E+05   -4.178105E+04    3.055685E+07    3.105027E+07
==========================================

==========================================
 Final Statistics
==========================================
  Alive particles  =     100000
  Total weight     =   77731.2409
  Mean energy      =       3.0078 eV
  Eff. temperature =       2.0052 eV
==========================================
  dE Histogram output (collect_time=  1.0000E-05 s)
