==========================================
 3D3V Non-Analog Monte Carlo Simulation
==========================================
  n_particles  =     100000
  n_steps      =       1000
  dt           =   1.0000E-08
  enable_cx    = T
  enable_el    = T
  enable_ei    = T
  weight_min   =   1.0000E-10
  n_i          =   1.0000E+21
  T_i          =     2.00 eV
  T_e          =     2.00 eV
  T_init       =     2.00 eV
==========================================
 CDF file size:     497928 bytes
 CDF data points read:    23320
 CDF file loaded successfully.
   xs_mult(y):   1.0000E-04  1.0000E-06  1.0000E-06  1.0000E-08  1.0000E-10
   Sigma range [m^2]:   8.1600E-19 -   1.6604E-17
 nu_max/n_i = sigma_v_max =   8.2930E-12 [m^3/s]
 nu_max =   8.2930E+09 [1/s]

Starting simulation...
  Histogram output at step      1, weight_sum =   9.9975E+04
  Histogram output at step     10, weight_sum =   9.9748E+04
  Histogram output at step     50, weight_sum =   9.8748E+04
  Step    100/  1000  alive=  100000  CX= 13251  EL= 36752
  Histogram output at step    100, weight_sum =   9.7512E+04
  Step    200/  1000  alive=  100000  CX= 13431  EL= 36818
  Step    300/  1000  alive=  100000  CX= 13362  EL= 36688
  Step    400/  1000  alive=  100000  CX= 12873  EL= 37061
  Step    500/  1000  alive=  100000  CX= 12996  EL= 36949
  Histogram output at step    500, weight_sum =   8.8165E+04
  Step    600/  1000  alive=  100000  CX= 13298  EL= 36682
  Step    700/  1000  alive=  100000  CX= 13154  EL= 36906
  Step    800/  1000  alive=  100000  CX= 13113  EL= 37079
  Step    900/  1000  alive=  100000  CX= 13063  EL= 37218
  Step   1000/  1000  alive=  100000  CX= 13015  EL= 37201
  Histogram output at step   1000, weight_sum =   7.7731E+04
Elapsed time:     617.3279 seconds

Simulation complete.

==========================================
 Scoring Results (time-averaged) [W/m3]
==========================================
          EI              CX              EL              Total
 CL:     5.352403E+05   -3.291704E+04    4.799336E+04    5.503166E+05
 TL:     5.352539E+05    1.352799E+05    1.139192E+05    7.844531E+05
 TLLookup:     5.352539E+05    1.352799E+05    3.059498E+07    3.126552E+07
==========================================

==========================================
 Final Statistics
==========================================
  Alive particles  =     100000
  Total weight     =   77731.2409
  Mean energy      =       2.9893 eV
  Eff. temperature =       1.9929 eV
==========================================
  dE Histogram output (collect_time=  1.0000E-05 s)
