==========================================
 3D3V Non-Analog Monte Carlo Simulation
==========================================
  n_particles  =     100000
  n_steps      =       1000
  dt           =   1.0000E-08
  enable_cx    = T
  enable_el    = T
  enable_ei    = T
  weight_min   =   1.0000E-10
  n_i          =   1.0000E+21
  T_i          =     2.00 eV
  T_e          =     2.00 eV
  T_init       =     2.00 eV
==========================================
 CDF file size:     497928 bytes
 CDF data points read:    23320
 CDF file loaded successfully.
   xs_mult(y):   1.0000E-04  1.0000E-06  1.0000E-06  1.0000E-08  1.0000E-10
   Sigma range [m^2]:   8.1600E-19 -   1.6604E-17
 nu_max/n_i = sigma_v_max =   8.2930E-12 [m^3/s]
 nu_max =   8.2930E+09 [1/s]

Starting simulation...
  Histogram output at step      1, weight_sum =   9.9975E+04
  Histogram output at step     10, weight_sum =   9.9748E+04
  Histogram output at step     50, weight_sum =   9.8748E+04
  Step    100/  1000  alive=  100000  CX= 13181  EL= 36787
  Histogram output at step    100, weight_sum =   9.7512E+04
  Step    200/  1000  alive=  100000  CX= 13304  EL= 37250
  Step    300/  1000  alive=  100000  CX= 13312  EL= 36960
  Step    400/  1000  alive=  100000  CX= 13249  EL= 37274
  Step    500/  1000  alive=  100000  CX= 13336  EL= 37188
  Histogram output at step    500, weight_sum =   8.8165E+04
  Step    600/  1000  alive=  100000  CX= 13243  EL= 36776
  Step    700/  1000  alive=  100000  CX= 13063  EL= 37085
  Step    800/  1000  alive=  100000  CX= 13152  EL= 37036
  Step    900/  1000  alive=  100000  CX= 13149  EL= 37338
  Step   1000/  1000  alive=  100000  CX= 13131  EL= 37283
  Histogram output at step   1000, weight_sum =   7.7731E+04
Elapsed time:     497.2309 seconds

Simulation complete.

==========================================
 Scoring Results (time-averaged) [W/m3]
==========================================
          EI              CX              EL              Total
 CL:     5.353340E+05    5.426167E+03    4.147567E+03    5.449077E+05
 TL:     5.353101E+05    5.046648E+04    9.246761E+04    6.782442E+05
 TLLookup:     5.353101E+05    5.046648E+04    3.060523E+07    3.119100E+07
==========================================

==========================================
 Final Statistics
==========================================
  Alive particles  =     100000
  Total weight     =   77731.2409
  Mean energy      =       2.9957 eV
  Eff. temperature =       1.9971 eV
==========================================
  dE Histogram output (collect_time=  1.0000E-05 s)
