==========================================
 3D3V Non-Analog Monte Carlo Simulation
==========================================
  n_particles  =      10000
  n_steps      =       1000
  dt           =   1.0000E-08
  enable_cx    = T
  enable_el    = T
  enable_ei    = T
  weight_min   =   1.0000E-08
  n_i          =   1.0000E+21
  T_i          =     2.00 eV
  T_e          =     2.00 eV
  T_init       =     2.00 eV
==========================================
 Ensemble Run ID:           20 , Adjusted Base Seed:   1477134205
 CDF file size:     497928 bytes
 CDF data points read:    23320
 CDF file loaded successfully.
   Sigma range [m^2]:   8.1600E-19 -   1.6604E-17
 nu_max/n_i = sigma_v_max =   8.2930E-12 [m^3/s]
 nu_max =   8.2930E+09 [1/s]

Starting simulation...
  Histogram output at step      1, weight_sum =   9.9975E+03
  Histogram output at step     10, weight_sum =   9.9748E+03
  Histogram output at step     50, weight_sum =   9.8748E+03
  Step    100/  1000  alive=   10000  CX=  1368  EL=  3301
  Histogram output at step    100, weight_sum =   9.7512E+03
  Step    200/  1000  alive=   10000  CX=  1264  EL=  3299
  Step    300/  1000  alive=   10000  CX=  1255  EL=  3331
  Step    400/  1000  alive=   10000  CX=  1371  EL=  3224
  Step    500/  1000  alive=   10000  CX=  1277  EL=  3279
  Histogram output at step    500, weight_sum =   8.8165E+03
  Step    600/  1000  alive=   10000  CX=  1308  EL=  3353
  Step    700/  1000  alive=   10000  CX=  1308  EL=  3330
  Step    800/  1000  alive=   10000  CX=  1313  EL=  3271
  Step    900/  1000  alive=   10000  CX=  1277  EL=  3286
  Step   1000/  1000  alive=   10000  CX=  1377  EL=  3322
  Histogram output at step   1000, weight_sum =   7.7731E+03
Elapsed time:     127.9200 seconds

Simulation complete.

==========================================
 Scoring Results (time-averaged) [W/m3]
==========================================
          EI              CX              EL              Total
 CL:     5.343873E+05    1.822394E+05   -1.667979E+05    5.498288E+05
 TL:     5.347554E+05   -3.286710E+05   -2.356470E+05   -2.956262E+04
==========================================

==========================================
 Final Statistics
==========================================
  Alive particles  =      10000
  Total weight     =    7773.1241
  Mean energy      =       2.9930 eV
  Eff. temperature =       1.9953 eV
==========================================
  dE Histogram output (collect_time=  1.0000E-05 s)
