==========================================
 3D3V Non-Analog Monte Carlo Simulation
==========================================
  n_particles  =        100
  n_steps      =       1000
  dt           =   1.0000E-08
  tl_el_inner  =         16
  enable_cx    = T
  enable_el    = T
  enable_ei    = F
  weight_min   =   1.0000E-10
  tl_el_table  = ../../tl_el_table_1e6_fixedcdf.dat
  n_i          =   1.0000E+21
  T_i          =     2.00 eV
  T_e          =     2.00 eV
  T_init       =     2.00 eV
==========================================
 CDF file size:     549055 bytes
 CDF data points read:    23320
 CDF file loaded successfully.
   xs_mult(y):   1.0000E-04  1.0000E-06  1.0000E-06  1.0000E-08  1.0000E-10
   Sigma range [m^2]:   4.7826E-19 -   1.5414E-17
 TL EL pretab table loaded: ../../tl_el_table_1e6_fixedcdf.dat
 nu_max/n_i = sigma_v_max =   4.9903E-12 [m^3/s]
 nu_max =   4.9903E+09 [1/s]

Starting simulation...
  Histogram output at step      1, weight_sum =   1.0000E+02
  Histogram output at step      2, weight_sum =   1.0000E+02
  Histogram output at step      3, weight_sum =   1.0000E+02
  Histogram output at step      5, weight_sum =   1.0000E+02
  Histogram output at step      7, weight_sum =   1.0000E+02
  Histogram output at step     10, weight_sum =   1.0000E+02
  Step    100/  1000  alive=     100  CX=    23  EL=    25
  Step    200/  1000  alive=     100  CX=    10  EL=    17
  Step    300/  1000  alive=     100  CX=    12  EL=    26
  Step    400/  1000  alive=     100  CX=    14  EL=    21
  Step    500/  1000  alive=     100  CX=     9  EL=    23
  Step    600/  1000  alive=     100  CX=    12  EL=    25
  Step    700/  1000  alive=     100  CX=    14  EL=    19
  Step    800/  1000  alive=     100  CX=    15  EL=    14
  Step    900/  1000  alive=     100  CX=    17  EL=    19
  Step   1000/  1000  alive=     100  CX=    11  EL=    13
Elapsed time:       1.0770 seconds

Simulation complete.

================================================================================
 Scoring Results (time-averaged) [W/m3]
================================================================================
                              EI              CX              EL           Total
          A(EL):                                   -6.234601E+04                
             CL:    0.000000E+00   -4.609122E+06    4.849689E+06    2.405677E+05
    CLInner(EL):                                   -1.436375E+04                
             TR:    0.000000E+00   -2.835365E+05    3.808147E+06    3.524611E+06
    TRInner(EL):                                   -3.562575E+04                
   TRPretab(EL):                                   -1.747461E+03                
================================================================================

==========================================
 Final Statistics
==========================================
  Alive particles  =        100
  Total weight     =     100.0000
  Mean energy      =       3.0261 eV
  Eff. temperature =       2.0174 eV
==========================================
  dE Histogram output (collect_time=  1.0000E-05 s)
