==========================================
 3D3V Non-Analog Monte Carlo Simulation
==========================================
  n_particles  =         10
  n_steps      =       1000
  dt           =   1.0000E-08
  enable_cx    = T
  enable_el    = T
  enable_ei    = T
  weight_min   =   1.0000E-08
  n_i          =   1.0000E+21
  T_i          =     2.00 eV
  T_e          =     2.00 eV
  T_init       =     2.00 eV
==========================================
 Ensemble Run ID:           27 , Adjusted Base Seed:   1994126856
 CDF file size:     497928 bytes
 CDF data points read:    23320
 CDF file loaded successfully.
   Sigma range [m^2]:   8.1600E-19 -   1.6604E-17
 nu_max/n_i = sigma_v_max =   8.2930E-12 [m^3/s]
 nu_max =   8.2930E+09 [1/s]

Starting simulation...
  Histogram output at step      1, weight_sum =   9.9975E+00
  Histogram output at step     10, weight_sum =   9.9748E+00
  Histogram output at step     50, weight_sum =   9.8748E+00
  Step    100/  1000  alive=      10  CX=     1  EL=     3
  Histogram output at step    100, weight_sum =   9.7512E+00
  Step    200/  1000  alive=      10  CX=     3  EL=     2
  Step    300/  1000  alive=      10  CX=     4  EL=     5
  Step    400/  1000  alive=      10  CX=     4  EL=     1
  Step    500/  1000  alive=      10  CX=     5  EL=     2
  Histogram output at step    500, weight_sum =   8.8165E+00
  Step    600/  1000  alive=      10  CX=     2  EL=     5
  Step    700/  1000  alive=      10  CX=     1  EL=     0
  Step    800/  1000  alive=      10  CX=     3  EL=     5
  Step    900/  1000  alive=      10  CX=     2  EL=     2
  Step   1000/  1000  alive=      10  CX=     0  EL=     3
  Histogram output at step   1000, weight_sum =   7.7731E+00
Elapsed time:       0.6632 seconds

Simulation complete.

==========================================
 Scoring Results (time-averaged) [W/m3]
==========================================
          EI              CX              EL              Total
 CL:     5.225126E+05   -6.694549E+06    7.586640E+06    1.414603E+06
 TL:     5.288880E+05   -4.507037E+06   -3.292338E+06   -7.270487E+06
==========================================

==========================================
 Final Statistics
==========================================
  Alive particles  =         10
  Total weight     =       7.7731
  Mean energy      =       2.3930 eV
  Eff. temperature =       1.5953 eV
==========================================
  dE Histogram output (collect_time=  1.0000E-05 s)
