==========================================
 3D3V Non-Analog Monte Carlo Simulation
==========================================
  n_particles  =      10000
  n_steps      =       1000
  dt           =   1.0000E-08
  tl_el_inner  =         16
  enable_cx    = T
  enable_el    = T
  enable_ei    = T
  weight_min   =   1.0000E-10
  tl_el_table  = ../../tl_el_table_fixedcdf.dat
  n_i          =   1.0000E+21
  T_i          =     2.00 eV
  T_e          =     2.00 eV
  T_init       =     2.00 eV
==========================================
 CDF file size:     549055 bytes
 CDF data points read:    23320
 CDF file loaded successfully.
   xs_mult(y):   1.0000E-04  1.0000E-06  1.0000E-06  1.0000E-08  1.0000E-10
   Sigma range [m^2]:   4.7826E-19 -   1.5414E-17
 TL EL pretab table loaded: ../../tl_el_table_fixedcdf.dat
 nu_max/n_i = sigma_v_max =   4.9903E-12 [m^3/s]
 nu_max =   4.9903E+09 [1/s]

Starting simulation...
  Histogram output at step      1, weight_sum =   9.9975E+03
  Histogram output at step     10, weight_sum =   9.9748E+03
  Histogram output at step     50, weight_sum =   9.8748E+03
  Step    100/  1000  alive=   10000  CX=  1313  EL=  2374
  Histogram output at step    100, weight_sum =   9.7512E+03
  Step    200/  1000  alive=   10000  CX=  1303  EL=  2200
  Step    300/  1000  alive=   10000  CX=  1304  EL=  2220
  Step    400/  1000  alive=   10000  CX=  1345  EL=  2242
  Step    500/  1000  alive=   10000  CX=  1324  EL=  2275
  Histogram output at step    500, weight_sum =   8.8165E+03
  Step    600/  1000  alive=   10000  CX=  1317  EL=  2233
  Step    700/  1000  alive=   10000  CX=  1277  EL=  2195
  Step    800/  1000  alive=   10000  CX=  1265  EL=  2285
  Step    900/  1000  alive=   10000  CX=  1229  EL=  2252
  Step   1000/  1000  alive=   10000  CX=  1358  EL=  2229
  Histogram output at step   1000, weight_sum =   7.7731E+03
Elapsed time:      58.0486 seconds

Simulation complete.

==========================================
 Scoring Results (time-averaged) [W/m3]
==========================================
          EI              CX              EL              Total
 A(EL):    -2.028734E+04
 CL:     5.350690E+05    9.414369E+04    1.122406E+07    1.185327E+07
 CLInner(EL):     4.091979E+03
 TR:     5.354532E+05   -2.756915E+02    7.750412E+06    8.285590E+06
 TRInner(EL):     1.824713E+03
 TRPretab(EL):    -3.360021E+03
==========================================

==========================================
 Final Statistics
==========================================
  Alive particles  =      10000
  Total weight     =    7773.1241
  Mean energy      =       3.0249 eV
  Eff. temperature =       2.0166 eV
==========================================
  dE Histogram output (collect_time=  1.0000E-05 s)
