==========================================
 3D3V Non-Analog Monte Carlo Simulation
==========================================
  n_particles  =        100
  n_steps      =       1000
  dt           =   1.0000E-08
  enable_cx    = T
  enable_el    = T
  enable_ei    = T
  weight_min   =   1.0000E-10
  n_i          =   1.0000E+21
  T_i          =     2.00 eV
  T_e          =     2.00 eV
  T_init       =     2.00 eV
==========================================
 CDF file size:     497928 bytes
 CDF data points read:    23320
 CDF file loaded successfully.
   xs_mult(y):   1.0000E-04  1.0000E-06  1.0000E-06  1.0000E-08  1.0000E-10
   Sigma range [m^2]:   8.1600E-19 -   1.6604E-17
 nu_max/n_i = sigma_v_max =   8.2930E-12 [m^3/s]
 nu_max =   8.2930E+09 [1/s]

Starting simulation...
  Histogram output at step      1, weight_sum =   9.9975E+01
  Histogram output at step     10, weight_sum =   9.9748E+01
  Histogram output at step     50, weight_sum =   9.8748E+01
  Step    100/  1000  alive=     100  CX=    13  EL=    35
  Histogram output at step    100, weight_sum =   9.7512E+01
  Step    200/  1000  alive=     100  CX=    15  EL=    35
  Step    300/  1000  alive=     100  CX=    15  EL=    47
  Step    400/  1000  alive=     100  CX=    16  EL=    35
  Step    500/  1000  alive=     100  CX=    11  EL=    33
  Histogram output at step    500, weight_sum =   8.8165E+01
  Step    600/  1000  alive=     100  CX=    20  EL=    25
  Step    700/  1000  alive=     100  CX=     7  EL=    34
  Step    800/  1000  alive=     100  CX=    12  EL=    42
  Step    900/  1000  alive=     100  CX=     8  EL=    38
  Step   1000/  1000  alive=     100  CX=     9  EL=    39
  Histogram output at step   1000, weight_sum =   7.7731E+01
Elapsed time:       0.8733 seconds

Simulation complete.

==========================================
 Scoring Results (time-averaged) [W/m3]
==========================================
          EI              CX              EL              Total
 CL:     5.306551E+05   -3.305397E+05    1.374183E+05    3.375336E+05
 TL:     5.311233E+05   -3.006547E+06   -1.024405E+06   -3.499828E+06
 TLLookup:     5.311233E+05   -3.006547E+06    2.891811E+07    2.644268E+07
==========================================

==========================================
 Final Statistics
==========================================
  Alive particles  =        100
  Total weight     =      77.7312
  Mean energy      =       2.8960 eV
  Eff. temperature =       1.9307 eV
==========================================
  dE Histogram output (collect_time=  1.0000E-05 s)
