==========================================
 3D3V Non-Analog Monte Carlo Simulation
==========================================
  n_particles  =         10
  n_steps      =       1000
  dt           =   1.0000E-08
  tl_el_inner  =         16
  enable_cx    = T
  enable_el    = T
  enable_ei    = T
  weight_min   =   1.0000E-10
  tl_el_table  = ../../tl_el_table.dat
  n_i          =   1.0000E+21
  T_i          =     2.00 eV
  T_e          =     2.00 eV
  T_init       =     2.00 eV
==========================================
 CDF file size:     497928 bytes
 CDF data points read:    23320
 CDF file loaded successfully.
   xs_mult(y):   1.0000E-04  1.0000E-06  1.0000E-06  1.0000E-08  1.0000E-10
   Sigma range [m^2]:   8.1600E-19 -   1.6604E-17
 TL EL pretab table loaded: ../../tl_el_table.dat
 nu_max/n_i = sigma_v_max =   8.2930E-12 [m^3/s]
 nu_max =   8.2930E+09 [1/s]

Starting simulation...
  Histogram output at step      1, weight_sum =   9.9975E+00
  Histogram output at step     10, weight_sum =   9.9748E+00
  Histogram output at step     50, weight_sum =   9.8748E+00
  Step    100/  1000  alive=      10  CX=     2  EL=     2
  Histogram output at step    100, weight_sum =   9.7512E+00
  Step    200/  1000  alive=      10  CX=     0  EL=     3
  Step    300/  1000  alive=      10  CX=     2  EL=     4
  Step    400/  1000  alive=      10  CX=     3  EL=     3
  Step    500/  1000  alive=      10  CX=     2  EL=     2
  Histogram output at step    500, weight_sum =   8.8165E+00
  Step    600/  1000  alive=      10  CX=     2  EL=     3
  Step    700/  1000  alive=      10  CX=     2  EL=     6
  Step    800/  1000  alive=      10  CX=     4  EL=     6
  Step    900/  1000  alive=      10  CX=     1  EL=     3
  Step   1000/  1000  alive=      10  CX=     1  EL=     2
  Histogram output at step   1000, weight_sum =   7.7731E+00
Elapsed time:       0.7100 seconds

Simulation complete.

==========================================
 Scoring Results (time-averaged) [W/m3]
==========================================
          EI              CX              EL              Total
 A(EL):     4.187399E+06
 CL:     5.452647E+05    1.301805E+07    9.752664E+07    1.110900E+08
 CLInner(EL):     1.099518E+07
 TR:     5.452023E+05    1.607894E+07    6.329752E+07    7.992167E+07
 TRInner(EL):     6.126214E+06
 TRPretab(EL):     4.279453E+06
==========================================

==========================================
 Final Statistics
==========================================
  Alive particles  =         10
  Total weight     =       7.7731
  Mean energy      =       1.9872 eV
  Eff. temperature =       1.3248 eV
==========================================
  dE Histogram output (collect_time=  1.0000E-05 s)
