==========================================
 3D3V Non-Analog Monte Carlo Simulation
==========================================
  n_particles  =         10
  n_steps      =       1000
  dt           =   1.0000E-08
  tl_el_inner  =         16
  enable_cx    = T
  enable_el    = T
  enable_ei    = F
  weight_min   =   1.0000E-10
  tl_el_table  = ../../tl_el_table_1e6.dat
  n_i          =   1.0000E+21
  T_i          =     2.00 eV
  T_e          =     2.00 eV
  T_init       =     2.00 eV
==========================================
 CDF file size:     497928 bytes
 CDF data points read:    23320
 CDF file loaded successfully.
   xs_mult(y):   1.0000E-04  1.0000E-06  1.0000E-06  1.0000E-08  1.0000E-10
   Sigma range [m^2]:   8.1600E-19 -   1.6604E-17
 TL EL pretab table loaded: ../../tl_el_table_1e6.dat
 nu_max/n_i = sigma_v_max =   8.2930E-12 [m^3/s]
 nu_max =   8.2930E+09 [1/s]

Starting simulation...
  Histogram output at step      1, weight_sum =   1.0000E+01
  Histogram output at step      2, weight_sum =   1.0000E+01
  Histogram output at step      3, weight_sum =   1.0000E+01
  Histogram output at step      5, weight_sum =   1.0000E+01
  Histogram output at step      7, weight_sum =   1.0000E+01
  Histogram output at step     10, weight_sum =   1.0000E+01
  Step    100/  1000  alive=      10  CX=     2  EL=     4
  Step    200/  1000  alive=      10  CX=     2  EL=     4
  Step    300/  1000  alive=      10  CX=     0  EL=     5
  Step    400/  1000  alive=      10  CX=     0  EL=     5
  Step    500/  1000  alive=      10  CX=     1  EL=     4
  Step    600/  1000  alive=      10  CX=     1  EL=     4
  Step    700/  1000  alive=      10  CX=     2  EL=     2
  Step    800/  1000  alive=      10  CX=     1  EL=     3
  Step    900/  1000  alive=      10  CX=     3  EL=    12
  Step   1000/  1000  alive=      10  CX=     0  EL=     6
Elapsed time:       0.4750 seconds

Simulation complete.

================================================================================
 Scoring Results (time-averaged) [W/m3]
================================================================================
                              EI              CX              EL           Total
          A(EL):                                    3.521492E+06                
             CL:    0.000000E+00    5.172704E+06    5.152983E+07    5.670253E+07
    CLInner(EL):                                    5.361320E+06                
             TR:    0.000000E+00    3.304618E+06    3.974456E+07    4.304918E+07
    TRInner(EL):                                   -1.058257E+06                
   TRPretab(EL):                                    6.384693E+06                
================================================================================

==========================================
 Final Statistics
==========================================
  Alive particles  =         10
  Total weight     =      10.0000
  Mean energy      =       1.9513 eV
  Eff. temperature =       1.3009 eV
==========================================
  dE Histogram output (collect_time=  1.0000E-05 s)
