==========================================
 3D3V Non-Analog Monte Carlo Simulation
==========================================
  n_particles  =        100
  n_steps      =       1000
  dt           =   1.0000E-08
  tl_el_inner  =         16
  enable_cx    = T
  enable_el    = T
  enable_ei    = F
  weight_min   =   1.0000E-10
  tl_el_table  = ../../tl_el_table_1e6.dat
  n_i          =   1.0000E+21
  T_i          =     2.00 eV
  T_e          =     2.00 eV
  T_init       =     2.00 eV
==========================================
 CDF file size:     497928 bytes
 CDF data points read:    23320
 CDF file loaded successfully.
   xs_mult(y):   1.0000E-04  1.0000E-06  1.0000E-06  1.0000E-08  1.0000E-10
   Sigma range [m^2]:   8.1600E-19 -   1.6604E-17
 TL EL pretab table loaded: ../../tl_el_table_1e6.dat
 nu_max/n_i = sigma_v_max =   8.2930E-12 [m^3/s]
 nu_max =   8.2930E+09 [1/s]

Starting simulation...
  Histogram output at step      1, weight_sum =   1.0000E+02
  Histogram output at step      2, weight_sum =   1.0000E+02
  Histogram output at step      3, weight_sum =   1.0000E+02
  Histogram output at step      5, weight_sum =   1.0000E+02
  Histogram output at step      7, weight_sum =   1.0000E+02
  Histogram output at step     10, weight_sum =   1.0000E+02
  Step    100/  1000  alive=     100  CX=    25  EL=    35
  Step    200/  1000  alive=     100  CX=    11  EL=    35
  Step    300/  1000  alive=     100  CX=    17  EL=    31
  Step    400/  1000  alive=     100  CX=    15  EL=    36
  Step    500/  1000  alive=     100  CX=    12  EL=    23
  Step    600/  1000  alive=     100  CX=    14  EL=    35
  Step    700/  1000  alive=     100  CX=    13  EL=    22
  Step    800/  1000  alive=     100  CX=    18  EL=    31
  Step    900/  1000  alive=     100  CX=    23  EL=    30
  Step   1000/  1000  alive=     100  CX=    14  EL=    28
Elapsed time:       0.9231 seconds

Simulation complete.

================================================================================
 Scoring Results (time-averaged) [W/m3]
================================================================================
                              EI              CX              EL           Total
          A(EL):                                    3.063384E+06                
             CL:    0.000000E+00   -1.885208E+06    4.678454E+07    4.489933E+07
    CLInner(EL):                                    1.525766E+06                
             TR:    0.000000E+00    2.988402E+06    3.393269E+07    3.692109E+07
    TRInner(EL):                                   -1.914466E+05                
   TRPretab(EL):                                   -5.796079E+05                
================================================================================

==========================================
 Final Statistics
==========================================
  Alive particles  =        100
  Total weight     =     100.0000
  Mean energy      =       3.0635 eV
  Eff. temperature =       2.0423 eV
==========================================
  dE Histogram output (collect_time=  1.0000E-05 s)
