==========================================
 3D3V Non-Analog Monte Carlo Simulation
==========================================
  n_particles  =        100
  n_steps      =       1000
  dt           =   1.0000E-08
  tl_el_inner  =         16
  enable_cx    = T
  enable_el    = T
  enable_ei    = T
  weight_min   =   1.0000E-10
  tl_el_table  = ../../tl_el_table_fixedcdf.dat
  n_i          =   1.0000E+21
  T_i          =     2.00 eV
  T_e          =     2.00 eV
  T_init       =     2.00 eV
==========================================
 CDF file size:     549055 bytes
 CDF data points read:    23320
 CDF file loaded successfully.
   xs_mult(y):   1.0000E-04  1.0000E-06  1.0000E-06  1.0000E-08  1.0000E-10
   Sigma range [m^2]:   4.7826E-19 -   1.5414E-17
 TL EL pretab table loaded: ../../tl_el_table_fixedcdf.dat
 nu_max/n_i = sigma_v_max =   4.9903E-12 [m^3/s]
 nu_max =   4.9903E+09 [1/s]

Starting simulation...
  Histogram output at step      1, weight_sum =   9.9975E+01
  Histogram output at step     10, weight_sum =   9.9748E+01
  Histogram output at step     50, weight_sum =   9.8748E+01
  Step    100/  1000  alive=     100  CX=    12  EL=    21
  Histogram output at step    100, weight_sum =   9.7512E+01
  Step    200/  1000  alive=     100  CX=     9  EL=    26
  Step    300/  1000  alive=     100  CX=    17  EL=    28
  Step    400/  1000  alive=     100  CX=     9  EL=    22
  Step    500/  1000  alive=     100  CX=    18  EL=    20
  Histogram output at step    500, weight_sum =   8.8165E+01
  Step    600/  1000  alive=     100  CX=    13  EL=    24
  Step    700/  1000  alive=     100  CX=    12  EL=    17
  Step    800/  1000  alive=     100  CX=    15  EL=    20
  Step    900/  1000  alive=     100  CX=    22  EL=    28
  Step   1000/  1000  alive=     100  CX=    11  EL=    23
  Histogram output at step   1000, weight_sum =   7.7731E+01
Elapsed time:       1.1129 seconds

Simulation complete.

==========================================
 Scoring Results (time-averaged) [W/m3]
==========================================
          EI              CX              EL              Total
 A(EL):     4.687094E+04
 CL:     5.314405E+05   -2.476302E+06    1.110307E+07    9.158205E+06
 CLInner(EL):    -1.523981E+04
 TR:     5.344157E+05    3.912602E+06    7.721042E+06    1.216806E+07
 TRInner(EL):    -4.765100E+04
 TRPretab(EL):    -4.148420E+03
==========================================

==========================================
 Final Statistics
==========================================
  Alive particles  =        100
  Total weight     =      77.7312
  Mean energy      =       2.7010 eV
  Eff. temperature =       1.8007 eV
==========================================
  dE Histogram output (collect_time=  1.0000E-05 s)
