==========================================
 3D3V Non-Analog Monte Carlo Simulation
==========================================
  n_particles  =       1000
  n_steps      =       1000
  dt           =   1.0000E-08
  tl_el_inner  =         16
  enable_cx    = T
  enable_el    = T
  enable_ei    = T
  weight_min   =   1.0000E-10
  tl_el_table  = ../../tl_el_table_fixedcdf.dat
  n_i          =   1.0000E+21
  T_i          =     2.00 eV
  T_e          =     2.00 eV
  T_init       =     2.00 eV
==========================================
 CDF file size:     549055 bytes
 CDF data points read:    23320
 CDF file loaded successfully.
   xs_mult(y):   1.0000E-04  1.0000E-06  1.0000E-06  1.0000E-08  1.0000E-10
   Sigma range [m^2]:   4.7826E-19 -   1.5414E-17
 TL EL pretab table loaded: ../../tl_el_table_fixedcdf.dat
 nu_max/n_i = sigma_v_max =   4.9903E-12 [m^3/s]
 nu_max =   4.9903E+09 [1/s]

Starting simulation...
  Histogram output at step      1, weight_sum =   9.9975E+02
  Histogram output at step     10, weight_sum =   9.9748E+02
  Histogram output at step     50, weight_sum =   9.8748E+02
  Step    100/  1000  alive=    1000  CX=   118  EL=   238
  Histogram output at step    100, weight_sum =   9.7512E+02
  Step    200/  1000  alive=    1000  CX=   125  EL=   233
  Step    300/  1000  alive=    1000  CX=   136  EL=   225
  Step    400/  1000  alive=    1000  CX=   126  EL=   201
  Step    500/  1000  alive=    1000  CX=   133  EL=   237
  Histogram output at step    500, weight_sum =   8.8165E+02
  Step    600/  1000  alive=    1000  CX=   144  EL=   238
  Step    700/  1000  alive=    1000  CX=   133  EL=   206
  Step    800/  1000  alive=    1000  CX=   132  EL=   235
  Step    900/  1000  alive=    1000  CX=   121  EL=   221
  Step   1000/  1000  alive=    1000  CX=   131  EL=   218
  Histogram output at step   1000, weight_sum =   7.7731E+02
Elapsed time:       6.0447 seconds

Simulation complete.

==========================================
 Scoring Results (time-averaged) [W/m3]
==========================================
          EI              CX              EL              Total
 A(EL):     3.057249E+04
 CL:     5.373346E+05    3.838913E+05    1.131307E+07    1.223429E+07
 CLInner(EL):     9.285555E+03
 TR:     5.364342E+05    9.648515E+05    7.775726E+06    9.277012E+06
 TRInner(EL):    -3.012333E+03
 TRPretab(EL):    -1.949771E+03
==========================================

==========================================
 Final Statistics
==========================================
  Alive particles  =       1000
  Total weight     =     777.3124
  Mean energy      =       3.0767 eV
  Eff. temperature =       2.0511 eV
==========================================
  dE Histogram output (collect_time=  1.0000E-05 s)
