==========================================
 3D3V Non-Analog Monte Carlo Simulation
==========================================
  n_particles  =        100
  n_steps      =       1000
  dt           =   1.0000E-08
  tl_el_inner  =         16
  enable_cx    = T
  enable_el    = T
  enable_ei    = F
  weight_min   =   1.0000E-10
  tl_el_table  = ../../tl_el_table_1e6.dat
  n_i          =   1.0000E+21
  T_i          =     2.00 eV
  T_e          =     2.00 eV
  T_init       =     2.00 eV
==========================================
 CDF file size:     497928 bytes
 CDF data points read:    23320
 CDF file loaded successfully.
   xs_mult(y):   1.0000E-04  1.0000E-06  1.0000E-06  1.0000E-08  1.0000E-10
   Sigma range [m^2]:   8.1600E-19 -   1.6604E-17
 TL EL pretab table loaded: ../../tl_el_table_1e6.dat
 nu_max/n_i = sigma_v_max =   8.2930E-12 [m^3/s]
 nu_max =   8.2930E+09 [1/s]

Starting simulation...
  Histogram output at step      1, weight_sum =   1.0000E+02
  Histogram output at step      2, weight_sum =   1.0000E+02
  Histogram output at step      3, weight_sum =   1.0000E+02
  Histogram output at step      5, weight_sum =   1.0000E+02
  Histogram output at step      7, weight_sum =   1.0000E+02
  Histogram output at step     10, weight_sum =   1.0000E+02
  Step    100/  1000  alive=     100  CX=    11  EL=    37
  Step    200/  1000  alive=     100  CX=    17  EL=    29
  Step    300/  1000  alive=     100  CX=    12  EL=    40
  Step    400/  1000  alive=     100  CX=    13  EL=    28
  Step    500/  1000  alive=     100  CX=    13  EL=    39
  Step    600/  1000  alive=     100  CX=    18  EL=    19
  Step    700/  1000  alive=     100  CX=    14  EL=    31
  Step    800/  1000  alive=     100  CX=    13  EL=    28
  Step    900/  1000  alive=     100  CX=    20  EL=    45
  Step   1000/  1000  alive=     100  CX=    13  EL=    35
Elapsed time:       0.8609 seconds

Simulation complete.

================================================================================
 Scoring Results (time-averaged) [W/m3]
================================================================================
                              EI              CX              EL           Total
          A(EL):                                    1.044934E+06                
             CL:    0.000000E+00    3.436775E+06    5.051212E+07    5.394890E+07
    CLInner(EL):                                    5.559832E+06                
             TR:    0.000000E+00    1.575595E+06    3.583213E+07    3.740772E+07
    TRInner(EL):                                    2.053685E+06                
   TRPretab(EL):                                    1.862718E+06                
================================================================================

==========================================
 Final Statistics
==========================================
  Alive particles  =        100
  Total weight     =     100.0000
  Mean energy      =       2.6354 eV
  Eff. temperature =       1.7570 eV
==========================================
  dE Histogram output (collect_time=  1.0000E-05 s)
