==========================================
 3D3V Non-Analog Monte Carlo Simulation
==========================================
  n_particles  =       1000
  n_steps      =       1000
  dt           =   1.0000E-08
  tl_el_inner  =         16
  enable_cx    = T
  enable_el    = T
  enable_ei    = F
  weight_min   =   1.0000E-10
  tl_el_table  = ../../tl_el_table_1e6.dat
  n_i          =   1.0000E+21
  T_i          =     2.00 eV
  T_e          =     2.00 eV
  T_init       =     2.00 eV
==========================================
 CDF file size:     497928 bytes
 CDF data points read:    23320
 CDF file loaded successfully.
   xs_mult(y):   1.0000E-04  1.0000E-06  1.0000E-06  1.0000E-08  1.0000E-10
   Sigma range [m^2]:   8.1600E-19 -   1.6604E-17
 TL EL pretab table loaded: ../../tl_el_table_1e6.dat
 nu_max/n_i = sigma_v_max =   8.2930E-12 [m^3/s]
 nu_max =   8.2930E+09 [1/s]

Starting simulation...
  Histogram output at step      1, weight_sum =   1.0000E+03
  Histogram output at step      2, weight_sum =   1.0000E+03
  Histogram output at step      3, weight_sum =   1.0000E+03
  Histogram output at step      5, weight_sum =   1.0000E+03
  Histogram output at step      7, weight_sum =   1.0000E+03
  Histogram output at step     10, weight_sum =   1.0000E+03
  Step    100/  1000  alive=    1000  CX=   118  EL=   324
  Step    200/  1000  alive=    1000  CX=   120  EL=   335
  Step    300/  1000  alive=    1000  CX=   139  EL=   336
  Step    400/  1000  alive=    1000  CX=   123  EL=   339
  Step    500/  1000  alive=    1000  CX=   118  EL=   333
  Step    600/  1000  alive=    1000  CX=   139  EL=   323
  Step    700/  1000  alive=    1000  CX=   130  EL=   342
  Step    800/  1000  alive=    1000  CX=   143  EL=   325
  Step    900/  1000  alive=    1000  CX=   140  EL=   347
  Step   1000/  1000  alive=    1000  CX=   131  EL=   348
Elapsed time:       8.7060 seconds

Simulation complete.

================================================================================
 Scoring Results (time-averaged) [W/m3]
================================================================================
                              EI              CX              EL           Total
          A(EL):                                   -8.353934E+05                
             CL:    0.000000E+00   -6.267109E+04    4.701138E+07    4.694871E+07
    CLInner(EL):                                    2.149388E+06                
             TR:    0.000000E+00    8.726240E+04    3.399557E+07    3.408283E+07
    TRInner(EL):                                   -3.680945E+05                
   TRPretab(EL):                                   -3.696688E+05                
================================================================================

==========================================
 Final Statistics
==========================================
  Alive particles  =       1000
  Total weight     =    1000.0000
  Mean energy      =       2.9858 eV
  Eff. temperature =       1.9906 eV
==========================================
  dE Histogram output (collect_time=  1.0000E-05 s)
