==========================================
 3D3V Non-Analog Monte Carlo Simulation
==========================================
  n_particles  =      10000
  n_steps      =       1000
  dt           =   1.0000E-08
  enable_cx    = T
  enable_el    = T
  enable_ei    = T
  weight_min   =   1.0000E-10
  n_i          =   1.0000E+21
  T_i          =     2.00 eV
  T_e          =     2.00 eV
  T_init       =     2.00 eV
==========================================
 CDF file size:     497928 bytes
 CDF data points read:    23320
 CDF file loaded successfully.
   xs_mult(y):   1.0000E-04  1.0000E-06  1.0000E-06  1.0000E-08  1.0000E-10
   Sigma range [m^2]:   8.1600E-19 -   1.6604E-17
 nu_max/n_i = sigma_v_max =   8.2930E-12 [m^3/s]
 nu_max =   8.2930E+09 [1/s]

Starting simulation...
  Histogram output at step      1, weight_sum =   9.9975E+03
  Histogram output at step     10, weight_sum =   9.9748E+03
  Histogram output at step     50, weight_sum =   9.8748E+03
  Step    100/  1000  alive=   10000  CX=  1303  EL=  3636
  Histogram output at step    100, weight_sum =   9.7512E+03
  Step    200/  1000  alive=   10000  CX=  1292  EL=  3505
  Step    300/  1000  alive=   10000  CX=  1332  EL=  3830
  Step    400/  1000  alive=   10000  CX=  1327  EL=  3581
  Step    500/  1000  alive=   10000  CX=  1319  EL=  3659
  Histogram output at step    500, weight_sum =   8.8165E+03
  Step    600/  1000  alive=   10000  CX=  1316  EL=  3622
  Step    700/  1000  alive=   10000  CX=  1319  EL=  3637
  Step    800/  1000  alive=   10000  CX=  1378  EL=  3782
  Step    900/  1000  alive=   10000  CX=  1320  EL=  3646
  Step   1000/  1000  alive=   10000  CX=  1301  EL=  3701
  Histogram output at step   1000, weight_sum =   7.7731E+03
Elapsed time:      36.3217 seconds

Simulation complete.

==========================================
 Scoring Results (time-averaged) [W/m3]
==========================================
          EI              CX              EL              Total
 CL:     5.353011E+05   -1.740693E+05    1.948364E+05    5.560682E+05
 TL:     5.351215E+05   -6.062615E+04    2.094833E+05    6.839787E+05
 TLLookup:     5.351215E+05   -6.062615E+04    3.051428E+07    3.098877E+07
==========================================

==========================================
 Final Statistics
==========================================
  Alive particles  =      10000
  Total weight     =    7773.1241
  Mean energy      =       3.0240 eV
  Eff. temperature =       2.0160 eV
==========================================
  dE Histogram output (collect_time=  1.0000E-05 s)
