==========================================
 3D3V Non-Analog Monte Carlo Simulation
==========================================
  n_particles  =      10000
  n_steps      =       1000
  dt           =   1.0000E-08
  tl_el_inner  =         16
  enable_cx    = T
  enable_el    = T
  enable_ei    = T
  weight_min   =   1.0000E-10
  tl_el_table  = ../../tl_el_table.dat
  n_i          =   1.0000E+21
  T_i          =     2.00 eV
  T_e          =     2.00 eV
  T_init       =     2.00 eV
==========================================
 CDF file size:     497928 bytes
 CDF data points read:    23320
 CDF file loaded successfully.
   xs_mult(y):   1.0000E-04  1.0000E-06  1.0000E-06  1.0000E-08  1.0000E-10
   Sigma range [m^2]:   8.1600E-19 -   1.6604E-17
 TL EL pretab table loaded: ../../tl_el_table.dat
 nu_max/n_i = sigma_v_max =   8.2930E-12 [m^3/s]
 nu_max =   8.2930E+09 [1/s]

Starting simulation...
  Histogram output at step      1, weight_sum =   9.9975E+03
  Histogram output at step     10, weight_sum =   9.9748E+03
  Histogram output at step     50, weight_sum =   9.8748E+03
  Step    100/  1000  alive=   10000  CX=  1297  EL=  3772
  Histogram output at step    100, weight_sum =   9.7512E+03
  Step    200/  1000  alive=   10000  CX=  1295  EL=  3697
  Step    300/  1000  alive=   10000  CX=  1293  EL=  3686
  Step    400/  1000  alive=   10000  CX=  1312  EL=  3743
  Step    500/  1000  alive=   10000  CX=  1309  EL=  3786
  Histogram output at step    500, weight_sum =   8.8165E+03
  Step    600/  1000  alive=   10000  CX=  1409  EL=  3581
  Step    700/  1000  alive=   10000  CX=  1361  EL=  3710
  Step    800/  1000  alive=   10000  CX=  1311  EL=  3631
  Step    900/  1000  alive=   10000  CX=  1296  EL=  3718
  Step   1000/  1000  alive=   10000  CX=  1292  EL=  3673
  Histogram output at step   1000, weight_sum =   7.7731E+03
Elapsed time:      55.7804 seconds

Simulation complete.

==========================================
 Scoring Results (time-averaged) [W/m3]
==========================================
          EI              CX              EL              Total
 A(EL):    -1.405268E+05
 CL:     5.350517E+05   -8.847643E+03    9.213423E+07    9.266043E+07
 CLInner(EL):     1.919238E+06
 TR:     5.350130E+05   -3.529150E+05    6.041349E+07    6.059559E+07
 TRInner(EL):     3.202273E+04
 TRPretab(EL):     2.400859E+05
==========================================

==========================================
 Final Statistics
==========================================
  Alive particles  =      10000
  Total weight     =    7773.1241
  Mean energy      =       2.9749 eV
  Eff. temperature =       1.9833 eV
==========================================
  dE Histogram output (collect_time=  1.0000E-05 s)
