==========================================
 3D3V Non-Analog Monte Carlo Simulation
==========================================
  n_particles  =      10000
  n_steps      =       1000
  dt           =   1.0000E-08
  tl_el_inner  =         16
  enable_cx    = T
  enable_el    = T
  enable_ei    = F
  weight_min   =   1.0000E-10
  tl_el_table  = ../../tl_el_table_1e6_fixedcdf.dat
  n_i          =   1.0000E+21
  T_i          =     2.00 eV
  T_e          =     2.00 eV
  T_init       =     2.00 eV
==========================================
 CDF file size:     549055 bytes
 CDF data points read:    23320
 CDF file loaded successfully.
   xs_mult(y):   1.0000E-04  1.0000E-06  1.0000E-06  1.0000E-08  1.0000E-10
   Sigma range [m^2]:   4.7826E-19 -   1.5414E-17
 TL EL pretab table loaded: ../../tl_el_table_1e6_fixedcdf.dat
 nu_max/n_i = sigma_v_max =   4.9903E-12 [m^3/s]
 nu_max =   4.9903E+09 [1/s]

Starting simulation...
  Histogram output at step      1, weight_sum =   1.0000E+04
  Histogram output at step      2, weight_sum =   1.0000E+04
  Histogram output at step      3, weight_sum =   1.0000E+04
  Histogram output at step      5, weight_sum =   1.0000E+04
  Histogram output at step      7, weight_sum =   1.0000E+04
  Histogram output at step     10, weight_sum =   1.0000E+04
  Step    100/  1000  alive=   10000  CX=  1312  EL=  2006
  Step    200/  1000  alive=   10000  CX=  1323  EL=  2010
  Step    300/  1000  alive=   10000  CX=  1292  EL=  1999
  Step    400/  1000  alive=   10000  CX=  1266  EL=  1982
  Step    500/  1000  alive=   10000  CX=  1281  EL=  1961
  Step    600/  1000  alive=   10000  CX=  1387  EL=  2050
  Step    700/  1000  alive=   10000  CX=  1354  EL=  1965
  Step    800/  1000  alive=   10000  CX=  1284  EL=  1995
  Step    900/  1000  alive=   10000  CX=  1366  EL=  1989
  Step   1000/  1000  alive=   10000  CX=  1264  EL=  1992
Elapsed time:      63.8566 seconds

Simulation complete.

================================================================================
 Scoring Results (time-averaged) [W/m3]
================================================================================
                              EI              CX              EL           Total
          A(EL):                                   -1.892591E+03                
             CL:    0.000000E+00   -2.092665E+05    5.117481E+06    4.908214E+06
    CLInner(EL):                                    3.013587E+03                
             TR:    0.000000E+00   -6.075341E+05    3.940316E+06    3.332782E+06
    TRInner(EL):                                    1.051802E+03                
   TRPretab(EL):                                    6.221776E+02                
================================================================================

==========================================
 Final Statistics
==========================================
  Alive particles  =      10000
  Total weight     =   10000.0000
  Mean energy      =       2.9925 eV
  Eff. temperature =       1.9950 eV
==========================================
  dE Histogram output (collect_time=  1.0000E-05 s)
