==========================================
 3D3V Non-Analog Monte Carlo Simulation
==========================================
  n_particles  =      10000
  n_steps      =       1000
  dt           =   1.0000E-08
  enable_cx    = T
  enable_el    = T
  enable_ei    = T
  weight_min   =   1.0000E-10
  n_i          =   1.0000E+21
  T_i          =     2.00 eV
  T_e          =     2.00 eV
  T_init       =     2.00 eV
==========================================
 CDF file size:     497928 bytes
 CDF data points read:    23320
 CDF file loaded successfully.
   xs_mult(y):   1.0000E-04  1.0000E-06  1.0000E-06  1.0000E-08  1.0000E-10
   Sigma range [m^2]:   8.1600E-19 -   1.6604E-17
 nu_max/n_i = sigma_v_max =   8.2930E-12 [m^3/s]
 nu_max =   8.2930E+09 [1/s]

Starting simulation...
  Histogram output at step      1, weight_sum =   9.9975E+03
  Histogram output at step     10, weight_sum =   9.9748E+03
  Histogram output at step     50, weight_sum =   9.8748E+03
  Step    100/  1000  alive=   10000  CX=  1269  EL=  3865
  Histogram output at step    100, weight_sum =   9.7512E+03
  Step    200/  1000  alive=   10000  CX=  1303  EL=  3640
  Step    300/  1000  alive=   10000  CX=  1317  EL=  3630
  Step    400/  1000  alive=   10000  CX=  1313  EL=  3642
  Step    500/  1000  alive=   10000  CX=  1283  EL=  3691
  Histogram output at step    500, weight_sum =   8.8165E+03
  Step    600/  1000  alive=   10000  CX=  1330  EL=  3662
  Step    700/  1000  alive=   10000  CX=  1267  EL=  3634
  Step    800/  1000  alive=   10000  CX=  1312  EL=  3588
  Step    900/  1000  alive=   10000  CX=  1297  EL=  3750
  Step   1000/  1000  alive=   10000  CX=  1303  EL=  3706
  Histogram output at step   1000, weight_sum =   7.7731E+03
Elapsed time:      51.3772 seconds

Simulation complete.

==========================================
 Scoring Results (time-averaged) [W/m3]
==========================================
          EI              CX              EL              Total
 CL:     5.353684E+05    1.509585E+04   -4.937696E+04    5.010872E+05
 TL:     5.356357E+05    1.653950E+05    3.990486E+05    1.100079E+06
 TLLookup:     5.356357E+05    1.653950E+05    3.074215E+07    3.144319E+07
==========================================

==========================================
 Final Statistics
==========================================
  Alive particles  =      10000
  Total weight     =    7773.1241
  Mean energy      =       3.0196 eV
  Eff. temperature =       2.0131 eV
==========================================
  dE Histogram output (collect_time=  1.0000E-05 s)
