==========================================
 3D3V Non-Analog Monte Carlo Simulation
==========================================
  n_particles  =      10000
  n_steps      =       1000
  dt           =   1.0000E-08
  tl_el_inner  =         16
  enable_cx    = F
  enable_el    = T
  enable_ei    = F
  weight_min   =   1.0000E-10
  tl_el_table  = ../../el_data/tl_el_table_1e6.dat
  n_i          =   1.0000E+21
  T_i          =     2.00 eV
  T_e          =     2.00 eV
  T_init       =     2.00 eV
==========================================
 CDF file size:     497928 bytes
 CDF data points read:    23320
 CDF file loaded successfully.
   xs_mult(y):   1.0000E-04  1.0000E-06  1.0000E-06  1.0000E-08  1.0000E-10
   Sigma range [m^2]:   8.1600E-19 -   1.6604E-17
 TL EL pretab table loaded: ../../el_data/tl_el_table_1e6.dat
 nu_max/n_i = sigma_v_max =   8.2930E-12 [m^3/s]
 nu_max =   8.2930E+09 [1/s]

Starting simulation...
  Histogram output at step      1, weight_sum =   1.0000E+04
  Histogram output at step      5, weight_sum =   1.0000E+04
  Histogram output at step     10, weight_sum =   1.0000E+04
  Histogram output at step     50, weight_sum =   1.0000E+04
  Step    100/  1000  alive=   10000  CX=     0  EL=  3265
  Histogram output at step    100, weight_sum =   1.0000E+04
  Step    200/  1000  alive=   10000  CX=     0  EL=  3196
  Step    300/  1000  alive=   10000  CX=     0  EL=  3223
  Step    400/  1000  alive=   10000  CX=     0  EL=  3236
  Step    500/  1000  alive=   10000  CX=     0  EL=  3290
  Histogram output at step    500, weight_sum =   1.0000E+04
  Step    600/  1000  alive=   10000  CX=     0  EL=  3261
  Step    700/  1000  alive=   10000  CX=     0  EL=  3301
  Step    800/  1000  alive=   10000  CX=     0  EL=  3263
  Step    900/  1000  alive=   10000  CX=     0  EL=  3426
  Step   1000/  1000  alive=   10000  CX=     0  EL=  3235
Elapsed time:      60.8890 seconds

Simulation complete.

================================================================================
 Scoring Results (time-averaged) [W/m3]
================================================================================
                              EI              CX              EL           Total
          A(EL):                                   -5.423325E+04                
             CL:    0.000000E+00    0.000000E+00   -1.815229E+06   -1.815229E+06
    CLInner(EL):                                    1.713682E+06                
             TR:    0.000000E+00    0.000000E+00   -1.961010E+06   -1.961010E+06
    TRInner(EL):                                   -2.972241E+05                
   TRPretab(EL):                                   -9.119074E+04                
================================================================================

==========================================
 Final Statistics
==========================================
  Alive particles  =      10000
  Total weight     =   10000.0000
  Mean energy      =       3.0737 eV
  Eff. temperature =       2.0491 eV
==========================================
  dE Histogram output (collect_time=  1.0000E-05 s)
