==========================================
 3D3V Non-Analog Monte Carlo Simulation
==========================================
  n_particles  =        100
  n_steps      =       1000
  dt           =   1.0000E-08
  tl_el_inner  =         16
  enable_cx    = T
  enable_el    = T
  enable_ei    = T
  weight_min   =   1.0000E-10
  tl_el_table  = ../../tl_el_table_fixedcdf.dat
  n_i          =   1.0000E+21
  T_i          =     2.00 eV
  T_e          =     2.00 eV
  T_init       =     2.00 eV
==========================================
 CDF file size:     549055 bytes
 CDF data points read:    23320
 CDF file loaded successfully.
   xs_mult(y):   1.0000E-04  1.0000E-06  1.0000E-06  1.0000E-08  1.0000E-10
   Sigma range [m^2]:   4.7826E-19 -   1.5414E-17
 TL EL pretab table loaded: ../../tl_el_table_fixedcdf.dat
 nu_max/n_i = sigma_v_max =   4.9903E-12 [m^3/s]
 nu_max =   4.9903E+09 [1/s]

Starting simulation...
  Histogram output at step      1, weight_sum =   9.9975E+01
  Histogram output at step     10, weight_sum =   9.9748E+01
  Histogram output at step     50, weight_sum =   9.8748E+01
  Step    100/  1000  alive=     100  CX=     8  EL=    24
  Histogram output at step    100, weight_sum =   9.7512E+01
  Step    200/  1000  alive=     100  CX=    10  EL=    20
  Step    300/  1000  alive=     100  CX=    16  EL=    23
  Step    400/  1000  alive=     100  CX=     6  EL=    20
  Step    500/  1000  alive=     100  CX=    19  EL=    24
  Histogram output at step    500, weight_sum =   8.8165E+01
  Step    600/  1000  alive=     100  CX=    11  EL=    21
  Step    700/  1000  alive=     100  CX=    14  EL=    22
  Step    800/  1000  alive=     100  CX=     9  EL=    31
  Step    900/  1000  alive=     100  CX=    16  EL=    29
  Step   1000/  1000  alive=     100  CX=     6  EL=    25
  Histogram output at step   1000, weight_sum =   7.7731E+01
Elapsed time:       0.9125 seconds

Simulation complete.

==========================================
 Scoring Results (time-averaged) [W/m3]
==========================================
          EI              CX              EL              Total
 A(EL):    -6.833062E+04
 CL:     5.274659E+05   -2.740209E+06    1.085518E+07    8.642434E+06
 CLInner(EL):    -6.970119E+03
 TR:     5.267102E+05   -2.110132E+06    7.512655E+06    5.929233E+06
 TRInner(EL):     1.478963E+04
 TRPretab(EL):    -1.047738E+04
==========================================

==========================================
 Final Statistics
==========================================
  Alive particles  =        100
  Total weight     =      77.7312
  Mean energy      =       2.7553 eV
  Eff. temperature =       1.8369 eV
==========================================
  dE Histogram output (collect_time=  1.0000E-05 s)
