==========================================
 3D3V Non-Analog Monte Carlo Simulation
==========================================
  n_particles  =      10000
  n_steps      =       1000
  dt           =   1.0000E-08
  enable_cx    = T
  enable_el    = T
  enable_ei    = T
  weight_min   =   1.0000E-10
  n_i          =   1.0000E+21
  T_i          =     2.00 eV
  T_e          =     2.00 eV
  T_init       =     2.00 eV
==========================================
 CDF file size:     497928 bytes
 CDF data points read:    23320
 CDF file loaded successfully.
   xs_mult(y):   1.0000E-04  1.0000E-06  1.0000E-06  1.0000E-08  1.0000E-10
   Sigma range [m^2]:   8.1600E-19 -   1.6604E-17
 nu_max/n_i = sigma_v_max =   8.2930E-12 [m^3/s]
 nu_max =   8.2930E+09 [1/s]

Starting simulation...
  Histogram output at step      1, weight_sum =   9.9975E+03
  Histogram output at step     10, weight_sum =   9.9748E+03
  Histogram output at step     50, weight_sum =   9.8748E+03
  Step    100/  1000  alive=   10000  CX=  1331  EL=  3689
  Histogram output at step    100, weight_sum =   9.7512E+03
  Step    200/  1000  alive=   10000  CX=  1329  EL=  3572
  Step    300/  1000  alive=   10000  CX=  1290  EL=  3645
  Step    400/  1000  alive=   10000  CX=  1281  EL=  3703
  Step    500/  1000  alive=   10000  CX=  1306  EL=  3768
  Histogram output at step    500, weight_sum =   8.8165E+03
  Step    600/  1000  alive=   10000  CX=  1319  EL=  3713
  Step    700/  1000  alive=   10000  CX=  1320  EL=  3698
  Step    800/  1000  alive=   10000  CX=  1283  EL=  3694
  Step    900/  1000  alive=   10000  CX=  1326  EL=  3680
  Step   1000/  1000  alive=   10000  CX=  1307  EL=  3764
  Histogram output at step   1000, weight_sum =   7.7731E+03
Elapsed time:      54.5013 seconds

Simulation complete.

==========================================
 Scoring Results (time-averaged) [W/m3]
==========================================
          EI              CX              EL              Total
 CL:     5.356037E+05    2.298344E+04    1.943532E+04    5.780224E+05
 TL:     5.353606E+05    3.915525E+05    6.227955E+05    1.549709E+06
 TLLookup:     5.353606E+05    3.915525E+05    3.061312E+07    3.154004E+07
==========================================

==========================================
 Final Statistics
==========================================
  Alive particles  =      10000
  Total weight     =    7773.1241
  Mean energy      =       2.9812 eV
  Eff. temperature =       1.9875 eV
==========================================
  dE Histogram output (collect_time=  1.0000E-05 s)
