==========================================
 3D3V Non-Analog Monte Carlo Simulation
==========================================
  n_particles  =      10000
  n_steps      =       1000
  dt           =   1.0000E-08
  tl_el_inner  =         16
  enable_cx    = T
  enable_el    = T
  enable_ei    = T
  weight_min   =   1.0000E-10
  tl_el_table  = ../../tl_el_table.dat
  n_i          =   1.0000E+21
  T_i          =     2.00 eV
  T_e          =     2.00 eV
  T_init       =     2.00 eV
==========================================
 CDF file size:     497928 bytes
 CDF data points read:    23320
 CDF file loaded successfully.
   xs_mult(y):   1.0000E-04  1.0000E-06  1.0000E-06  1.0000E-08  1.0000E-10
   Sigma range [m^2]:   8.1600E-19 -   1.6604E-17
 TL EL pretab table loaded: ../../tl_el_table.dat
 nu_max/n_i = sigma_v_max =   8.2930E-12 [m^3/s]
 nu_max =   8.2930E+09 [1/s]

Starting simulation...
  Histogram output at step      1, weight_sum =   9.9975E+03
  Histogram output at step     10, weight_sum =   9.9748E+03
  Histogram output at step     50, weight_sum =   9.8748E+03
  Step    100/  1000  alive=   10000  CX=  1259  EL=  3704
  Histogram output at step    100, weight_sum =   9.7512E+03
  Step    200/  1000  alive=   10000  CX=  1293  EL=  3686
  Step    300/  1000  alive=   10000  CX=  1328  EL=  3614
  Step    400/  1000  alive=   10000  CX=  1320  EL=  3712
  Step    500/  1000  alive=   10000  CX=  1322  EL=  3671
  Histogram output at step    500, weight_sum =   8.8165E+03
  Step    600/  1000  alive=   10000  CX=  1366  EL=  3809
  Step    700/  1000  alive=   10000  CX=  1345  EL=  3737
  Step    800/  1000  alive=   10000  CX=  1448  EL=  3638
  Step    900/  1000  alive=   10000  CX=  1276  EL=  3717
  Step   1000/  1000  alive=   10000  CX=  1398  EL=  3653
  Histogram output at step   1000, weight_sum =   7.7731E+03
Elapsed time:      53.3487 seconds

Simulation complete.

==========================================
 Scoring Results (time-averaged) [W/m3]
==========================================
          EI              CX              EL              Total
 A(EL):     1.598757E+05
 CL:     5.355056E+05    9.550943E+04    9.220581E+07    9.283682E+07
 CLInner(EL):     1.959648E+06
 TR:     5.354192E+05    1.362216E+05    6.051676E+07    6.118840E+07
 TRInner(EL):     1.643735E+05
 TRPretab(EL):     3.418858E+05
==========================================

==========================================
 Final Statistics
==========================================
  Alive particles  =      10000
  Total weight     =    7773.1241
  Mean energy      =       2.9527 eV
  Eff. temperature =       1.9685 eV
==========================================
  dE Histogram output (collect_time=  1.0000E-05 s)
