==========================================
 3D3V Non-Analog Monte Carlo Simulation
==========================================
  n_particles  =     100000
  n_steps      =       1000
  dt           =   1.0000E-08
  enable_cx    = T
  enable_el    = T
  enable_ei    = T
  weight_min   =   1.0000E-10
  n_i          =   1.0000E+21
  T_i          =     2.00 eV
  T_e          =     2.00 eV
  T_init       =     2.00 eV
==========================================
 CDF file size:     497928 bytes
 CDF data points read:    23320
 CDF file loaded successfully.
   xs_mult(y):   1.0000E-04  1.0000E-06  1.0000E-06  1.0000E-08  1.0000E-10
   Sigma range [m^2]:   8.1600E-19 -   1.6604E-17
 nu_max/n_i = sigma_v_max =   8.2930E-12 [m^3/s]
 nu_max =   8.2930E+09 [1/s]

Starting simulation...
  Histogram output at step      1, weight_sum =   9.9975E+04
  Histogram output at step     10, weight_sum =   9.9748E+04
  Histogram output at step     50, weight_sum =   9.8748E+04
  Step    100/  1000  alive=  100000  CX= 12949  EL= 36887
  Histogram output at step    100, weight_sum =   9.7512E+04
  Step    200/  1000  alive=  100000  CX= 13154  EL= 37219
  Step    300/  1000  alive=  100000  CX= 13285  EL= 36895
  Step    400/  1000  alive=  100000  CX= 12909  EL= 36609
  Step    500/  1000  alive=  100000  CX= 13081  EL= 36672
  Histogram output at step    500, weight_sum =   8.8165E+04
  Step    600/  1000  alive=  100000  CX= 13160  EL= 37345
  Step    700/  1000  alive=  100000  CX= 13165  EL= 36914
  Step    800/  1000  alive=  100000  CX= 13255  EL= 36914
  Step    900/  1000  alive=  100000  CX= 13090  EL= 36742
  Step   1000/  1000  alive=  100000  CX= 13075  EL= 36930
  Histogram output at step   1000, weight_sum =   7.7731E+04
Elapsed time:     265.8576 seconds

Simulation complete.

==========================================
 Scoring Results (time-averaged) [W/m3]
==========================================
          EI              CX              EL              Total
 CL:     5.353878E+05    3.708846E+04   -4.615444E+04    5.263218E+05
 TL:     5.354099E+05    5.289821E+04    1.444442E+05    7.327524E+05
 TLLookup:     5.354099E+05    5.289821E+04    3.064064E+07    3.122895E+07
==========================================

==========================================
 Final Statistics
==========================================
  Alive particles  =     100000
  Total weight     =   77731.2409
  Mean energy      =       3.0208 eV
  Eff. temperature =       2.0139 eV
==========================================
  dE Histogram output (collect_time=  1.0000E-05 s)
