==========================================
 3D3V Non-Analog Monte Carlo Simulation
==========================================
  n_particles  =      10000
  n_steps      =       1000
  dt           =   1.0000E-08
  tl_el_inner  =         16
  enable_cx    = T
  enable_el    = T
  enable_ei    = T
  weight_min   =   1.0000E-10
  tl_el_table  = ../../tl_el_table.dat
  n_i          =   1.0000E+21
  T_i          =     2.00 eV
  T_e          =     2.00 eV
  T_init       =     2.00 eV
==========================================
 CDF file size:     497928 bytes
 CDF data points read:    23320
 CDF file loaded successfully.
   xs_mult(y):   1.0000E-04  1.0000E-06  1.0000E-06  1.0000E-08  1.0000E-10
   Sigma range [m^2]:   8.1600E-19 -   1.6604E-17
 TL EL pretab table loaded: ../../tl_el_table.dat
 nu_max/n_i = sigma_v_max =   8.2930E-12 [m^3/s]
 nu_max =   8.2930E+09 [1/s]

Starting simulation...
  Histogram output at step      1, weight_sum =   9.9975E+03
  Histogram output at step     10, weight_sum =   9.9748E+03
  Histogram output at step     50, weight_sum =   9.8748E+03
  Step    100/  1000  alive=   10000  CX=  1291  EL=  3717
  Histogram output at step    100, weight_sum =   9.7512E+03
  Step    200/  1000  alive=   10000  CX=  1297  EL=  3773
  Step    300/  1000  alive=   10000  CX=  1343  EL=  3681
  Step    400/  1000  alive=   10000  CX=  1292  EL=  3686
  Step    500/  1000  alive=   10000  CX=  1356  EL=  3679
  Histogram output at step    500, weight_sum =   8.8165E+03
  Step    600/  1000  alive=   10000  CX=  1334  EL=  3578
  Step    700/  1000  alive=   10000  CX=  1317  EL=  3807
  Step    800/  1000  alive=   10000  CX=  1351  EL=  3721
  Step    900/  1000  alive=   10000  CX=  1311  EL=  3720
  Step   1000/  1000  alive=   10000  CX=  1318  EL=  3719
  Histogram output at step   1000, weight_sum =   7.7731E+03
Elapsed time:      56.9818 seconds

Simulation complete.

==========================================
 Scoring Results (time-averaged) [W/m3]
==========================================
          EI              CX              EL              Total
 A(EL):    -3.154158E+05
 CL:     5.346973E+05   -2.083724E+04    9.200457E+07    9.251843E+07
 CLInner(EL):     1.762274E+06
 TR:     5.348648E+05   -3.713128E+05    6.036014E+07    6.052369E+07
 TRInner(EL):    -6.007814E+04
 TRPretab(EL):     1.255695E+05
==========================================

==========================================
 Final Statistics
==========================================
  Alive particles  =      10000
  Total weight     =    7773.1241
  Mean energy      =       3.0354 eV
  Eff. temperature =       2.0236 eV
==========================================
  dE Histogram output (collect_time=  1.0000E-05 s)
