==========================================
 3D3V Non-Analog Monte Carlo Simulation
==========================================
  n_particles  =      10000
  n_steps      =       1000
  dt           =   1.0000E-08
  tl_el_inner  =         16
  enable_cx    = T
  enable_el    = T
  enable_ei    = T
  weight_min   =   1.0000E-10
  tl_el_table  = ../../tl_el_table_fixedcdf.dat
  n_i          =   1.0000E+21
  T_i          =     2.00 eV
  T_e          =     2.00 eV
  T_init       =     2.00 eV
==========================================
 CDF file size:     549055 bytes
 CDF data points read:    23320
 CDF file loaded successfully.
   xs_mult(y):   1.0000E-04  1.0000E-06  1.0000E-06  1.0000E-08  1.0000E-10
   Sigma range [m^2]:   4.7826E-19 -   1.5414E-17
 TL EL pretab table loaded: ../../tl_el_table_fixedcdf.dat
 nu_max/n_i = sigma_v_max =   4.9903E-12 [m^3/s]
 nu_max =   4.9903E+09 [1/s]

Starting simulation...
  Histogram output at step      1, weight_sum =   9.9975E+03
  Histogram output at step     10, weight_sum =   9.9748E+03
  Histogram output at step     50, weight_sum =   9.8748E+03
  Step    100/  1000  alive=   10000  CX=  1310  EL=  2223
  Histogram output at step    100, weight_sum =   9.7512E+03
  Step    200/  1000  alive=   10000  CX=  1259  EL=  2259
  Step    300/  1000  alive=   10000  CX=  1341  EL=  2254
  Step    400/  1000  alive=   10000  CX=  1361  EL=  2286
  Step    500/  1000  alive=   10000  CX=  1306  EL=  2209
  Histogram output at step    500, weight_sum =   8.8165E+03
  Step    600/  1000  alive=   10000  CX=  1258  EL=  2194
  Step    700/  1000  alive=   10000  CX=  1323  EL=  2242
  Step    800/  1000  alive=   10000  CX=  1275  EL=  2185
  Step    900/  1000  alive=   10000  CX=  1340  EL=  2258
  Step   1000/  1000  alive=   10000  CX=  1331  EL=  2223
  Histogram output at step   1000, weight_sum =   7.7731E+03
Elapsed time:      53.9182 seconds

Simulation complete.

==========================================
 Scoring Results (time-averaged) [W/m3]
==========================================
          EI              CX              EL              Total
 A(EL):     1.276012E+04
 CL:     5.349724E+05   -7.696499E+04    1.121137E+07    1.166938E+07
 CLInner(EL):     3.979406E+03
 TR:     5.351739E+05    1.028845E+05    7.741785E+06    8.379843E+06
 TRInner(EL):    -3.680206E+03
 TRPretab(EL):    -3.409731E+03
==========================================

==========================================
 Final Statistics
==========================================
  Alive particles  =      10000
  Total weight     =    7773.1241
  Mean energy      =       3.0050 eV
  Eff. temperature =       2.0033 eV
==========================================
  dE Histogram output (collect_time=  1.0000E-05 s)
