==========================================
 3D3V Non-Analog Monte Carlo Simulation
==========================================
  n_particles  =      10000
  n_steps      =       1000
  dt           =   1.0000E-08
  tl_el_inner  =         16
  enable_cx    = T
  enable_el    = T
  enable_ei    = T
  weight_min   =   1.0000E-10
  tl_el_table  = ../../tl_el_table.dat
  n_i          =   1.0000E+21
  T_i          =     2.00 eV
  T_e          =     2.00 eV
  T_init       =     2.00 eV
==========================================
 CDF file size:     497928 bytes
 CDF data points read:    23320
 CDF file loaded successfully.
   xs_mult(y):   1.0000E-04  1.0000E-06  1.0000E-06  1.0000E-08  1.0000E-10
   Sigma range [m^2]:   8.1600E-19 -   1.6604E-17
 TL EL pretab table loaded: ../../tl_el_table.dat
 nu_max/n_i = sigma_v_max =   8.2930E-12 [m^3/s]
 nu_max =   8.2930E+09 [1/s]

Starting simulation...
  Histogram output at step      1, weight_sum =   9.9975E+03
  Histogram output at step     10, weight_sum =   9.9748E+03
  Histogram output at step     50, weight_sum =   9.8748E+03
  Step    100/  1000  alive=   10000  CX=  1364  EL=  3693
  Histogram output at step    100, weight_sum =   9.7512E+03
  Step    200/  1000  alive=   10000  CX=  1384  EL=  3779
  Step    300/  1000  alive=   10000  CX=  1313  EL=  3691
  Step    400/  1000  alive=   10000  CX=  1340  EL=  3684
  Step    500/  1000  alive=   10000  CX=  1277  EL=  3712
  Histogram output at step    500, weight_sum =   8.8165E+03
  Step    600/  1000  alive=   10000  CX=  1317  EL=  3717
  Step    700/  1000  alive=   10000  CX=  1342  EL=  3653
  Step    800/  1000  alive=   10000  CX=  1407  EL=  3755
  Step    900/  1000  alive=   10000  CX=  1318  EL=  3714
  Step   1000/  1000  alive=   10000  CX=  1280  EL=  3693
  Histogram output at step   1000, weight_sum =   7.7731E+03
Elapsed time:      55.2084 seconds

Simulation complete.

==========================================
 Scoring Results (time-averaged) [W/m3]
==========================================
          EI              CX              EL              Total
 A(EL):    -7.488256E+04
 CL:     5.344006E+05   -2.783135E+05    9.181429E+07    9.207038E+07
 CLInner(EL):     1.577819E+06
 TR:     5.345482E+05   -3.774717E+05    6.025009E+07    6.040717E+07
 TRInner(EL):    -4.040568E+05
 TRPretab(EL):    -9.506600E+04
==========================================

==========================================
 Final Statistics
==========================================
  Alive particles  =      10000
  Total weight     =    7773.1241
  Mean energy      =       2.9699 eV
  Eff. temperature =       1.9799 eV
==========================================
  dE Histogram output (collect_time=  1.0000E-05 s)
