==========================================
 3D3V Non-Analog Monte Carlo Simulation
==========================================
  n_particles  =      10000
  n_steps      =       1000
  dt           =   1.0000E-08
  tl_el_inner  =         16
  enable_cx    = T
  enable_el    = T
  enable_ei    = T
  weight_min   =   1.0000E-10
  tl_el_table  = ../../tl_el_table_fixedcdf.dat
  n_i          =   1.0000E+21
  T_i          =     2.00 eV
  T_e          =     2.00 eV
  T_init       =     2.00 eV
==========================================
 CDF file size:     549055 bytes
 CDF data points read:    23320
 CDF file loaded successfully.
   xs_mult(y):   1.0000E-04  1.0000E-06  1.0000E-06  1.0000E-08  1.0000E-10
   Sigma range [m^2]:   4.7826E-19 -   1.5414E-17
 TL EL pretab table loaded: ../../tl_el_table_fixedcdf.dat
 nu_max/n_i = sigma_v_max =   4.9903E-12 [m^3/s]
 nu_max =   4.9903E+09 [1/s]

Starting simulation...
  Histogram output at step      1, weight_sum =   9.9975E+03
  Histogram output at step     10, weight_sum =   9.9748E+03
  Histogram output at step     50, weight_sum =   9.8748E+03
  Step    100/  1000  alive=   10000  CX=  1262  EL=  2224
  Histogram output at step    100, weight_sum =   9.7512E+03
  Step    200/  1000  alive=   10000  CX=  1324  EL=  2311
  Step    300/  1000  alive=   10000  CX=  1318  EL=  2197
  Step    400/  1000  alive=   10000  CX=  1259  EL=  2226
  Step    500/  1000  alive=   10000  CX=  1321  EL=  2211
  Histogram output at step    500, weight_sum =   8.8165E+03
  Step    600/  1000  alive=   10000  CX=  1359  EL=  2206
  Step    700/  1000  alive=   10000  CX=  1296  EL=  2158
  Step    800/  1000  alive=   10000  CX=  1324  EL=  2223
  Step    900/  1000  alive=   10000  CX=  1340  EL=  2265
  Step   1000/  1000  alive=   10000  CX=  1291  EL=  2265
  Histogram output at step   1000, weight_sum =   7.7731E+03
Elapsed time:      51.3474 seconds

Simulation complete.

==========================================
 Scoring Results (time-averaged) [W/m3]
==========================================
          EI              CX              EL              Total
 A(EL):     7.196501E+03
 CL:     5.350159E+05   -6.625567E+04    1.122152E+07    1.169028E+07
 CLInner(EL):     5.180066E+03
 TR:     5.355846E+05    1.731073E+05    7.752921E+06    8.461613E+06
 TRInner(EL):    -1.302770E+03
 TRPretab(EL):    -2.953546E+03
==========================================

==========================================
 Final Statistics
==========================================
  Alive particles  =      10000
  Total weight     =    7773.1241
  Mean energy      =       2.9727 eV
  Eff. temperature =       1.9818 eV
==========================================
  dE Histogram output (collect_time=  1.0000E-05 s)
