==========================================
 3D3V Non-Analog Monte Carlo Simulation
==========================================
  n_particles  =     100000
  n_steps      =       1000
  dt           =   1.0000E-08
  enable_cx    = T
  enable_el    = T
  enable_ei    = T
  weight_min   =   1.0000E-10
  n_i          =   1.0000E+21
  T_i          =     2.00 eV
  T_e          =     2.00 eV
  T_init       =     2.00 eV
==========================================
 CDF file size:     497928 bytes
 CDF data points read:    23320
 CDF file loaded successfully.
   xs_mult(y):   1.0000E-04  1.0000E-06  1.0000E-06  1.0000E-08  1.0000E-10
   Sigma range [m^2]:   8.1600E-19 -   1.6604E-17
 nu_max/n_i = sigma_v_max =   8.2930E-12 [m^3/s]
 nu_max =   8.2930E+09 [1/s]

Starting simulation...
  Histogram output at step      1, weight_sum =   9.9975E+04
  Histogram output at step     10, weight_sum =   9.9748E+04
  Histogram output at step     50, weight_sum =   9.8748E+04
  Step    100/  1000  alive=  100000  CX= 13197  EL= 37040
  Histogram output at step    100, weight_sum =   9.7512E+04
  Step    200/  1000  alive=  100000  CX= 13119  EL= 36963
  Step    300/  1000  alive=  100000  CX= 13096  EL= 37411
  Step    400/  1000  alive=  100000  CX= 13026  EL= 37214
  Step    500/  1000  alive=  100000  CX= 13253  EL= 36694
  Histogram output at step    500, weight_sum =   8.8165E+04
  Step    600/  1000  alive=  100000  CX= 13374  EL= 37021
  Step    700/  1000  alive=  100000  CX= 13125  EL= 36468
  Step    800/  1000  alive=  100000  CX= 13147  EL= 37071
  Step    900/  1000  alive=  100000  CX= 13080  EL= 36974
  Step   1000/  1000  alive=  100000  CX= 13083  EL= 37018
  Histogram output at step   1000, weight_sum =   7.7731E+04
Elapsed time:     620.4881 seconds

Simulation complete.

==========================================
 Scoring Results (time-averaged) [W/m3]
==========================================
          EI              CX              EL              Total
 CL:     5.352339E+05    5.964060E+04   -6.042369E+04    5.344508E+05
 TL:     5.353291E+05    1.833553E+04   -1.049592E+05    4.487055E+05
 TLLookup:     5.353291E+05    1.833553E+04    3.061133E+07    3.116499E+07
==========================================

==========================================
 Final Statistics
==========================================
  Alive particles  =     100000
  Total weight     =   77731.2409
  Mean energy      =       2.9994 eV
  Eff. temperature =       1.9996 eV
==========================================
  dE Histogram output (collect_time=  1.0000E-05 s)
