==========================================
 3D3V Non-Analog Monte Carlo Simulation
==========================================
  n_particles  =      10000
  n_steps      =       1000
  dt           =   1.0000E-08
  enable_cx    = T
  enable_el    = T
  enable_ei    = T
  weight_min   =   1.0000E-10
  n_i          =   1.0000E+21
  T_i          =     2.00 eV
  T_e          =     2.00 eV
  T_init       =     2.00 eV
==========================================
 CDF file size:     497928 bytes
 CDF data points read:    23320
 CDF file loaded successfully.
   xs_mult(y):   1.0000E-04  1.0000E-06  1.0000E-06  1.0000E-08  1.0000E-10
   Sigma range [m^2]:   8.1600E-19 -   1.6604E-17
 nu_max/n_i = sigma_v_max =   8.2930E-12 [m^3/s]
 nu_max =   8.2930E+09 [1/s]

Starting simulation...
  Histogram output at step      1, weight_sum =   9.9975E+03
  Histogram output at step     10, weight_sum =   9.9748E+03
  Histogram output at step     50, weight_sum =   9.8748E+03
  Step    100/  1000  alive=   10000  CX=  1345  EL=  3711
  Histogram output at step    100, weight_sum =   9.7512E+03
  Step    200/  1000  alive=   10000  CX=  1314  EL=  3691
  Step    300/  1000  alive=   10000  CX=  1332  EL=  3777
  Step    400/  1000  alive=   10000  CX=  1316  EL=  3736
  Step    500/  1000  alive=   10000  CX=  1340  EL=  3678
  Histogram output at step    500, weight_sum =   8.8165E+03
  Step    600/  1000  alive=   10000  CX=  1262  EL=  3708
  Step    700/  1000  alive=   10000  CX=  1236  EL=  3791
  Step    800/  1000  alive=   10000  CX=  1284  EL=  3566
  Step    900/  1000  alive=   10000  CX=  1374  EL=  3639
  Step   1000/  1000  alive=   10000  CX=  1294  EL=  3681
  Histogram output at step   1000, weight_sum =   7.7731E+03
Elapsed time:      51.8808 seconds

Simulation complete.

==========================================
 Scoring Results (time-averaged) [W/m3]
==========================================
          EI              CX              EL              Total
 CL:     5.344588E+05    5.809181E+05   -5.765835E+05    5.387934E+05
 TL:     5.346757E+05   -1.537520E+05   -3.100432E+05    7.088052E+04
 TLLookup:     5.346757E+05   -1.537520E+05    3.034665E+07    3.072758E+07
==========================================

==========================================
 Final Statistics
==========================================
  Alive particles  =      10000
  Total weight     =    7773.1241
  Mean energy      =       2.9928 eV
  Eff. temperature =       1.9952 eV
==========================================
  dE Histogram output (collect_time=  1.0000E-05 s)
