==========================================
 3D3V Non-Analog Monte Carlo Simulation
==========================================
  n_particles  =     100000
  n_steps      =       1000
  dt           =   1.0000E-08
  enable_cx    = T
  enable_el    = T
  enable_ei    = T
  weight_min   =   1.0000E-10
  n_i          =   1.0000E+21
  T_i          =     2.00 eV
  T_e          =     2.00 eV
  T_init       =     2.00 eV
==========================================
 CDF file size:     497928 bytes
 CDF data points read:    23320
 CDF file loaded successfully.
   xs_mult(y):   1.0000E-04  1.0000E-06  1.0000E-06  1.0000E-08  1.0000E-10
   Sigma range [m^2]:   8.1600E-19 -   1.6604E-17
 nu_max/n_i = sigma_v_max =   8.2930E-12 [m^3/s]
 nu_max =   8.2930E+09 [1/s]

Starting simulation...
  Histogram output at step      1, weight_sum =   9.9975E+04
  Histogram output at step     10, weight_sum =   9.9748E+04
  Histogram output at step     50, weight_sum =   9.8748E+04
  Step    100/  1000  alive=  100000  CX= 13150  EL= 36606
  Histogram output at step    100, weight_sum =   9.7512E+04
  Step    200/  1000  alive=  100000  CX= 13321  EL= 37138
  Step    300/  1000  alive=  100000  CX= 13047  EL= 37024
  Step    400/  1000  alive=  100000  CX= 13099  EL= 36895
  Step    500/  1000  alive=  100000  CX= 13274  EL= 36829
  Histogram output at step    500, weight_sum =   8.8165E+04
  Step    600/  1000  alive=  100000  CX= 13063  EL= 36926
  Step    700/  1000  alive=  100000  CX= 12993  EL= 36940
  Step    800/  1000  alive=  100000  CX= 13228  EL= 36349
  Step    900/  1000  alive=  100000  CX= 13285  EL= 37104
  Step   1000/  1000  alive=  100000  CX= 13203  EL= 37137
  Histogram output at step   1000, weight_sum =   7.7731E+04
Elapsed time:     431.8459 seconds

Simulation complete.

==========================================
 Scoring Results (time-averaged) [W/m3]
==========================================
          EI              CX              EL              Total
 CL:     5.349971E+05    2.409760E+01    7.799588E+03    5.428208E+05
 TL:     5.350336E+05   -8.988334E+04   -5.028640E+04    3.948638E+05
 TLLookup:     5.350336E+05   -8.988334E+04    3.049129E+07    3.093644E+07
==========================================

==========================================
 Final Statistics
==========================================
  Alive particles  =     100000
  Total weight     =   77731.2409
  Mean energy      =       3.0027 eV
  Eff. temperature =       2.0018 eV
==========================================
  dE Histogram output (collect_time=  1.0000E-05 s)
