==========================================
 3D3V Non-Analog Monte Carlo Simulation
==========================================
  n_particles  =        100
  n_steps      =       1000
  dt           =   1.0000E-08
  enable_cx    = T
  enable_el    = T
  enable_ei    = T
  weight_min   =   1.0000E-10
  n_i          =   1.0000E+21
  T_i          =     2.00 eV
  T_e          =     2.00 eV
  T_init       =     2.00 eV
==========================================
 CDF file size:     497928 bytes
 CDF data points read:    23320
 CDF file loaded successfully.
   xs_mult(y):   1.0000E-04  1.0000E-06  1.0000E-06  1.0000E-08  1.0000E-10
   Sigma range [m^2]:   8.1600E-19 -   1.6604E-17
 nu_max/n_i = sigma_v_max =   8.2930E-12 [m^3/s]
 nu_max =   8.2930E+09 [1/s]

Starting simulation...
  Histogram output at step      1, weight_sum =   9.9975E+01
  Histogram output at step     10, weight_sum =   9.9748E+01
  Histogram output at step     50, weight_sum =   9.8748E+01
  Step    100/  1000  alive=     100  CX=    14  EL=    38
  Histogram output at step    100, weight_sum =   9.7512E+01
  Step    200/  1000  alive=     100  CX=     7  EL=    42
  Step    300/  1000  alive=     100  CX=    12  EL=    29
  Step    400/  1000  alive=     100  CX=    12  EL=    35
  Step    500/  1000  alive=     100  CX=    15  EL=    58
  Histogram output at step    500, weight_sum =   8.8165E+01
  Step    600/  1000  alive=     100  CX=     9  EL=    34
  Step    700/  1000  alive=     100  CX=    10  EL=    43
  Step    800/  1000  alive=     100  CX=    13  EL=    37
  Step    900/  1000  alive=     100  CX=    15  EL=    32
  Step   1000/  1000  alive=     100  CX=    14  EL=    34
  Histogram output at step   1000, weight_sum =   7.7731E+01
Elapsed time:       0.9003 seconds

Simulation complete.

==========================================
 Scoring Results (time-averaged) [W/m3]
==========================================
          EI              CX              EL              Total
 CL:     5.382715E+05    1.613446E+06   -1.600906E+06    5.508106E+05
 TL:     5.368481E+05    5.847128E+05   -1.798029E+05    9.417580E+05
 TLLookup:     5.368481E+05    5.847128E+05    3.118468E+07    3.230624E+07
==========================================

==========================================
 Final Statistics
==========================================
  Alive particles  =        100
  Total weight     =      77.7312
  Mean energy      =       2.7555 eV
  Eff. temperature =       1.8370 eV
==========================================
  dE Histogram output (collect_time=  1.0000E-05 s)
