==========================================
 3D3V Non-Analog Monte Carlo Simulation
==========================================
  n_particles  =       1000
  n_steps      =       1000
  dt           =   1.0000E-08
  tl_el_inner  =         16
  enable_cx    = T
  enable_el    = T
  enable_ei    = T
  weight_min   =   1.0000E-10
  tl_el_table  = ../../tl_el_table_fixedcdf.dat
  n_i          =   1.0000E+21
  T_i          =     2.00 eV
  T_e          =     2.00 eV
  T_init       =     2.00 eV
==========================================
 CDF file size:     549055 bytes
 CDF data points read:    23320
 CDF file loaded successfully.
   xs_mult(y):   1.0000E-04  1.0000E-06  1.0000E-06  1.0000E-08  1.0000E-10
   Sigma range [m^2]:   4.7826E-19 -   1.5414E-17
 TL EL pretab table loaded: ../../tl_el_table_fixedcdf.dat
 nu_max/n_i = sigma_v_max =   4.9903E-12 [m^3/s]
 nu_max =   4.9903E+09 [1/s]

Starting simulation...
  Histogram output at step      1, weight_sum =   9.9975E+02
  Histogram output at step     10, weight_sum =   9.9748E+02
  Histogram output at step     50, weight_sum =   9.8748E+02
  Step    100/  1000  alive=    1000  CX=   147  EL=   248
  Histogram output at step    100, weight_sum =   9.7512E+02
  Step    200/  1000  alive=    1000  CX=   133  EL=   235
  Step    300/  1000  alive=    1000  CX=   137  EL=   207
  Step    400/  1000  alive=    1000  CX=   113  EL=   243
  Step    500/  1000  alive=    1000  CX=   123  EL=   224
  Histogram output at step    500, weight_sum =   8.8165E+02
  Step    600/  1000  alive=    1000  CX=   126  EL=   214
  Step    700/  1000  alive=    1000  CX=   136  EL=   252
  Step    800/  1000  alive=    1000  CX=   129  EL=   217
  Step    900/  1000  alive=    1000  CX=   104  EL=   236
  Step   1000/  1000  alive=    1000  CX=   123  EL=   233
  Histogram output at step   1000, weight_sum =   7.7731E+02
Elapsed time:       5.4130 seconds

Simulation complete.

==========================================
 Scoring Results (time-averaged) [W/m3]
==========================================
          EI              CX              EL              Total
 A(EL):     5.252655E+04
 CL:     5.377390E+05    1.449411E+06    1.130551E+07    1.329266E+07
 CLInner(EL):     1.485404E+04
 TR:     5.378625E+05    1.273587E+06    7.812960E+06    9.624410E+06
 TRInner(EL):     8.228238E+03
 TRPretab(EL):    -2.546945E+02
==========================================

==========================================
 Final Statistics
==========================================
  Alive particles  =       1000
  Total weight     =     777.3124
  Mean energy      =       3.0635 eV
  Eff. temperature =       2.0424 eV
==========================================
  dE Histogram output (collect_time=  1.0000E-05 s)
