==========================================
 3D3V Non-Analog Monte Carlo Simulation
==========================================
  n_particles  =        100
  n_steps      =       1000
  dt           =   1.0000E-08
  tl_el_inner  =         16
  enable_cx    = T
  enable_el    = T
  enable_ei    = F
  weight_min   =   1.0000E-10
  tl_el_table  = ../../tl_el_table_1e6.dat
  n_i          =   1.0000E+21
  T_i          =     2.00 eV
  T_e          =     2.00 eV
  T_init       =     2.00 eV
==========================================
 CDF file size:     497928 bytes
 CDF data points read:    23320
 CDF file loaded successfully.
   xs_mult(y):   1.0000E-04  1.0000E-06  1.0000E-06  1.0000E-08  1.0000E-10
   Sigma range [m^2]:   8.1600E-19 -   1.6604E-17
 TL EL pretab table loaded: ../../tl_el_table_1e6.dat
 nu_max/n_i = sigma_v_max =   8.2930E-12 [m^3/s]
 nu_max =   8.2930E+09 [1/s]

Starting simulation...
  Histogram output at step      1, weight_sum =   1.0000E+02
  Histogram output at step      2, weight_sum =   1.0000E+02
  Histogram output at step      3, weight_sum =   1.0000E+02
  Histogram output at step      5, weight_sum =   1.0000E+02
  Histogram output at step      7, weight_sum =   1.0000E+02
  Histogram output at step     10, weight_sum =   1.0000E+02
  Step    100/  1000  alive=     100  CX=    13  EL=    33
  Step    200/  1000  alive=     100  CX=    20  EL=    38
  Step    300/  1000  alive=     100  CX=    12  EL=    30
  Step    400/  1000  alive=     100  CX=    13  EL=    43
  Step    500/  1000  alive=     100  CX=    11  EL=    41
  Step    600/  1000  alive=     100  CX=     9  EL=    38
  Step    700/  1000  alive=     100  CX=    10  EL=    31
  Step    800/  1000  alive=     100  CX=    12  EL=    33
  Step    900/  1000  alive=     100  CX=    14  EL=    30
  Step   1000/  1000  alive=     100  CX=    14  EL=    32
Elapsed time:       0.8434 seconds

Simulation complete.

================================================================================
 Scoring Results (time-averaged) [W/m3]
================================================================================
                              EI              CX              EL           Total
          A(EL):                                    5.451483E+05                
             CL:    0.000000E+00   -3.911991E+05    4.650441E+07    4.611321E+07
    CLInner(EL):                                    1.734878E+06                
             TR:    0.000000E+00   -7.598085E+05    3.341978E+07    3.265998E+07
    TRInner(EL):                                   -8.742659E+05                
   TRPretab(EL):                                   -9.012967E+05                
================================================================================

==========================================
 Final Statistics
==========================================
  Alive particles  =        100
  Total weight     =     100.0000
  Mean energy      =       2.8522 eV
  Eff. temperature =       1.9015 eV
==========================================
  dE Histogram output (collect_time=  1.0000E-05 s)
