==========================================
 3D3V Non-Analog Monte Carlo Simulation
==========================================
  n_particles  =      10000
  n_steps      =       1000
  dt           =   1.0000E-08
  enable_cx    = T
  enable_el    = T
  enable_ei    = T
  weight_min   =   1.0000E-08
  n_i          =   1.0000E+21
  T_i          =     2.00 eV
  T_e          =     2.00 eV
  T_init       =     2.00 eV
==========================================
 Ensemble Run ID:            2 , Adjusted Base Seed:    147724531
 CDF file size:     497928 bytes
 CDF data points read:    23320
 CDF file loaded successfully.
   Sigma range [m^2]:   8.1600E-19 -   1.6604E-17
 nu_max/n_i = sigma_v_max =   8.2930E-12 [m^3/s]
 nu_max =   8.2930E+09 [1/s]

Starting simulation...
  Histogram output at step      1, weight_sum =   9.9975E+03
  Histogram output at step     10, weight_sum =   9.9748E+03
  Histogram output at step     50, weight_sum =   9.8748E+03
  Step    100/  1000  alive=   10000  CX=  1250  EL=  3379
  Histogram output at step    100, weight_sum =   9.7512E+03
  Step    200/  1000  alive=   10000  CX=  1340  EL=  3284
  Step    300/  1000  alive=   10000  CX=  1289  EL=  3218
  Step    400/  1000  alive=   10000  CX=  1284  EL=  3382
  Step    500/  1000  alive=   10000  CX=  1329  EL=  3306
  Histogram output at step    500, weight_sum =   8.8165E+03
  Step    600/  1000  alive=   10000  CX=  1320  EL=  3260
  Step    700/  1000  alive=   10000  CX=  1324  EL=  3216
  Step    800/  1000  alive=   10000  CX=  1346  EL=  3222
  Step    900/  1000  alive=   10000  CX=  1296  EL=  3282
  Step   1000/  1000  alive=   10000  CX=  1277  EL=  3363
  Histogram output at step   1000, weight_sum =   7.7731E+03
Elapsed time:      42.5436 seconds

Simulation complete.

==========================================
 Scoring Results (time-averaged) [W/m3]
==========================================
          EI              CX              EL              Total
 CL:     5.353684E+05    3.689738E+05   -3.363071E+05    5.680350E+05
 TL:     5.354279E+05    1.573413E+05    1.311551E+05    8.239243E+05
==========================================

==========================================
 Final Statistics
==========================================
  Alive particles  =      10000
  Total weight     =    7773.1241
  Mean energy      =       3.0019 eV
  Eff. temperature =       2.0013 eV
==========================================
  dE Histogram output (collect_time=  1.0000E-05 s)
