==========================================
 3D3V Non-Analog Monte Carlo Simulation
==========================================
  n_particles  =       1000
  n_steps      =       1000
  dt           =   1.0000E-08
  tl_el_inner  =         16
  enable_cx    = T
  enable_el    = T
  enable_ei    = T
  weight_min   =   1.0000E-10
  tl_el_table  = ../../tl_el_table_fixedcdf.dat
  n_i          =   1.0000E+21
  T_i          =     2.00 eV
  T_e          =     2.00 eV
  T_init       =     2.00 eV
==========================================
 CDF file size:     549055 bytes
 CDF data points read:    23320
 CDF file loaded successfully.
   xs_mult(y):   1.0000E-04  1.0000E-06  1.0000E-06  1.0000E-08  1.0000E-10
   Sigma range [m^2]:   4.7826E-19 -   1.5414E-17
 TL EL pretab table loaded: ../../tl_el_table_fixedcdf.dat
 nu_max/n_i = sigma_v_max =   4.9903E-12 [m^3/s]
 nu_max =   4.9903E+09 [1/s]

Starting simulation...
  Histogram output at step      1, weight_sum =   9.9975E+02
  Histogram output at step     10, weight_sum =   9.9748E+02
  Histogram output at step     50, weight_sum =   9.8748E+02
  Step    100/  1000  alive=    1000  CX=   126  EL=   205
  Histogram output at step    100, weight_sum =   9.7512E+02
  Step    200/  1000  alive=    1000  CX=   123  EL=   224
  Step    300/  1000  alive=    1000  CX=   126  EL=   245
  Step    400/  1000  alive=    1000  CX=   138  EL=   207
  Step    500/  1000  alive=    1000  CX=   141  EL=   222
  Histogram output at step    500, weight_sum =   8.8165E+02
  Step    600/  1000  alive=    1000  CX=   138  EL=   232
  Step    700/  1000  alive=    1000  CX=   144  EL=   217
  Step    800/  1000  alive=    1000  CX=   130  EL=   240
  Step    900/  1000  alive=    1000  CX=   143  EL=   211
  Step   1000/  1000  alive=    1000  CX=   137  EL=   247
  Histogram output at step   1000, weight_sum =   7.7731E+02
Elapsed time:       5.5594 seconds

Simulation complete.

==========================================
 Scoring Results (time-averaged) [W/m3]
==========================================
          EI              CX              EL              Total
 A(EL):    -3.724581E+04
 CL:     5.355331E+05    6.882466E+05    1.126152E+07    1.248530E+07
 CLInner(EL):     1.040410E+04
 TR:     5.374525E+05    2.186236E+06    7.802868E+06    1.052656E+07
 TRInner(EL):     1.097560E+04
 TRPretab(EL):    -9.597669E+02
==========================================

==========================================
 Final Statistics
==========================================
  Alive particles  =       1000
  Total weight     =     777.3124
  Mean energy      =       2.9350 eV
  Eff. temperature =       1.9567 eV
==========================================
  dE Histogram output (collect_time=  1.0000E-05 s)
