==========================================
 3D3V Non-Analog Monte Carlo Simulation
==========================================
  n_particles  =        100
  n_steps      =       1000
  dt           =   1.0000E-08
  tl_el_inner  =         16
  enable_cx    = T
  enable_el    = T
  enable_ei    = F
  weight_min   =   1.0000E-10
  tl_el_table  = ../../tl_el_table_1e6_fixedcdf.dat
  n_i          =   1.0000E+21
  T_i          =     2.00 eV
  T_e          =     2.00 eV
  T_init       =     2.00 eV
==========================================
 CDF file size:     549055 bytes
 CDF data points read:    23320
 CDF file loaded successfully.
   xs_mult(y):   1.0000E-04  1.0000E-06  1.0000E-06  1.0000E-08  1.0000E-10
   Sigma range [m^2]:   4.7826E-19 -   1.5414E-17
 TL EL pretab table loaded: ../../tl_el_table_1e6_fixedcdf.dat
 nu_max/n_i = sigma_v_max =   4.9903E-12 [m^3/s]
 nu_max =   4.9903E+09 [1/s]

Starting simulation...
  Histogram output at step      1, weight_sum =   1.0000E+02
  Histogram output at step      2, weight_sum =   1.0000E+02
  Histogram output at step      3, weight_sum =   1.0000E+02
  Histogram output at step      5, weight_sum =   1.0000E+02
  Histogram output at step      7, weight_sum =   1.0000E+02
  Histogram output at step     10, weight_sum =   1.0000E+02
  Step    100/  1000  alive=     100  CX=    14  EL=    23
  Step    200/  1000  alive=     100  CX=    13  EL=    14
  Step    300/  1000  alive=     100  CX=    17  EL=    23
  Step    400/  1000  alive=     100  CX=    16  EL=    10
  Step    500/  1000  alive=     100  CX=    13  EL=    19
  Step    600/  1000  alive=     100  CX=    14  EL=    18
  Step    700/  1000  alive=     100  CX=    11  EL=    20
  Step    800/  1000  alive=     100  CX=    16  EL=    33
  Step    900/  1000  alive=     100  CX=    13  EL=    21
  Step   1000/  1000  alive=     100  CX=    11  EL=    22
Elapsed time:       0.9400 seconds

Simulation complete.

================================================================================
 Scoring Results (time-averaged) [W/m3]
================================================================================
                              EI              CX              EL           Total
          A(EL):                                    5.460789E+04                
             CL:    0.000000E+00    5.660817E+06    5.466423E+06    1.112724E+07
    CLInner(EL):                                   -1.042408E+04                
             TR:    0.000000E+00    3.443474E+06    4.237258E+06    7.680733E+06
    TRInner(EL):                                   -5.068498E+04                
   TRPretab(EL):                                    4.680832E+03                
================================================================================

==========================================
 Final Statistics
==========================================
  Alive particles  =        100
  Total weight     =     100.0000
  Mean energy      =       3.4477 eV
  Eff. temperature =       2.2985 eV
==========================================
  dE Histogram output (collect_time=  1.0000E-05 s)
