==========================================
 3D3V Non-Analog Monte Carlo Simulation
==========================================
  n_particles  =       1000
  n_steps      =       1000
  dt           =   1.0000E-08
  enable_cx    = T
  enable_el    = T
  enable_ei    = T
  weight_min   =   1.0000E-10
  n_i          =   1.0000E+21
  T_i          =     2.00 eV
  T_e          =     2.00 eV
  T_init       =     2.00 eV
==========================================
 CDF file size:     497928 bytes
 CDF data points read:    23320
 CDF file loaded successfully.
   xs_mult(y):   1.0000E-04  1.0000E-06  1.0000E-06  1.0000E-08  1.0000E-10
   Sigma range [m^2]:   8.1600E-19 -   1.6604E-17
 nu_max/n_i = sigma_v_max =   8.2930E-12 [m^3/s]
 nu_max =   8.2930E+09 [1/s]

Starting simulation...
  Histogram output at step      1, weight_sum =   9.9975E+02
  Histogram output at step     10, weight_sum =   9.9748E+02
  Histogram output at step     50, weight_sum =   9.8748E+02
  Step    100/  1000  alive=    1000  CX=   133  EL=   358
  Histogram output at step    100, weight_sum =   9.7512E+02
  Step    200/  1000  alive=    1000  CX=   136  EL=   391
  Step    300/  1000  alive=    1000  CX=   127  EL=   348
  Step    400/  1000  alive=    1000  CX=   115  EL=   362
  Step    500/  1000  alive=    1000  CX=   120  EL=   350
  Histogram output at step    500, weight_sum =   8.8165E+02
  Step    600/  1000  alive=    1000  CX=   132  EL=   383
  Step    700/  1000  alive=    1000  CX=   135  EL=   392
  Step    800/  1000  alive=    1000  CX=   143  EL=   353
  Step    900/  1000  alive=    1000  CX=   128  EL=   391
  Step   1000/  1000  alive=    1000  CX=   150  EL=   358
  Histogram output at step   1000, weight_sum =   7.7731E+02
Elapsed time:       6.5573 seconds

Simulation complete.

==========================================
 Scoring Results (time-averaged) [W/m3]
==========================================
          EI              CX              EL              Total
 CL:     5.366830E+05   -2.023821E+05    1.317947E+05    4.660956E+05
 TL:     5.368600E+05    3.229569E+05    1.000810E+06    1.860627E+06
 TLLookup:     5.368600E+05    3.229569E+05    3.121998E+07    3.207979E+07
==========================================

==========================================
 Final Statistics
==========================================
  Alive particles  =       1000
  Total weight     =     777.3124
  Mean energy      =       3.0310 eV
  Eff. temperature =       2.0207 eV
==========================================
  dE Histogram output (collect_time=  1.0000E-05 s)
