==========================================
 3D3V Non-Analog Monte Carlo Simulation
==========================================
  n_particles  =      10000
  n_steps      =       1000
  dt           =   1.0000E-08
  tl_el_inner  =         16
  enable_cx    = T
  enable_el    = T
  enable_ei    = T
  weight_min   =   1.0000E-10
  tl_el_table  = ../../tl_el_table_fixedcdf.dat
  n_i          =   1.0000E+21
  T_i          =     2.00 eV
  T_e          =     2.00 eV
  T_init       =     2.00 eV
==========================================
 CDF file size:     549055 bytes
 CDF data points read:    23320
 CDF file loaded successfully.
   xs_mult(y):   1.0000E-04  1.0000E-06  1.0000E-06  1.0000E-08  1.0000E-10
   Sigma range [m^2]:   4.7826E-19 -   1.5414E-17
 TL EL pretab table loaded: ../../tl_el_table_fixedcdf.dat
 nu_max/n_i = sigma_v_max =   4.9903E-12 [m^3/s]
 nu_max =   4.9903E+09 [1/s]

Starting simulation...
  Histogram output at step      1, weight_sum =   9.9975E+03
  Histogram output at step     10, weight_sum =   9.9748E+03
  Histogram output at step     50, weight_sum =   9.8748E+03
  Step    100/  1000  alive=   10000  CX=  1293  EL=  2274
  Histogram output at step    100, weight_sum =   9.7512E+03
  Step    200/  1000  alive=   10000  CX=  1329  EL=  2219
  Step    300/  1000  alive=   10000  CX=  1269  EL=  2241
  Step    400/  1000  alive=   10000  CX=  1363  EL=  2255
  Step    500/  1000  alive=   10000  CX=  1289  EL=  2280
  Histogram output at step    500, weight_sum =   8.8165E+03
  Step    600/  1000  alive=   10000  CX=  1337  EL=  2235
  Step    700/  1000  alive=   10000  CX=  1354  EL=  2217
  Step    800/  1000  alive=   10000  CX=  1287  EL=  2303
  Step    900/  1000  alive=   10000  CX=  1319  EL=  2260
  Step   1000/  1000  alive=   10000  CX=  1373  EL=  2301
  Histogram output at step   1000, weight_sum =   7.7731E+03
Elapsed time:      53.0225 seconds

Simulation complete.

==========================================
 Scoring Results (time-averaged) [W/m3]
==========================================
          EI              CX              EL              Total
 A(EL):    -5.855883E+03
 CL:     5.347726E+05   -1.499420E+05    1.120708E+07    1.159191E+07
 CLInner(EL):     8.805098E+03
 TR:     5.352284E+05    7.676250E+04    7.743419E+06    8.355410E+06
 TRInner(EL):     1.038790E+04
 TRPretab(EL):    -3.266678E+03
==========================================

==========================================
 Final Statistics
==========================================
  Alive particles  =      10000
  Total weight     =    7773.1241
  Mean energy      =       2.9690 eV
  Eff. temperature =       1.9793 eV
==========================================
  dE Histogram output (collect_time=  1.0000E-05 s)
