==========================================
 3D3V Non-Analog Monte Carlo Simulation
==========================================
  n_particles  =       1000
  n_steps      =       1000
  dt           =   1.0000E-08
  tl_el_inner  =         16
  enable_cx    = T
  enable_el    = T
  enable_ei    = T
  weight_min   =   1.0000E-10
  tl_el_table  = ../../tl_el_table_fixedcdf.dat
  n_i          =   1.0000E+21
  T_i          =     2.00 eV
  T_e          =     2.00 eV
  T_init       =     2.00 eV
==========================================
 CDF file size:     549055 bytes
 CDF data points read:    23320
 CDF file loaded successfully.
   xs_mult(y):   1.0000E-04  1.0000E-06  1.0000E-06  1.0000E-08  1.0000E-10
   Sigma range [m^2]:   4.7826E-19 -   1.5414E-17
 TL EL pretab table loaded: ../../tl_el_table_fixedcdf.dat
 nu_max/n_i = sigma_v_max =   4.9903E-12 [m^3/s]
 nu_max =   4.9903E+09 [1/s]

Starting simulation...
  Histogram output at step      1, weight_sum =   9.9975E+02
  Histogram output at step     10, weight_sum =   9.9748E+02
  Histogram output at step     50, weight_sum =   9.8748E+02
  Step    100/  1000  alive=    1000  CX=   142  EL=   221
  Histogram output at step    100, weight_sum =   9.7512E+02
  Step    200/  1000  alive=    1000  CX=   123  EL=   210
  Step    300/  1000  alive=    1000  CX=   141  EL=   202
  Step    400/  1000  alive=    1000  CX=   120  EL=   215
  Step    500/  1000  alive=    1000  CX=   143  EL=   250
  Histogram output at step    500, weight_sum =   8.8165E+02
  Step    600/  1000  alive=    1000  CX=   131  EL=   225
  Step    700/  1000  alive=    1000  CX=   126  EL=   209
  Step    800/  1000  alive=    1000  CX=   146  EL=   233
  Step    900/  1000  alive=    1000  CX=   122  EL=   242
  Step   1000/  1000  alive=    1000  CX=   127  EL=   227
  Histogram output at step   1000, weight_sum =   7.7731E+02
Elapsed time:       6.5369 seconds

Simulation complete.

==========================================
 Scoring Results (time-averaged) [W/m3]
==========================================
          EI              CX              EL              Total
 A(EL):    -2.024933E+04
 CL:     5.341699E+05   -7.886769E+05    1.120361E+07    1.094911E+07
 CLInner(EL):     4.532982E+03
 TR:     5.351777E+05    7.092104E+05    7.743570E+06    8.987959E+06
 TRInner(EL):     3.821019E+03
 TRPretab(EL):    -3.573032E+03
==========================================

==========================================
 Final Statistics
==========================================
  Alive particles  =       1000
  Total weight     =     777.3124
  Mean energy      =       2.8844 eV
  Eff. temperature =       1.9230 eV
==========================================
  dE Histogram output (collect_time=  1.0000E-05 s)
