==========================================
 3D3V Non-Analog Monte Carlo Simulation
==========================================
  n_particles  =        100
  n_steps      =       1000
  dt           =   1.0000E-08
  tl_el_inner  =         16
  enable_cx    = T
  enable_el    = T
  enable_ei    = F
  weight_min   =   1.0000E-10
  tl_el_table  = ../../tl_el_table_1e6_fixedcdf.dat
  n_i          =   1.0000E+21
  T_i          =     2.00 eV
  T_e          =     2.00 eV
  T_init       =     2.00 eV
==========================================
 CDF file size:     549055 bytes
 CDF data points read:    23320
 CDF file loaded successfully.
   xs_mult(y):   1.0000E-04  1.0000E-06  1.0000E-06  1.0000E-08  1.0000E-10
   Sigma range [m^2]:   4.7826E-19 -   1.5414E-17
 TL EL pretab table loaded: ../../tl_el_table_1e6_fixedcdf.dat
 nu_max/n_i = sigma_v_max =   4.9903E-12 [m^3/s]
 nu_max =   4.9903E+09 [1/s]

Starting simulation...
  Histogram output at step      1, weight_sum =   1.0000E+02
  Histogram output at step      2, weight_sum =   1.0000E+02
  Histogram output at step      3, weight_sum =   1.0000E+02
  Histogram output at step      5, weight_sum =   1.0000E+02
  Histogram output at step      7, weight_sum =   1.0000E+02
  Histogram output at step     10, weight_sum =   1.0000E+02
  Step    100/  1000  alive=     100  CX=    11  EL=    27
  Step    200/  1000  alive=     100  CX=    15  EL=    23
  Step    300/  1000  alive=     100  CX=    14  EL=    20
  Step    400/  1000  alive=     100  CX=     6  EL=    25
  Step    500/  1000  alive=     100  CX=    13  EL=    13
  Step    600/  1000  alive=     100  CX=     7  EL=    19
  Step    700/  1000  alive=     100  CX=    11  EL=    11
  Step    800/  1000  alive=     100  CX=     8  EL=    23
  Step    900/  1000  alive=     100  CX=    13  EL=    26
  Step   1000/  1000  alive=     100  CX=    10  EL=    15
Elapsed time:       1.2471 seconds

Simulation complete.

================================================================================
 Scoring Results (time-averaged) [W/m3]
================================================================================
                              EI              CX              EL           Total
          A(EL):                                   -3.349103E+05                
             CL:    0.000000E+00   -1.043260E+06    5.100457E+06    4.057196E+06
    CLInner(EL):                                    1.758717E+04                
             TR:    0.000000E+00    2.070503E+06    4.001463E+06    6.071966E+06
    TRInner(EL):                                    3.903216E+04                
   TRPretab(EL):                                    3.072946E+03                
================================================================================

==========================================
 Final Statistics
==========================================
  Alive particles  =        100
  Total weight     =     100.0000
  Mean energy      =       2.8112 eV
  Eff. temperature =       1.8742 eV
==========================================
  dE Histogram output (collect_time=  1.0000E-05 s)
