==========================================
 3D3V Non-Analog Monte Carlo Simulation
==========================================
  n_particles  =      10000
  n_steps      =       1000
  dt           =   1.0000E-08
  tl_el_inner  =         16
  enable_cx    = T
  enable_el    = T
  enable_ei    = F
  weight_min   =   1.0000E-10
  tl_el_table  = ../../tl_el_table_1e6.dat
  n_i          =   1.0000E+21
  T_i          =     2.00 eV
  T_e          =     2.00 eV
  T_init       =     2.00 eV
==========================================
 CDF file size:     497928 bytes
 CDF data points read:    23320
 CDF file loaded successfully.
   xs_mult(y):   1.0000E-04  1.0000E-06  1.0000E-06  1.0000E-08  1.0000E-10
   Sigma range [m^2]:   8.1600E-19 -   1.6604E-17
 TL EL pretab table loaded: ../../tl_el_table_1e6.dat
 nu_max/n_i = sigma_v_max =   8.2930E-12 [m^3/s]
 nu_max =   8.2930E+09 [1/s]

Starting simulation...
  Histogram output at step      1, weight_sum =   1.0000E+04
  Histogram output at step      2, weight_sum =   1.0000E+04
  Histogram output at step      3, weight_sum =   1.0000E+04
  Histogram output at step      5, weight_sum =   1.0000E+04
  Histogram output at step      7, weight_sum =   1.0000E+04
  Histogram output at step     10, weight_sum =   1.0000E+04
  Step    100/  1000  alive=   10000  CX=  1330  EL=  3314
  Step    200/  1000  alive=   10000  CX=  1302  EL=  3309
  Step    300/  1000  alive=   10000  CX=  1284  EL=  3322
  Step    400/  1000  alive=   10000  CX=  1342  EL=  3301
  Step    500/  1000  alive=   10000  CX=  1369  EL=  3416
  Step    600/  1000  alive=   10000  CX=  1334  EL=  3301
  Step    700/  1000  alive=   10000  CX=  1298  EL=  3188
  Step    800/  1000  alive=   10000  CX=  1293  EL=  3399
  Step    900/  1000  alive=   10000  CX=  1301  EL=  3301
  Step   1000/  1000  alive=   10000  CX=  1289  EL=  3336
Elapsed time:      65.8698 seconds

Simulation complete.

================================================================================
 Scoring Results (time-averaged) [W/m3]
================================================================================
                              EI              CX              EL           Total
          A(EL):                                    1.545993E+05                
             CL:    0.000000E+00    1.964058E+05    4.719280E+07    4.738921E+07
    CLInner(EL):                                    2.065536E+06                
             TR:    0.000000E+00    3.007856E+05    3.458036E+07    3.488114E+07
    TRInner(EL):                                    1.948296E+04                
   TRPretab(EL):                                    2.847295E+05                
================================================================================

==========================================
 Final Statistics
==========================================
  Alive particles  =      10000
  Total weight     =   10000.0000
  Mean energy      =       2.9819 eV
  Eff. temperature =       1.9880 eV
==========================================
  dE Histogram output (collect_time=  1.0000E-05 s)
