==========================================
 3D3V Non-Analog Monte Carlo Simulation
==========================================
  n_particles  =      10000
  n_steps      =       1000
  dt           =   1.0000E-08
  enable_cx    = T
  enable_el    = T
  enable_ei    = T
  weight_min   =   1.0000E-10
  n_i          =   1.0000E+21
  T_i          =     2.00 eV
  T_e          =     2.00 eV
  T_init       =     2.00 eV
==========================================
 CDF file size:     497928 bytes
 CDF data points read:    23320
 CDF file loaded successfully.
   xs_mult(y):   1.0000E-04  1.0000E-06  1.0000E-06  1.0000E-08  1.0000E-10
   Sigma range [m^2]:   8.1600E-19 -   1.6604E-17
 nu_max/n_i = sigma_v_max =   8.2930E-12 [m^3/s]
 nu_max =   8.2930E+09 [1/s]

Starting simulation...
  Histogram output at step      1, weight_sum =   9.9975E+03
  Histogram output at step     10, weight_sum =   9.9748E+03
  Histogram output at step     50, weight_sum =   9.8748E+03
  Step    100/  1000  alive=   10000  CX=  1340  EL=  3680
  Histogram output at step    100, weight_sum =   9.7512E+03
  Step    200/  1000  alive=   10000  CX=  1300  EL=  3637
  Step    300/  1000  alive=   10000  CX=  1312  EL=  3661
  Step    400/  1000  alive=   10000  CX=  1246  EL=  3806
  Step    500/  1000  alive=   10000  CX=  1269  EL=  3694
  Histogram output at step    500, weight_sum =   8.8165E+03
  Step    600/  1000  alive=   10000  CX=  1255  EL=  3675
  Step    700/  1000  alive=   10000  CX=  1334  EL=  3744
  Step    800/  1000  alive=   10000  CX=  1335  EL=  3690
  Step    900/  1000  alive=   10000  CX=  1352  EL=  3715
  Step   1000/  1000  alive=   10000  CX=  1343  EL=  3606
  Histogram output at step   1000, weight_sum =   7.7731E+03
Elapsed time:      62.6561 seconds

Simulation complete.

==========================================
 Scoring Results (time-averaged) [W/m3]
==========================================
          EI              CX              EL              Total
 CL:     5.356584E+05    4.481498E+05   -4.343325E+05    5.494758E+05
 TL:     5.353137E+05   -5.328157E+04    1.007605E+05    5.827926E+05
 TLLookup:     5.353137E+05   -5.328157E+04    3.062081E+07    3.110284E+07
==========================================

==========================================
 Final Statistics
==========================================
  Alive particles  =      10000
  Total weight     =    7773.1241
  Mean energy      =       2.9654 eV
  Eff. temperature =       1.9769 eV
==========================================
  dE Histogram output (collect_time=  1.0000E-05 s)
