==========================================
 3D3V Non-Analog Monte Carlo Simulation
==========================================
  n_particles  =      10000
  n_steps      =       1000
  dt           =   1.0000E-08
  enable_cx    = T
  enable_el    = T
  enable_ei    = T
  weight_min   =   1.0000E-08
  n_i          =   1.0000E+21
  T_i          =     2.00 eV
  T_e          =     2.00 eV
  T_init       =     2.00 eV
==========================================
 Ensemble Run ID:            1 , Adjusted Base Seed:     73868438
 CDF file size:     497928 bytes
 CDF data points read:    23320
 CDF file loaded successfully.
   Sigma range [m^2]:   8.1600E-19 -   1.6604E-17
 nu_max/n_i = sigma_v_max =   8.2930E-12 [m^3/s]
 nu_max =   8.2930E+09 [1/s]

Starting simulation...
  Histogram output at step      1, weight_sum =   9.9975E+03
  Histogram output at step     10, weight_sum =   9.9748E+03
  Histogram output at step     50, weight_sum =   9.8748E+03
  Step    100/  1000  alive=   10000  CX=  1371  EL=  3338
  Histogram output at step    100, weight_sum =   9.7512E+03
  Step    200/  1000  alive=   10000  CX=  1329  EL=  3258
  Step    300/  1000  alive=   10000  CX=  1322  EL=  3264
  Step    400/  1000  alive=   10000  CX=  1264  EL=  3399
  Step    500/  1000  alive=   10000  CX=  1352  EL=  3245
  Histogram output at step    500, weight_sum =   8.8165E+03
  Step    600/  1000  alive=   10000  CX=  1315  EL=  3261
  Step    700/  1000  alive=   10000  CX=  1303  EL=  3386
  Step    800/  1000  alive=   10000  CX=  1282  EL=  3444
  Step    900/  1000  alive=   10000  CX=  1280  EL=  3300
  Step   1000/  1000  alive=   10000  CX=  1389  EL=  3315
  Histogram output at step   1000, weight_sum =   7.7731E+03
Elapsed time:      43.6166 seconds

Simulation complete.

==========================================
 Scoring Results (time-averaged) [W/m3]
==========================================
          EI              CX              EL              Total
 CL:     5.354719E+05    2.623950E+05   -2.642445E+05    5.336224E+05
 TL:     5.353376E+05    1.593451E+05    1.100189E+05    8.047017E+05
==========================================

==========================================
 Final Statistics
==========================================
  Alive particles  =      10000
  Total weight     =    7773.1241
  Mean energy      =       3.0155 eV
  Eff. temperature =       2.0104 eV
==========================================
  dE Histogram output (collect_time=  1.0000E-05 s)
