==========================================
 3D3V Non-Analog Monte Carlo Simulation
==========================================
  n_particles  =      10000
  n_steps      =       1000
  dt           =   1.0000E-08
  tl_el_inner  =         16
  enable_cx    = T
  enable_el    = T
  enable_ei    = T
  weight_min   =   1.0000E-10
  tl_el_table  = ../../tl_el_table.dat
  n_i          =   1.0000E+21
  T_i          =     2.00 eV
  T_e          =     2.00 eV
  T_init       =     2.00 eV
==========================================
 CDF file size:     497928 bytes
 CDF data points read:    23320
 CDF file loaded successfully.
   xs_mult(y):   1.0000E-04  1.0000E-06  1.0000E-06  1.0000E-08  1.0000E-10
   Sigma range [m^2]:   8.1600E-19 -   1.6604E-17
 TL EL pretab table loaded: ../../tl_el_table.dat
 nu_max/n_i = sigma_v_max =   8.2930E-12 [m^3/s]
 nu_max =   8.2930E+09 [1/s]

Starting simulation...
  Histogram output at step      1, weight_sum =   9.9975E+03
  Histogram output at step     10, weight_sum =   9.9748E+03
  Histogram output at step     50, weight_sum =   9.8748E+03
  Step    100/  1000  alive=   10000  CX=  1311  EL=  3729
  Histogram output at step    100, weight_sum =   9.7512E+03
  Step    200/  1000  alive=   10000  CX=  1281  EL=  3727
  Step    300/  1000  alive=   10000  CX=  1294  EL=  3660
  Step    400/  1000  alive=   10000  CX=  1352  EL=  3722
  Step    500/  1000  alive=   10000  CX=  1270  EL=  3645
  Histogram output at step    500, weight_sum =   8.8165E+03
  Step    600/  1000  alive=   10000  CX=  1348  EL=  3544
  Step    700/  1000  alive=   10000  CX=  1377  EL=  3716
  Step    800/  1000  alive=   10000  CX=  1314  EL=  3673
  Step    900/  1000  alive=   10000  CX=  1342  EL=  3746
  Step   1000/  1000  alive=   10000  CX=  1339  EL=  3713
  Histogram output at step   1000, weight_sum =   7.7731E+03
Elapsed time:      55.9592 seconds

Simulation complete.

==========================================
 Scoring Results (time-averaged) [W/m3]
==========================================
          EI              CX              EL              Total
 A(EL):     8.736085E+04
 CL:     5.354487E+05    1.517707E+05    9.224836E+07    9.293558E+07
 CLInner(EL):     1.955909E+06
 TR:     5.353509E+05    2.239797E+05    6.051346E+07    6.127279E+07
 TRInner(EL):     1.090204E+05
 TRPretab(EL):     3.907372E+05
==========================================

==========================================
 Final Statistics
==========================================
  Alive particles  =      10000
  Total weight     =    7773.1241
  Mean energy      =       3.0100 eV
  Eff. temperature =       2.0067 eV
==========================================
  dE Histogram output (collect_time=  1.0000E-05 s)
