==========================================
 3D3V Non-Analog Monte Carlo Simulation
==========================================
  n_particles  =      10000
  n_steps      =       1000
  dt           =   1.0000E-08
  tl_el_inner  =         16
  enable_cx    = T
  enable_el    = T
  enable_ei    = F
  weight_min   =   1.0000E-10
  tl_el_table  = ../../tl_el_table_1e6_fixedcdf.dat
  n_i          =   1.0000E+21
  T_i          =     2.00 eV
  T_e          =     2.00 eV
  T_init       =     2.00 eV
==========================================
 CDF file size:     549055 bytes
 CDF data points read:    23320
 CDF file loaded successfully.
   xs_mult(y):   1.0000E-04  1.0000E-06  1.0000E-06  1.0000E-08  1.0000E-10
   Sigma range [m^2]:   4.7826E-19 -   1.5414E-17
 TL EL pretab table loaded: ../../tl_el_table_1e6_fixedcdf.dat
 nu_max/n_i = sigma_v_max =   4.9903E-12 [m^3/s]
 nu_max =   4.9903E+09 [1/s]

Starting simulation...
  Histogram output at step      1, weight_sum =   1.0000E+04
  Histogram output at step      2, weight_sum =   1.0000E+04
  Histogram output at step      3, weight_sum =   1.0000E+04
  Histogram output at step      5, weight_sum =   1.0000E+04
  Histogram output at step      7, weight_sum =   1.0000E+04
  Histogram output at step     10, weight_sum =   1.0000E+04
  Step    100/  1000  alive=   10000  CX=  1339  EL=  1934
  Step    200/  1000  alive=   10000  CX=  1354  EL=  1992
  Step    300/  1000  alive=   10000  CX=  1260  EL=  2029
  Step    400/  1000  alive=   10000  CX=  1268  EL=  1931
  Step    500/  1000  alive=   10000  CX=  1279  EL=  1967
  Step    600/  1000  alive=   10000  CX=  1366  EL=  1969
  Step    700/  1000  alive=   10000  CX=  1285  EL=  1967
  Step    800/  1000  alive=   10000  CX=  1301  EL=  2024
  Step    900/  1000  alive=   10000  CX=  1307  EL=  1993
  Step   1000/  1000  alive=   10000  CX=  1343  EL=  1885
Elapsed time:      73.0978 seconds

Simulation complete.

================================================================================
 Scoring Results (time-averaged) [W/m3]
================================================================================
                              EI              CX              EL           Total
          A(EL):                                   -1.925565E+03                
             CL:    0.000000E+00    5.348317E+04    5.138771E+06    5.192254E+06
    CLInner(EL):                                    1.765897E+03                
             TR:    0.000000E+00    2.949810E+05    3.996012E+06    4.290993E+06
    TRInner(EL):                                    8.416378E+02                
   TRPretab(EL):                                    1.404095E+03                
================================================================================

==========================================
 Final Statistics
==========================================
  Alive particles  =      10000
  Total weight     =   10000.0000
  Mean energy      =       2.9874 eV
  Eff. temperature =       1.9916 eV
==========================================
  dE Histogram output (collect_time=  1.0000E-05 s)
