==========================================
 3D3V Non-Analog Monte Carlo Simulation
==========================================
  n_particles  =       1000
  n_steps      =       1000
  dt           =   1.0000E-08
  enable_cx    = T
  enable_el    = T
  enable_ei    = T
  weight_min   =   1.0000E-10
  n_i          =   1.0000E+21
  T_i          =     2.00 eV
  T_e          =     2.00 eV
  T_init       =     2.00 eV
==========================================
 CDF file size:     497928 bytes
 CDF data points read:    23320
 CDF file loaded successfully.
   xs_mult(y):   1.0000E-04  1.0000E-06  1.0000E-06  1.0000E-08  1.0000E-10
   Sigma range [m^2]:   8.1600E-19 -   1.6604E-17
 nu_max/n_i = sigma_v_max =   8.2930E-12 [m^3/s]
 nu_max =   8.2930E+09 [1/s]

Starting simulation...
  Histogram output at step      1, weight_sum =   9.9975E+02
  Histogram output at step     10, weight_sum =   9.9748E+02
  Histogram output at step     50, weight_sum =   9.8748E+02
  Step    100/  1000  alive=    1000  CX=   140  EL=   363
  Histogram output at step    100, weight_sum =   9.7512E+02
  Step    200/  1000  alive=    1000  CX=   122  EL=   342
  Step    300/  1000  alive=    1000  CX=   140  EL=   425
  Step    400/  1000  alive=    1000  CX=   133  EL=   371
  Step    500/  1000  alive=    1000  CX=   142  EL=   349
  Histogram output at step    500, weight_sum =   8.8165E+02
  Step    600/  1000  alive=    1000  CX=   139  EL=   347
  Step    700/  1000  alive=    1000  CX=   159  EL=   399
  Step    800/  1000  alive=    1000  CX=   132  EL=   388
  Step    900/  1000  alive=    1000  CX=   139  EL=   373
  Step   1000/  1000  alive=    1000  CX=   128  EL=   352
  Histogram output at step   1000, weight_sum =   7.7731E+02
Elapsed time:       6.9731 seconds

Simulation complete.

==========================================
 Scoring Results (time-averaged) [W/m3]
==========================================
          EI              CX              EL              Total
 CL:     5.336472E+05    6.042557E+05   -5.549451E+05    5.829578E+05
 TL:     5.337379E+05   -1.073563E+06   -2.050308E+06   -2.590134E+06
 TLLookup:     5.337379E+05   -1.073563E+06    3.002847E+07    2.948865E+07
==========================================

==========================================
 Final Statistics
==========================================
  Alive particles  =       1000
  Total weight     =     777.3124
  Mean energy      =       2.9887 eV
  Eff. temperature =       1.9925 eV
==========================================
  dE Histogram output (collect_time=  1.0000E-05 s)
