==========================================
 3D3V Non-Analog Monte Carlo Simulation
==========================================
  n_particles  =       5000
  n_steps      =       1000
  dt           =   1.0000E-08
  enable_cx    = T
  enable_el    = T
  enable_ei    = T
  weight_min   =   1.0000E-08
  n_i          =   1.0000E+21
  T_i          =     2.00 eV
  T_e          =     2.00 eV
  T_init       =     2.00 eV
==========================================
 Ensemble Run ID:           22 , Adjusted Base Seed:   1624846391
 CDF file size:     497928 bytes
 CDF data points read:    23320
 CDF file loaded successfully.
   Sigma range [m^2]:   8.1600E-19 -   1.6604E-17
 nu_max/n_i = sigma_v_max =   8.2930E-12 [m^3/s]
 nu_max =   8.2930E+09 [1/s]

Starting simulation...
  Histogram output at step      1, weight_sum =   4.9987E+03
  Histogram output at step     10, weight_sum =   4.9874E+03
  Histogram output at step     50, weight_sum =   4.9374E+03
  Step    100/  1000  alive=    5000  CX=   705  EL=  1761
  Histogram output at step    100, weight_sum =   4.8756E+03
  Step    200/  1000  alive=    5000  CX=   671  EL=  1691
  Step    300/  1000  alive=    5000  CX=   691  EL=  1716
  Step    400/  1000  alive=    5000  CX=   658  EL=  1619
  Step    500/  1000  alive=    5000  CX=   633  EL=  1597
  Histogram output at step    500, weight_sum =   4.4083E+03
  Step    600/  1000  alive=    5000  CX=   627  EL=  1585
  Step    700/  1000  alive=    5000  CX=   619  EL=  1633
  Step    800/  1000  alive=    5000  CX=   683  EL=  1602
  Step    900/  1000  alive=    5000  CX=   680  EL=  1563
  Step   1000/  1000  alive=    5000  CX=   648  EL=  1604
  Histogram output at step   1000, weight_sum =   3.8866E+03
Elapsed time:      25.0074 seconds

Simulation complete.

==========================================
 Scoring Results (time-averaged) [W/m3]
==========================================
          EI              CX              EL              Total
 CL:     5.352830E+05   -1.676792E+05    1.576178E+05    5.252216E+05
 TL:     5.350863E+05   -8.067622E+04   -1.301235E+05    3.242866E+05
==========================================

==========================================
 Final Statistics
==========================================
  Alive particles  =       5000
  Total weight     =    3886.5620
  Mean energy      =       3.0109 eV
  Eff. temperature =       2.0073 eV
==========================================
  dE Histogram output (collect_time=  1.0000E-05 s)
