==========================================
 3D3V Non-Analog Monte Carlo Simulation
==========================================
  n_particles  =       1000
  n_steps      =       1000
  dt           =   1.0000E-08
  tl_el_inner  =         16
  enable_cx    = T
  enable_el    = T
  enable_ei    = T
  weight_min   =   1.0000E-10
  tl_el_table  = ../../tl_el_table_fixedcdf.dat
  n_i          =   1.0000E+21
  T_i          =     2.00 eV
  T_e          =     2.00 eV
  T_init       =     2.00 eV
==========================================
 CDF file size:     549055 bytes
 CDF data points read:    23320
 CDF file loaded successfully.
   xs_mult(y):   1.0000E-04  1.0000E-06  1.0000E-06  1.0000E-08  1.0000E-10
   Sigma range [m^2]:   4.7826E-19 -   1.5414E-17
 TL EL pretab table loaded: ../../tl_el_table_fixedcdf.dat
 nu_max/n_i = sigma_v_max =   4.9903E-12 [m^3/s]
 nu_max =   4.9903E+09 [1/s]

Starting simulation...
  Histogram output at step      1, weight_sum =   9.9975E+02
  Histogram output at step     10, weight_sum =   9.9748E+02
  Histogram output at step     50, weight_sum =   9.8748E+02
  Step    100/  1000  alive=    1000  CX=   153  EL=   243
  Histogram output at step    100, weight_sum =   9.7512E+02
  Step    200/  1000  alive=    1000  CX=   125  EL=   254
  Step    300/  1000  alive=    1000  CX=   134  EL=   210
  Step    400/  1000  alive=    1000  CX=   126  EL=   239
  Step    500/  1000  alive=    1000  CX=   127  EL=   224
  Histogram output at step    500, weight_sum =   8.8165E+02
  Step    600/  1000  alive=    1000  CX=   139  EL=   242
  Step    700/  1000  alive=    1000  CX=   109  EL=   225
  Step    800/  1000  alive=    1000  CX=   145  EL=   253
  Step    900/  1000  alive=    1000  CX=   118  EL=   241
  Step   1000/  1000  alive=    1000  CX=   125  EL=   250
  Histogram output at step   1000, weight_sum =   7.7731E+02
Elapsed time:       6.5071 seconds

Simulation complete.

==========================================
 Scoring Results (time-averaged) [W/m3]
==========================================
          EI              CX              EL              Total
 A(EL):     6.536300E+04
 CL:     5.381253E+05    5.993806E+05    1.129635E+07    1.243385E+07
 CLInner(EL):     4.100738E+03
 TR:     5.370239E+05    9.813552E+03    7.790408E+06    8.337245E+06
 TRInner(EL):    -1.578575E+04
 TRPretab(EL):    -9.563172E+02
==========================================

==========================================
 Final Statistics
==========================================
  Alive particles  =       1000
  Total weight     =     777.3124
  Mean energy      =       3.0845 eV
  Eff. temperature =       2.0563 eV
==========================================
  dE Histogram output (collect_time=  1.0000E-05 s)
