==========================================
 3D3V Non-Analog Monte Carlo Simulation
==========================================
  n_particles  =       1000
  n_steps      =       1000
  dt           =   1.0000E-08
  tl_el_inner  =         16
  enable_cx    = T
  enable_el    = T
  enable_ei    = F
  weight_min   =   1.0000E-10
  tl_el_table  = ../../tl_el_table_1e6_fixedcdf.dat
  n_i          =   1.0000E+21
  T_i          =     2.00 eV
  T_e          =     2.00 eV
  T_init       =     2.00 eV
==========================================
 CDF file size:     549055 bytes
 CDF data points read:    23320
 CDF file loaded successfully.
   xs_mult(y):   1.0000E-04  1.0000E-06  1.0000E-06  1.0000E-08  1.0000E-10
   Sigma range [m^2]:   4.7826E-19 -   1.5414E-17
 TL EL pretab table loaded: ../../tl_el_table_1e6_fixedcdf.dat
 nu_max/n_i = sigma_v_max =   4.9903E-12 [m^3/s]
 nu_max =   4.9903E+09 [1/s]

Starting simulation...
  Histogram output at step      1, weight_sum =   1.0000E+03
  Histogram output at step      2, weight_sum =   1.0000E+03
  Histogram output at step      3, weight_sum =   1.0000E+03
  Histogram output at step      5, weight_sum =   1.0000E+03
  Histogram output at step      7, weight_sum =   1.0000E+03
  Histogram output at step     10, weight_sum =   1.0000E+03
  Step    100/  1000  alive=    1000  CX=   126  EL=   191
  Step    200/  1000  alive=    1000  CX=   118  EL=   191
  Step    300/  1000  alive=    1000  CX=   140  EL=   210
  Step    400/  1000  alive=    1000  CX=   134  EL=   188
  Step    500/  1000  alive=    1000  CX=   110  EL=   192
  Step    600/  1000  alive=    1000  CX=   142  EL=   208
  Step    700/  1000  alive=    1000  CX=   138  EL=   182
  Step    800/  1000  alive=    1000  CX=   124  EL=   194
  Step    900/  1000  alive=    1000  CX=   125  EL=   196
  Step   1000/  1000  alive=    1000  CX=   144  EL=   220
Elapsed time:       5.1952 seconds

Simulation complete.

================================================================================
 Scoring Results (time-averaged) [W/m3]
================================================================================
                              EI              CX              EL           Total
          A(EL):                                    1.076865E+04                
             CL:    0.000000E+00    2.791694E+05    5.128225E+06    5.407395E+06
    CLInner(EL):                                    1.265056E+04                
             TR:    0.000000E+00   -3.612971E+05    3.951479E+06    3.590182E+06
    TRInner(EL):                                    4.281922E+03                
   TRPretab(EL):                                    1.208858E+03                
================================================================================

==========================================
 Final Statistics
==========================================
  Alive particles  =       1000
  Total weight     =    1000.0000
  Mean energy      =       2.8975 eV
  Eff. temperature =       1.9317 eV
==========================================
  dE Histogram output (collect_time=  1.0000E-05 s)
