==========================================
 3D3V Non-Analog Monte Carlo Simulation
==========================================
  n_particles  =         10
  n_steps      =       1000
  dt           =   1.0000E-08
  enable_cx    = T
  enable_el    = T
  enable_ei    = T
  weight_min   =   1.0000E-10
  n_i          =   1.0000E+21
  T_i          =     2.00 eV
  T_e          =     2.00 eV
  T_init       =     2.00 eV
==========================================
 CDF file size:     497928 bytes
 CDF data points read:    23320
 CDF file loaded successfully.
   xs_mult(y):   1.0000E-04  1.0000E-06  1.0000E-06  1.0000E-08  1.0000E-10
   Sigma range [m^2]:   8.1600E-19 -   1.6604E-17
 nu_max/n_i = sigma_v_max =   8.2930E-12 [m^3/s]
 nu_max =   8.2930E+09 [1/s]

Starting simulation...
  Histogram output at step      1, weight_sum =   9.9975E+00
  Histogram output at step     10, weight_sum =   9.9748E+00
  Histogram output at step     50, weight_sum =   9.8748E+00
  Step    100/  1000  alive=      10  CX=     1  EL=     3
  Histogram output at step    100, weight_sum =   9.7512E+00
  Step    200/  1000  alive=      10  CX=     1  EL=     4
  Step    300/  1000  alive=      10  CX=     0  EL=     3
  Step    400/  1000  alive=      10  CX=     2  EL=    10
  Step    500/  1000  alive=      10  CX=     1  EL=     4
  Histogram output at step    500, weight_sum =   8.8165E+00
  Step    600/  1000  alive=      10  CX=     1  EL=     8
  Step    700/  1000  alive=      10  CX=     3  EL=     3
  Step    800/  1000  alive=      10  CX=     0  EL=     5
  Step    900/  1000  alive=      10  CX=     1  EL=     2
  Step   1000/  1000  alive=      10  CX=     5  EL=     3
  Histogram output at step   1000, weight_sum =   7.7731E+00
Elapsed time:       0.5673 seconds

Simulation complete.

==========================================
 Scoring Results (time-averaged) [W/m3]
==========================================
          EI              CX              EL              Total
 CL:     5.515459E+05   -8.380477E+06    7.325739E+06   -5.031922E+05
 TL:     5.440490E+05    1.609738E+07    3.605101E+06    2.024653E+07
 TLLookup:     5.440490E+05    1.609738E+07    3.350739E+07    5.014882E+07
==========================================

==========================================
 Final Statistics
==========================================
  Alive particles  =         10
  Total weight     =       7.7731
  Mean energy      =       4.4309 eV
  Eff. temperature =       2.9539 eV
==========================================
  dE Histogram output (collect_time=  1.0000E-05 s)
