==========================================
 3D3V Non-Analog Monte Carlo Simulation
==========================================
  n_particles  =      10000
  n_steps      =       1000
  dt           =   1.0000E-08
  tl_el_inner  =         16
  enable_cx    = T
  enable_el    = T
  enable_ei    = T
  weight_min   =   1.0000E-10
  tl_el_table  = ../../tl_el_table.dat
  n_i          =   1.0000E+21
  T_i          =     2.00 eV
  T_e          =     2.00 eV
  T_init       =     2.00 eV
==========================================
 CDF file size:     497928 bytes
 CDF data points read:    23320
 CDF file loaded successfully.
   xs_mult(y):   1.0000E-04  1.0000E-06  1.0000E-06  1.0000E-08  1.0000E-10
   Sigma range [m^2]:   8.1600E-19 -   1.6604E-17
 TL EL pretab table loaded: ../../tl_el_table.dat
 nu_max/n_i = sigma_v_max =   8.2930E-12 [m^3/s]
 nu_max =   8.2930E+09 [1/s]

Starting simulation...
  Histogram output at step      1, weight_sum =   9.9975E+03
  Histogram output at step     10, weight_sum =   9.9748E+03
  Histogram output at step     50, weight_sum =   9.8748E+03
  Step    100/  1000  alive=   10000  CX=  1299  EL=  3696
  Histogram output at step    100, weight_sum =   9.7512E+03
  Step    200/  1000  alive=   10000  CX=  1306  EL=  3712
  Step    300/  1000  alive=   10000  CX=  1302  EL=  3581
  Step    400/  1000  alive=   10000  CX=  1317  EL=  3689
  Step    500/  1000  alive=   10000  CX=  1345  EL=  3632
  Histogram output at step    500, weight_sum =   8.8165E+03
  Step    600/  1000  alive=   10000  CX=  1331  EL=  3627
  Step    700/  1000  alive=   10000  CX=  1339  EL=  3660
  Step    800/  1000  alive=   10000  CX=  1345  EL=  3588
  Step    900/  1000  alive=   10000  CX=  1320  EL=  3771
  Step   1000/  1000  alive=   10000  CX=  1305  EL=  3684
  Histogram output at step   1000, weight_sum =   7.7731E+03
Elapsed time:      61.4557 seconds

Simulation complete.

==========================================
 Scoring Results (time-averaged) [W/m3]
==========================================
          EI              CX              EL              Total
 A(EL):     6.615838E+04
 CL:     5.351990E+05    9.754426E+04    9.218549E+07    9.281823E+07
 CLInner(EL):     1.978150E+06
 TR:     5.355524E+05    3.572405E+05    6.055274E+07    6.144553E+07
 TRInner(EL):     1.786367E+05
 TRPretab(EL):     3.905144E+05
==========================================

==========================================
 Final Statistics
==========================================
  Alive particles  =      10000
  Total weight     =    7773.1241
  Mean energy      =       3.0316 eV
  Eff. temperature =       2.0211 eV
==========================================
  dE Histogram output (collect_time=  1.0000E-05 s)
