==========================================
 3D3V Non-Analog Monte Carlo Simulation
==========================================
  n_particles  =         10
  n_steps      =       1000
  dt           =   1.0000E-08
  tl_el_inner  =         16
  enable_cx    = T
  enable_el    = T
  enable_ei    = F
  weight_min   =   1.0000E-10
  tl_el_table  = ../../tl_el_table_1e6_fixedcdf.dat
  n_i          =   1.0000E+21
  T_i          =     2.00 eV
  T_e          =     2.00 eV
  T_init       =     2.00 eV
==========================================
 CDF file size:     549055 bytes
 CDF data points read:    23320
 CDF file loaded successfully.
   xs_mult(y):   1.0000E-04  1.0000E-06  1.0000E-06  1.0000E-08  1.0000E-10
   Sigma range [m^2]:   4.7826E-19 -   1.5414E-17
 TL EL pretab table loaded: ../../tl_el_table_1e6_fixedcdf.dat
 nu_max/n_i = sigma_v_max =   4.9903E-12 [m^3/s]
 nu_max =   4.9903E+09 [1/s]

Starting simulation...
  Histogram output at step      1, weight_sum =   1.0000E+01
  Histogram output at step      2, weight_sum =   1.0000E+01
  Histogram output at step      3, weight_sum =   1.0000E+01
  Histogram output at step      5, weight_sum =   1.0000E+01
  Histogram output at step      7, weight_sum =   1.0000E+01
  Histogram output at step     10, weight_sum =   1.0000E+01
  Step    100/  1000  alive=      10  CX=     1  EL=     3
  Step    200/  1000  alive=      10  CX=     1  EL=     3
  Step    300/  1000  alive=      10  CX=     1  EL=     1
  Step    400/  1000  alive=      10  CX=     4  EL=     3
  Step    500/  1000  alive=      10  CX=     2  EL=     5
  Step    600/  1000  alive=      10  CX=     1  EL=     5
  Step    700/  1000  alive=      10  CX=     2  EL=     0
  Step    800/  1000  alive=      10  CX=     0  EL=     3
  Step    900/  1000  alive=      10  CX=     1  EL=     2
  Step   1000/  1000  alive=      10  CX=     2  EL=     4
Elapsed time:       0.6819 seconds

Simulation complete.

================================================================================
 Scoring Results (time-averaged) [W/m3]
================================================================================
                              EI              CX              EL           Total
          A(EL):                                   -2.742160E+05                
             CL:    0.000000E+00    2.908555E+06    5.141747E+06    8.050302E+06
    CLInner(EL):                                   -1.582275E+04                
             TR:    0.000000E+00   -5.735258E+05    3.517160E+06    2.943635E+06
    TRInner(EL):                                   -3.212237E+04                
   TRPretab(EL):                                   -4.900426E+03                
================================================================================

==========================================
 Final Statistics
==========================================
  Alive particles  =         10
  Total weight     =      10.0000
  Mean energy      =       2.4725 eV
  Eff. temperature =       1.6484 eV
==========================================
  dE Histogram output (collect_time=  1.0000E-05 s)
