==========================================
 3D3V Non-Analog Monte Carlo Simulation
==========================================
  n_particles  =      10000
  n_steps      =       1000
  dt           =   1.0000E-08
  tl_el_inner  =         16
  enable_cx    = F
  enable_el    = T
  enable_ei    = F
  weight_min   =   1.0000E-10
  tl_el_table  = ../../el_data/tl_el_table_1e6.dat
  n_i          =   1.0000E+21
  T_i          =     2.00 eV
  T_e          =     2.00 eV
  T_init       =     2.00 eV
==========================================
 CDF file size:     497928 bytes
 CDF data points read:    23320
 CDF file loaded successfully.
   xs_mult(y):   1.0000E-04  1.0000E-06  1.0000E-06  1.0000E-08  1.0000E-10
   Sigma range [m^2]:   8.1600E-19 -   1.6604E-17
 TL EL pretab table loaded: ../../el_data/tl_el_table_1e6.dat
 nu_max/n_i = sigma_v_max =   8.2930E-12 [m^3/s]
 nu_max =   8.2930E+09 [1/s]

Starting simulation...
  Histogram output at step      1, weight_sum =   1.0000E+04
  Histogram output at step      5, weight_sum =   1.0000E+04
  Histogram output at step     10, weight_sum =   1.0000E+04
  Histogram output at step     50, weight_sum =   1.0000E+04
  Step    100/  1000  alive=   10000  CX=     0  EL=  3204
  Histogram output at step    100, weight_sum =   1.0000E+04
  Step    200/  1000  alive=   10000  CX=     0  EL=  3324
  Step    300/  1000  alive=   10000  CX=     0  EL=  3304
  Step    400/  1000  alive=   10000  CX=     0  EL=  3262
  Step    500/  1000  alive=   10000  CX=     0  EL=  3361
  Histogram output at step    500, weight_sum =   1.0000E+04
  Step    600/  1000  alive=   10000  CX=     0  EL=  3270
  Step    700/  1000  alive=   10000  CX=     0  EL=  3298
  Step    800/  1000  alive=   10000  CX=     0  EL=  3319
  Step    900/  1000  alive=   10000  CX=     0  EL=  3393
  Step   1000/  1000  alive=   10000  CX=     0  EL=  3229
Elapsed time:      26.5882 seconds

Simulation complete.

================================================================================
 Scoring Results (time-averaged) [W/m3]
================================================================================
                              EI              CX              EL           Total
          A(EL):                                   -3.659124E+03                
             CL:    0.000000E+00    0.000000E+00   -1.833735E+06   -1.833735E+06
    CLInner(EL):                                    1.861355E+06                
             TR:    0.000000E+00    0.000000E+00   -1.823152E+06   -1.823152E+06
    TRInner(EL):                                   -2.696939E+05                
   TRPretab(EL):                                    4.659069E+04                
================================================================================

==========================================
 Final Statistics
==========================================
  Alive particles  =      10000
  Total weight     =   10000.0000
  Mean energy      =       3.0269 eV
  Eff. temperature =       2.0179 eV
==========================================
  dE Histogram output (collect_time=  1.0000E-05 s)
