==========================================
 3D3V Non-Analog Monte Carlo Simulation
==========================================
  n_particles  =        100
  n_steps      =       1000
  dt           =   1.0000E-08
  enable_cx    = T
  enable_el    = T
  enable_ei    = T
  weight_min   =   1.0000E-10
  n_i          =   1.0000E+21
  T_i          =     2.00 eV
  T_e          =     2.00 eV
  T_init       =     2.00 eV
==========================================
 CDF file size:     497928 bytes
 CDF data points read:    23320
 CDF file loaded successfully.
   xs_mult(y):   1.0000E-04  1.0000E-06  1.0000E-06  1.0000E-08  1.0000E-10
   Sigma range [m^2]:   8.1600E-19 -   1.6604E-17
 nu_max/n_i = sigma_v_max =   8.2930E-12 [m^3/s]
 nu_max =   8.2930E+09 [1/s]

Starting simulation...
  Histogram output at step      1, weight_sum =   9.9975E+01
  Histogram output at step     10, weight_sum =   9.9748E+01
  Histogram output at step     50, weight_sum =   9.8748E+01
  Step    100/  1000  alive=     100  CX=    15  EL=    33
  Histogram output at step    100, weight_sum =   9.7512E+01
  Step    200/  1000  alive=     100  CX=    14  EL=    29
  Step    300/  1000  alive=     100  CX=     7  EL=    42
  Step    400/  1000  alive=     100  CX=    14  EL=    36
  Step    500/  1000  alive=     100  CX=     9  EL=    45
  Histogram output at step    500, weight_sum =   8.8165E+01
  Step    600/  1000  alive=     100  CX=    16  EL=    22
  Step    700/  1000  alive=     100  CX=    11  EL=    49
  Step    800/  1000  alive=     100  CX=    16  EL=    44
  Step    900/  1000  alive=     100  CX=     8  EL=    41
  Step   1000/  1000  alive=     100  CX=     8  EL=    34
  Histogram output at step   1000, weight_sum =   7.7731E+01
Elapsed time:       1.2581 seconds

Simulation complete.

==========================================
 Scoring Results (time-averaged) [W/m3]
==========================================
          EI              CX              EL              Total
 CL:     5.287751E+05    2.646479E+05   -4.303827E+05    3.630403E+05
 TL:     5.289615E+05   -3.171360E+06   -1.388569E+05   -2.781255E+06
 TLLookup:     5.289615E+05   -3.171360E+06    2.812869E+07    2.548629E+07
==========================================

==========================================
 Final Statistics
==========================================
  Alive particles  =        100
  Total weight     =      77.7312
  Mean energy      =       2.9006 eV
  Eff. temperature =       1.9337 eV
==========================================
  dE Histogram output (collect_time=  1.0000E-05 s)
