==========================================
 3D3V Non-Analog Monte Carlo Simulation
==========================================
  n_particles  =        100
  n_steps      =       1000
  dt           =   1.0000E-08
  tl_el_inner  =         16
  enable_cx    = T
  enable_el    = T
  enable_ei    = T
  weight_min   =   1.0000E-10
  tl_el_table  = ../../tl_el_table.dat
  n_i          =   1.0000E+21
  T_i          =     2.00 eV
  T_e          =     2.00 eV
  T_init       =     2.00 eV
==========================================
 CDF file size:     497928 bytes
 CDF data points read:    23320
 CDF file loaded successfully.
   xs_mult(y):   1.0000E-04  1.0000E-06  1.0000E-06  1.0000E-08  1.0000E-10
   Sigma range [m^2]:   8.1600E-19 -   1.6604E-17
 TL EL pretab table loaded: ../../tl_el_table.dat
 nu_max/n_i = sigma_v_max =   8.2930E-12 [m^3/s]
 nu_max =   8.2930E+09 [1/s]

Starting simulation...
  Histogram output at step      1, weight_sum =   9.9975E+01
  Histogram output at step     10, weight_sum =   9.9748E+01
  Histogram output at step     50, weight_sum =   9.8748E+01
  Step    100/  1000  alive=     100  CX=    16  EL=    34
  Histogram output at step    100, weight_sum =   9.7512E+01
  Step    200/  1000  alive=     100  CX=     9  EL=    45
  Step    300/  1000  alive=     100  CX=    18  EL=    42
  Step    400/  1000  alive=     100  CX=    11  EL=    36
  Step    500/  1000  alive=     100  CX=    14  EL=    50
  Histogram output at step    500, weight_sum =   8.8165E+01
  Step    600/  1000  alive=     100  CX=    14  EL=    43
  Step    700/  1000  alive=     100  CX=    11  EL=    35
  Step    800/  1000  alive=     100  CX=    21  EL=    28
  Step    900/  1000  alive=     100  CX=    15  EL=    41
  Step   1000/  1000  alive=     100  CX=    16  EL=    23
  Histogram output at step   1000, weight_sum =   7.7731E+01
Elapsed time:       0.8749 seconds

Simulation complete.

==========================================
 Scoring Results (time-averaged) [W/m3]
==========================================
          EI              CX              EL              Total
 A(EL):     2.269453E+06
 CL:     5.390039E+05    3.143819E+05    9.211382E+07    9.296721E+07
 CLInner(EL):     1.027687E+06
 TR:     5.336465E+05   -3.189403E+06    5.993111E+07    5.727535E+07
 TRInner(EL):    -1.124235E+06
 TRPretab(EL):    -7.249932E+05
==========================================

==========================================
 Final Statistics
==========================================
  Alive particles  =        100
  Total weight     =      77.7312
  Mean energy      =       2.7604 eV
  Eff. temperature =       1.8403 eV
==========================================
  dE Histogram output (collect_time=  1.0000E-05 s)
