==========================================
 3D3V Non-Analog Monte Carlo Simulation
==========================================
  n_particles  =       5000
  n_steps      =       1000
  dt           =   1.0000E-08
  enable_cx    = T
  enable_el    = T
  enable_ei    = T
  weight_min   =   1.0000E-08
  n_i          =   1.0000E+21
  T_i          =     2.00 eV
  T_e          =     2.00 eV
  T_init       =     2.00 eV
==========================================
 Ensemble Run ID:            5 , Adjusted Base Seed:    369292810
 CDF file size:     497928 bytes
 CDF data points read:    23320
 CDF file loaded successfully.
   Sigma range [m^2]:   8.1600E-19 -   1.6604E-17
 nu_max/n_i = sigma_v_max =   8.2930E-12 [m^3/s]
 nu_max =   8.2930E+09 [1/s]

Starting simulation...
  Histogram output at step      1, weight_sum =   4.9987E+03
  Histogram output at step     10, weight_sum =   4.9874E+03
  Histogram output at step     50, weight_sum =   4.9374E+03
  Step    100/  1000  alive=    5000  CX=   626  EL=  1635
  Histogram output at step    100, weight_sum =   4.8756E+03
  Step    200/  1000  alive=    5000  CX=   721  EL=  1624
  Step    300/  1000  alive=    5000  CX=   671  EL=  1650
  Step    400/  1000  alive=    5000  CX=   653  EL=  1581
  Step    500/  1000  alive=    5000  CX=   631  EL=  1623
  Histogram output at step    500, weight_sum =   4.4083E+03
  Step    600/  1000  alive=    5000  CX=   686  EL=  1674
  Step    700/  1000  alive=    5000  CX=   655  EL=  1672
  Step    800/  1000  alive=    5000  CX=   656  EL=  1661
  Step    900/  1000  alive=    5000  CX=   681  EL=  1575
  Step   1000/  1000  alive=    5000  CX=   659  EL=  1735
  Histogram output at step   1000, weight_sum =   3.8866E+03
Elapsed time:      49.7985 seconds

Simulation complete.

==========================================
 Scoring Results (time-averaged) [W/m3]
==========================================
          EI              CX              EL              Total
 CL:     5.354154E+05   -4.035812E+05    3.975913E+05    5.294255E+05
 TL:     5.346370E+05   -3.620346E+05   -3.401684E+05   -1.675660E+05
==========================================

==========================================
 Final Statistics
==========================================
  Alive particles  =       5000
  Total weight     =    3886.5620
  Mean energy      =       3.0177 eV
  Eff. temperature =       2.0118 eV
==========================================
  dE Histogram output (collect_time=  1.0000E-05 s)
