==========================================
 3D3V Non-Analog Monte Carlo Simulation
==========================================
  n_particles  =       1000
  n_steps      =       1000
  dt           =   1.0000E-08
  tl_el_inner  =         16
  enable_cx    = T
  enable_el    = T
  enable_ei    = T
  weight_min   =   1.0000E-10
  tl_el_table  = ../../tl_el_table.dat
  n_i          =   1.0000E+21
  T_i          =     2.00 eV
  T_e          =     2.00 eV
  T_init       =     2.00 eV
==========================================
 CDF file size:     497928 bytes
 CDF data points read:    23320
 CDF file loaded successfully.
   xs_mult(y):   1.0000E-04  1.0000E-06  1.0000E-06  1.0000E-08  1.0000E-10
   Sigma range [m^2]:   8.1600E-19 -   1.6604E-17
 TL EL pretab table loaded: ../../tl_el_table.dat
 nu_max/n_i = sigma_v_max =   8.2930E-12 [m^3/s]
 nu_max =   8.2930E+09 [1/s]

Starting simulation...
  Histogram output at step      1, weight_sum =   9.9975E+02
  Histogram output at step     10, weight_sum =   9.9748E+02
  Histogram output at step     50, weight_sum =   9.8748E+02
  Step    100/  1000  alive=    1000  CX=   126  EL=   383
  Histogram output at step    100, weight_sum =   9.7512E+02
  Step    200/  1000  alive=    1000  CX=   119  EL=   361
  Step    300/  1000  alive=    1000  CX=   118  EL=   371
  Step    400/  1000  alive=    1000  CX=   126  EL=   394
  Step    500/  1000  alive=    1000  CX=   140  EL=   400
  Histogram output at step    500, weight_sum =   8.8165E+02
  Step    600/  1000  alive=    1000  CX=   136  EL=   385
  Step    700/  1000  alive=    1000  CX=   125  EL=   370
  Step    800/  1000  alive=    1000  CX=   138  EL=   360
  Step    900/  1000  alive=    1000  CX=   113  EL=   377
  Step   1000/  1000  alive=    1000  CX=   119  EL=   390
  Histogram output at step   1000, weight_sum =   7.7731E+02
Elapsed time:       4.4482 seconds

Simulation complete.

==========================================
 Scoring Results (time-averaged) [W/m3]
==========================================
          EI              CX              EL              Total
 A(EL):     6.906495E+05
 CL:     5.360200E+05    1.999996E+05    9.215033E+07    9.288635E+07
 CLInner(EL):     1.943436E+06
 TR:     5.348100E+05   -5.782303E+05    6.031237E+07    6.026895E+07
 TRInner(EL):    -5.868941E+04
 TRPretab(EL):    -4.522505E+04
==========================================

==========================================
 Final Statistics
==========================================
  Alive particles  =       1000
  Total weight     =     777.3124
  Mean energy      =       2.9132 eV
  Eff. temperature =       1.9421 eV
==========================================
  dE Histogram output (collect_time=  1.0000E-05 s)
