==========================================
 3D3V Non-Analog Monte Carlo Simulation
==========================================
  n_particles  =      10000
  n_steps      =       1000
  dt           =   1.0000E-08
  enable_cx    = T
  enable_el    = T
  enable_ei    = T
  weight_min   =   1.0000E-08
  n_i          =   1.0000E+21
  T_i          =     2.00 eV
  T_e          =     2.00 eV
  T_init       =     2.00 eV
==========================================
 Ensemble Run ID:            6 , Adjusted Base Seed:    443148903
 CDF file size:     497928 bytes
 CDF data points read:    23320
 CDF file loaded successfully.
   Sigma range [m^2]:   8.1600E-19 -   1.6604E-17
 nu_max/n_i = sigma_v_max =   8.2930E-12 [m^3/s]
 nu_max =   8.2930E+09 [1/s]

Starting simulation...
  Histogram output at step      1, weight_sum =   9.9975E+03
  Histogram output at step     10, weight_sum =   9.9748E+03
  Histogram output at step     50, weight_sum =   9.8748E+03
  Step    100/  1000  alive=   10000  CX=  1330  EL=  3309
  Histogram output at step    100, weight_sum =   9.7512E+03
  Step    200/  1000  alive=   10000  CX=  1327  EL=  3251
  Step    300/  1000  alive=   10000  CX=  1267  EL=  3308
  Step    400/  1000  alive=   10000  CX=  1361  EL=  3280
  Step    500/  1000  alive=   10000  CX=  1300  EL=  3248
  Histogram output at step    500, weight_sum =   8.8165E+03
  Step    600/  1000  alive=   10000  CX=  1353  EL=  3314
  Step    700/  1000  alive=   10000  CX=  1267  EL=  3201
  Step    800/  1000  alive=   10000  CX=  1251  EL=  3301
  Step    900/  1000  alive=   10000  CX=  1277  EL=  3317
  Step   1000/  1000  alive=   10000  CX=  1321  EL=  3299
  Histogram output at step   1000, weight_sum =   7.7731E+03
Elapsed time:      98.0704 seconds

Simulation complete.

==========================================
 Scoring Results (time-averaged) [W/m3]
==========================================
          EI              CX              EL              Total
 CL:     5.350799E+05    7.336114E+04   -7.897193E+04    5.294691E+05
 TL:     5.354650E+05    1.259286E+05    1.141230E+05    7.755165E+05
==========================================

==========================================
 Final Statistics
==========================================
  Alive particles  =      10000
  Total weight     =    7773.1241
  Mean energy      =       3.0033 eV
  Eff. temperature =       2.0022 eV
==========================================
  dE Histogram output (collect_time=  1.0000E-05 s)
