==========================================
 3D3V Non-Analog Monte Carlo Simulation
==========================================
  n_particles  =        100
  n_steps      =       1000
  dt           =   1.0000E-08
  enable_cx    = T
  enable_el    = T
  enable_ei    = T
  weight_min   =   1.0000E-10
  n_i          =   1.0000E+21
  T_i          =     2.00 eV
  T_e          =     2.00 eV
  T_init       =     2.00 eV
==========================================
 CDF file size:     497928 bytes
 CDF data points read:    23320
 CDF file loaded successfully.
   xs_mult(y):   1.0000E-04  1.0000E-06  1.0000E-06  1.0000E-08  1.0000E-10
   Sigma range [m^2]:   8.1600E-19 -   1.6604E-17
 nu_max/n_i = sigma_v_max =   8.2930E-12 [m^3/s]
 nu_max =   8.2930E+09 [1/s]

Starting simulation...
  Histogram output at step      1, weight_sum =   9.9975E+01
  Histogram output at step     10, weight_sum =   9.9748E+01
  Histogram output at step     50, weight_sum =   9.8748E+01
  Step    100/  1000  alive=     100  CX=    13  EL=    43
  Histogram output at step    100, weight_sum =   9.7512E+01
  Step    200/  1000  alive=     100  CX=     8  EL=    42
  Step    300/  1000  alive=     100  CX=    15  EL=    47
  Step    400/  1000  alive=     100  CX=     9  EL=    29
  Step    500/  1000  alive=     100  CX=    11  EL=    43
  Histogram output at step    500, weight_sum =   8.8165E+01
  Step    600/  1000  alive=     100  CX=    20  EL=    45
  Step    700/  1000  alive=     100  CX=     9  EL=    25
  Step    800/  1000  alive=     100  CX=    10  EL=    30
  Step    900/  1000  alive=     100  CX=    10  EL=    30
  Step   1000/  1000  alive=     100  CX=    14  EL=    43
  Histogram output at step   1000, weight_sum =   7.7731E+01
Elapsed time:       0.7570 seconds

Simulation complete.

==========================================
 Scoring Results (time-averaged) [W/m3]
==========================================
          EI              CX              EL              Total
 CL:     5.248389E+05   -4.020211E+06    3.918236E+06    4.228639E+05
 TL:     5.324872E+05   -2.348073E+06   -1.311395E+06   -3.126981E+06
 TLLookup:     5.324872E+05   -2.348073E+06    2.931032E+07    2.749474E+07
==========================================

==========================================
 Final Statistics
==========================================
  Alive particles  =        100
  Total weight     =      77.7312
  Mean energy      =       3.2352 eV
  Eff. temperature =       2.1568 eV
==========================================
  dE Histogram output (collect_time=  1.0000E-05 s)
