==========================================
 3D3V Non-Analog Monte Carlo Simulation
==========================================
  n_particles  =      10000
  n_steps      =       1000
  dt           =   1.0000E-08
  enable_cx    = T
  enable_el    = T
  enable_ei    = T
  weight_min   =   1.0000E-10
  n_i          =   1.0000E+21
  T_i          =     2.00 eV
  T_e          =     2.00 eV
  T_init       =     2.00 eV
==========================================
 CDF file size:     497928 bytes
 CDF data points read:    23320
 CDF file loaded successfully.
   xs_mult(y):   1.0000E-04  1.0000E-06  1.0000E-06  1.0000E-08  1.0000E-10
   Sigma range [m^2]:   8.1600E-19 -   1.6604E-17
 nu_max/n_i = sigma_v_max =   8.2930E-12 [m^3/s]
 nu_max =   8.2930E+09 [1/s]

Starting simulation...
  Histogram output at step      1, weight_sum =   9.9975E+03
  Histogram output at step     10, weight_sum =   9.9748E+03
  Histogram output at step     50, weight_sum =   9.8748E+03
  Step    100/  1000  alive=   10000  CX=  1322  EL=  3805
  Histogram output at step    100, weight_sum =   9.7512E+03
  Step    200/  1000  alive=   10000  CX=  1341  EL=  3720
  Step    300/  1000  alive=   10000  CX=  1332  EL=  3630
  Step    400/  1000  alive=   10000  CX=  1319  EL=  3687
  Step    500/  1000  alive=   10000  CX=  1310  EL=  3741
  Histogram output at step    500, weight_sum =   8.8165E+03
  Step    600/  1000  alive=   10000  CX=  1344  EL=  3674
  Step    700/  1000  alive=   10000  CX=  1341  EL=  3600
  Step    800/  1000  alive=   10000  CX=  1315  EL=  3743
  Step    900/  1000  alive=   10000  CX=  1263  EL=  3625
  Step   1000/  1000  alive=   10000  CX=  1322  EL=  3780
  Histogram output at step   1000, weight_sum =   7.7731E+03
Elapsed time:      51.5610 seconds

Simulation complete.

==========================================
 Scoring Results (time-averaged) [W/m3]
==========================================
          EI              CX              EL              Total
 CL:     5.352461E+05    1.346025E+05   -1.234803E+05    5.463683E+05
 TL:     5.356629E+05    4.242367E+05    5.945058E+05    1.554405E+06
 TLLookup:     5.356629E+05    4.242367E+05    3.075106E+07    3.171096E+07
==========================================

==========================================
 Final Statistics
==========================================
  Alive particles  =      10000
  Total weight     =    7773.1241
  Mean energy      =       3.0211 eV
  Eff. temperature =       2.0140 eV
==========================================
  dE Histogram output (collect_time=  1.0000E-05 s)
