==========================================
 3D3V Non-Analog Monte Carlo Simulation
==========================================
  n_particles  =      10000
  n_steps      =       1000
  dt           =   1.0000E-08
  tl_el_inner  =         16
  enable_cx    = T
  enable_el    = T
  enable_ei    = F
  weight_min   =   1.0000E-10
  tl_el_table  = ../../tl_el_table_1e6_fixedcdf.dat
  n_i          =   1.0000E+21
  T_i          =     2.00 eV
  T_e          =     2.00 eV
  T_init       =     2.00 eV
==========================================
 CDF file size:     549055 bytes
 CDF data points read:    23320
 CDF file loaded successfully.
   xs_mult(y):   1.0000E-04  1.0000E-06  1.0000E-06  1.0000E-08  1.0000E-10
   Sigma range [m^2]:   4.7826E-19 -   1.5414E-17
 TL EL pretab table loaded: ../../tl_el_table_1e6_fixedcdf.dat
 nu_max/n_i = sigma_v_max =   4.9903E-12 [m^3/s]
 nu_max =   4.9903E+09 [1/s]

Starting simulation...
  Histogram output at step      1, weight_sum =   1.0000E+04
  Histogram output at step      2, weight_sum =   1.0000E+04
  Histogram output at step      3, weight_sum =   1.0000E+04
  Histogram output at step      5, weight_sum =   1.0000E+04
  Histogram output at step      7, weight_sum =   1.0000E+04
  Histogram output at step     10, weight_sum =   1.0000E+04
  Step    100/  1000  alive=   10000  CX=  1282  EL=  1968
  Step    200/  1000  alive=   10000  CX=  1246  EL=  2021
  Step    300/  1000  alive=   10000  CX=  1255  EL=  1948
  Step    400/  1000  alive=   10000  CX=  1358  EL=  1938
  Step    500/  1000  alive=   10000  CX=  1281  EL=  2001
  Step    600/  1000  alive=   10000  CX=  1269  EL=  1947
  Step    700/  1000  alive=   10000  CX=  1316  EL=  1931
  Step    800/  1000  alive=   10000  CX=  1320  EL=  2061
  Step    900/  1000  alive=   10000  CX=  1260  EL=  1914
  Step   1000/  1000  alive=   10000  CX=  1396  EL=  1957
Elapsed time:      52.9150 seconds

Simulation complete.

================================================================================
 Scoring Results (time-averaged) [W/m3]
================================================================================
                              EI              CX              EL           Total
          A(EL):                                   -6.598188E+03                
             CL:    0.000000E+00    4.288364E+04    5.130221E+06    5.173104E+06
    CLInner(EL):                                    6.300102E+03                
             TR:    0.000000E+00   -2.468615E+05    3.973934E+06    3.727073E+06
    TRInner(EL):                                    7.801437E+03                
   TRPretab(EL):                                    1.127162E+03                
================================================================================

==========================================
 Final Statistics
==========================================
  Alive particles  =      10000
  Total weight     =   10000.0000
  Mean energy      =       3.0064 eV
  Eff. temperature =       2.0043 eV
==========================================
  dE Histogram output (collect_time=  1.0000E-05 s)
