==========================================
 3D3V Non-Analog Monte Carlo Simulation
==========================================
  n_particles  =      10000
  n_steps      =       1000
  dt           =   1.0000E-08
  enable_cx    = T
  enable_el    = T
  enable_ei    = T
  weight_min   =   1.0000E-08
  n_i          =   1.0000E+21
  T_i          =     2.00 eV
  T_e          =     2.00 eV
  T_init       =     2.00 eV
==========================================
 Ensemble Run ID:           29 , Adjusted Base Seed:   2141839042
 CDF file size:     497928 bytes
 CDF data points read:    23320
 CDF file loaded successfully.
   Sigma range [m^2]:   8.1600E-19 -   1.6604E-17
 nu_max/n_i = sigma_v_max =   8.2930E-12 [m^3/s]
 nu_max =   8.2930E+09 [1/s]

Starting simulation...
  Histogram output at step      1, weight_sum =   9.9975E+03
  Histogram output at step     10, weight_sum =   9.9748E+03
  Histogram output at step     50, weight_sum =   9.8748E+03
  Step    100/  1000  alive=   10000  CX=  1339  EL=  3332
  Histogram output at step    100, weight_sum =   9.7512E+03
  Step    200/  1000  alive=   10000  CX=  1281  EL=  3244
  Step    300/  1000  alive=   10000  CX=  1272  EL=  3266
  Step    400/  1000  alive=   10000  CX=  1327  EL=  3394
  Step    500/  1000  alive=   10000  CX=  1351  EL=  3323
  Histogram output at step    500, weight_sum =   8.8165E+03
  Step    600/  1000  alive=   10000  CX=  1289  EL=  3374
  Step    700/  1000  alive=   10000  CX=  1311  EL=  3314
  Step    800/  1000  alive=   10000  CX=  1335  EL=  3313
  Step    900/  1000  alive=   10000  CX=  1291  EL=  3371
  Step   1000/  1000  alive=   10000  CX=  1328  EL=  3248
  Histogram output at step   1000, weight_sum =   7.7731E+03
Elapsed time:      49.8875 seconds

Simulation complete.

==========================================
 Scoring Results (time-averaged) [W/m3]
==========================================
          EI              CX              EL              Total
 CL:     5.351861E+05    3.943992E+04   -4.358521E+02    5.741902E+05
 TL:     5.350402E+05   -1.005556E+05   -9.866721E+04    3.358174E+05
==========================================

==========================================
 Final Statistics
==========================================
  Alive particles  =      10000
  Total weight     =    7773.1241
  Mean energy      =       2.9787 eV
  Eff. temperature =       1.9858 eV
==========================================
  dE Histogram output (collect_time=  1.0000E-05 s)
