==========================================
 3D3V Non-Analog Monte Carlo Simulation
==========================================
  n_particles  =       1000
  n_steps      =       1000
  dt           =   1.0000E-08
  enable_cx    = T
  enable_el    = T
  enable_ei    = T
  weight_min   =   1.0000E-08
  n_i          =   1.0000E+21
  T_i          =     2.00 eV
  T_e          =     2.00 eV
  T_init       =     2.00 eV
==========================================
 Ensemble Run ID:           19 , Adjusted Base Seed:   1403278112
 CDF file size:     497928 bytes
 CDF data points read:    23320
 CDF file loaded successfully.
   Sigma range [m^2]:   8.1600E-19 -   1.6604E-17
 nu_max/n_i = sigma_v_max =   8.2930E-12 [m^3/s]
 nu_max =   8.2930E+09 [1/s]

Starting simulation...
  Histogram output at step      1, weight_sum =   9.9975E+02
  Histogram output at step     10, weight_sum =   9.9748E+02
  Histogram output at step     50, weight_sum =   9.8748E+02
  Step    100/  1000  alive=    1000  CX=   124  EL=   338
  Histogram output at step    100, weight_sum =   9.7512E+02
  Step    200/  1000  alive=    1000  CX=   123  EL=   346
  Step    300/  1000  alive=    1000  CX=   149  EL=   296
  Step    400/  1000  alive=    1000  CX=   119  EL=   335
  Step    500/  1000  alive=    1000  CX=   135  EL=   283
  Histogram output at step    500, weight_sum =   8.8165E+02
  Step    600/  1000  alive=    1000  CX=   137  EL=   359
  Step    700/  1000  alive=    1000  CX=   131  EL=   326
  Step    800/  1000  alive=    1000  CX=   146  EL=   298
  Step    900/  1000  alive=    1000  CX=   120  EL=   356
  Step   1000/  1000  alive=    1000  CX=   103  EL=   343
  Histogram output at step   1000, weight_sum =   7.7731E+02
Elapsed time:      11.1772 seconds

Simulation complete.

==========================================
 Scoring Results (time-averaged) [W/m3]
==========================================
          EI              CX              EL              Total
 CL:     5.353765E+05   -5.775838E+05    5.706868E+05    5.284795E+05
 TL:     5.361022E+05    4.307591E+05    1.861421E+05    1.153003E+06
==========================================

==========================================
 Final Statistics
==========================================
  Alive particles  =       1000
  Total weight     =     777.3124
  Mean energy      =       3.0337 eV
  Eff. temperature =       2.0225 eV
==========================================
  dE Histogram output (collect_time=  1.0000E-05 s)
