==========================================
 3D3V Non-Analog Monte Carlo Simulation
==========================================
  n_particles  =      10000
  n_steps      =       1000
  dt           =   1.0000E-08
  enable_cx    = T
  enable_el    = T
  enable_ei    = T
  weight_min   =   1.0000E-08
  n_i          =   1.0000E+21
  T_i          =     2.00 eV
  T_e          =     2.00 eV
  T_init       =     2.00 eV
==========================================
 Ensemble Run ID:           15 , Adjusted Base Seed:   1107853740
 CDF file size:     497928 bytes
 CDF data points read:    23320
 CDF file loaded successfully.
   Sigma range [m^2]:   8.1600E-19 -   1.6604E-17
 nu_max/n_i = sigma_v_max =   8.2930E-12 [m^3/s]
 nu_max =   8.2930E+09 [1/s]

Starting simulation...
  Histogram output at step      1, weight_sum =   9.9975E+03
  Histogram output at step     10, weight_sum =   9.9748E+03
  Histogram output at step     50, weight_sum =   9.8748E+03
  Step    100/  1000  alive=   10000  CX=  1274  EL=  3294
  Histogram output at step    100, weight_sum =   9.7512E+03
  Step    200/  1000  alive=   10000  CX=  1333  EL=  3336
  Step    300/  1000  alive=   10000  CX=  1366  EL=  3298
  Step    400/  1000  alive=   10000  CX=  1321  EL=  3281
  Step    500/  1000  alive=   10000  CX=  1319  EL=  3262
  Histogram output at step    500, weight_sum =   8.8165E+03
  Step    600/  1000  alive=   10000  CX=  1288  EL=  3379
  Step    700/  1000  alive=   10000  CX=  1310  EL=  3332
  Step    800/  1000  alive=   10000  CX=  1359  EL=  3252
  Step    900/  1000  alive=   10000  CX=  1320  EL=  3285
  Step   1000/  1000  alive=   10000  CX=  1303  EL=  3291
  Histogram output at step   1000, weight_sum =   7.7731E+03
Elapsed time:     111.1189 seconds

Simulation complete.

==========================================
 Scoring Results (time-averaged) [W/m3]
==========================================
          EI              CX              EL              Total
 CL:     5.348765E+05    1.590393E+05   -1.619044E+05    5.320114E+05
 TL:     5.350210E+05   -1.413404E+05   -1.093502E+05    2.843304E+05
==========================================

==========================================
 Final Statistics
==========================================
  Alive particles  =      10000
  Total weight     =    7773.1241
  Mean energy      =       2.9952 eV
  Eff. temperature =       1.9968 eV
==========================================
  dE Histogram output (collect_time=  1.0000E-05 s)
