==========================================
 3D3V Non-Analog Monte Carlo Simulation
==========================================
  n_particles  =       1000
  n_steps      =       1000
  dt           =   1.0000E-08
  tl_el_inner  =         16
  enable_cx    = T
  enable_el    = T
  enable_ei    = F
  weight_min   =   1.0000E-10
  tl_el_table  = ../../tl_el_table_1e6_fixedcdf.dat
  n_i          =   1.0000E+21
  T_i          =     2.00 eV
  T_e          =     2.00 eV
  T_init       =     2.00 eV
==========================================
 CDF file size:     549055 bytes
 CDF data points read:    23320
 CDF file loaded successfully.
   xs_mult(y):   1.0000E-04  1.0000E-06  1.0000E-06  1.0000E-08  1.0000E-10
   Sigma range [m^2]:   4.7826E-19 -   1.5414E-17
 TL EL pretab table loaded: ../../tl_el_table_1e6_fixedcdf.dat
 nu_max/n_i = sigma_v_max =   4.9903E-12 [m^3/s]
 nu_max =   4.9903E+09 [1/s]

Starting simulation...
  Histogram output at step      1, weight_sum =   1.0000E+03
  Histogram output at step      2, weight_sum =   1.0000E+03
  Histogram output at step      3, weight_sum =   1.0000E+03
  Histogram output at step      5, weight_sum =   1.0000E+03
  Histogram output at step      7, weight_sum =   1.0000E+03
  Histogram output at step     10, weight_sum =   1.0000E+03
  Step    100/  1000  alive=    1000  CX=   145  EL=   186
  Step    200/  1000  alive=    1000  CX=   129  EL=   210
  Step    300/  1000  alive=    1000  CX=   110  EL=   202
  Step    400/  1000  alive=    1000  CX=   122  EL=   190
  Step    500/  1000  alive=    1000  CX=   126  EL=   160
  Step    600/  1000  alive=    1000  CX=   128  EL=   210
  Step    700/  1000  alive=    1000  CX=   119  EL=   199
  Step    800/  1000  alive=    1000  CX=   132  EL=   207
  Step    900/  1000  alive=    1000  CX=   131  EL=   190
  Step   1000/  1000  alive=    1000  CX=   130  EL=   196
Elapsed time:       4.6645 seconds

Simulation complete.

================================================================================
 Scoring Results (time-averaged) [W/m3]
================================================================================
                              EI              CX              EL           Total
          A(EL):                                    3.981098E+04                
             CL:    0.000000E+00   -3.016611E+05    5.088063E+06    4.786402E+06
    CLInner(EL):                                    1.267549E+04                
             TR:    0.000000E+00    1.391429E+06    3.983729E+06    5.375157E+06
    TRInner(EL):                                    1.728512E+04                
   TRPretab(EL):                                    1.140413E+03                
================================================================================

==========================================
 Final Statistics
==========================================
  Alive particles  =       1000
  Total weight     =    1000.0000
  Mean energy      =       3.0433 eV
  Eff. temperature =       2.0289 eV
==========================================
  dE Histogram output (collect_time=  1.0000E-05 s)
