==========================================
 3D3V Non-Analog Monte Carlo Simulation
==========================================
  n_particles  =      10000
  n_steps      =       1000
  dt           =   1.0000E-08
  tl_el_inner  =         16
  enable_cx    = T
  enable_el    = T
  enable_ei    = T
  weight_min   =   1.0000E-10
  tl_el_table  = ../../tl_el_table_fixedcdf.dat
  n_i          =   1.0000E+21
  T_i          =     2.00 eV
  T_e          =     2.00 eV
  T_init       =     2.00 eV
==========================================
 CDF file size:     549055 bytes
 CDF data points read:    23320
 CDF file loaded successfully.
   xs_mult(y):   1.0000E-04  1.0000E-06  1.0000E-06  1.0000E-08  1.0000E-10
   Sigma range [m^2]:   4.7826E-19 -   1.5414E-17
 TL EL pretab table loaded: ../../tl_el_table_fixedcdf.dat
 nu_max/n_i = sigma_v_max =   4.9903E-12 [m^3/s]
 nu_max =   4.9903E+09 [1/s]

Starting simulation...
  Histogram output at step      1, weight_sum =   9.9975E+03
  Histogram output at step     10, weight_sum =   9.9748E+03
  Histogram output at step     50, weight_sum =   9.8748E+03
  Step    100/  1000  alive=   10000  CX=  1301  EL=  2195
  Histogram output at step    100, weight_sum =   9.7512E+03
  Step    200/  1000  alive=   10000  CX=  1288  EL=  2246
  Step    300/  1000  alive=   10000  CX=  1283  EL=  2332
  Step    400/  1000  alive=   10000  CX=  1328  EL=  2372
  Step    500/  1000  alive=   10000  CX=  1322  EL=  2250
  Histogram output at step    500, weight_sum =   8.8165E+03
  Step    600/  1000  alive=   10000  CX=  1413  EL=  2297
  Step    700/  1000  alive=   10000  CX=  1352  EL=  2263
  Step    800/  1000  alive=   10000  CX=  1295  EL=  2220
  Step    900/  1000  alive=   10000  CX=  1344  EL=  2144
  Step   1000/  1000  alive=   10000  CX=  1360  EL=  2262
  Histogram output at step   1000, weight_sum =   7.7731E+03
Elapsed time:      61.2627 seconds

Simulation complete.

==========================================
 Scoring Results (time-averaged) [W/m3]
==========================================
          EI              CX              EL              Total
 A(EL):    -3.200896E+02
 CL:     5.344854E+05   -1.462868E+05    1.120304E+07    1.159124E+07
 CLInner(EL):     2.353771E+03
 TR:     5.344733E+05   -3.784892E+05    7.723826E+06    7.879811E+06
 TRInner(EL):    -1.788395E+03
 TRPretab(EL):    -4.288125E+03
==========================================

==========================================
 Final Statistics
==========================================
  Alive particles  =      10000
  Total weight     =    7773.1241
  Mean energy      =       3.0219 eV
  Eff. temperature =       2.0146 eV
==========================================
  dE Histogram output (collect_time=  1.0000E-05 s)
