==========================================
 3D3V Non-Analog Monte Carlo Simulation
==========================================
  n_particles  =       1000
  n_steps      =       1000
  dt           =   1.0000E-08
  tl_el_inner  =         16
  enable_cx    = T
  enable_el    = T
  enable_ei    = F
  weight_min   =   1.0000E-10
  tl_el_table  = ../../tl_el_table_1e6_fixedcdf.dat
  n_i          =   1.0000E+21
  T_i          =     2.00 eV
  T_e          =     2.00 eV
  T_init       =     2.00 eV
==========================================
 CDF file size:     549055 bytes
 CDF data points read:    23320
 CDF file loaded successfully.
   xs_mult(y):   1.0000E-04  1.0000E-06  1.0000E-06  1.0000E-08  1.0000E-10
   Sigma range [m^2]:   4.7826E-19 -   1.5414E-17
 TL EL pretab table loaded: ../../tl_el_table_1e6_fixedcdf.dat
 nu_max/n_i = sigma_v_max =   4.9903E-12 [m^3/s]
 nu_max =   4.9903E+09 [1/s]

Starting simulation...
  Histogram output at step      1, weight_sum =   1.0000E+03
  Histogram output at step      2, weight_sum =   1.0000E+03
  Histogram output at step      3, weight_sum =   1.0000E+03
  Histogram output at step      5, weight_sum =   1.0000E+03
  Histogram output at step      7, weight_sum =   1.0000E+03
  Histogram output at step     10, weight_sum =   1.0000E+03
  Step    100/  1000  alive=    1000  CX=   134  EL=   220
  Step    200/  1000  alive=    1000  CX=   140  EL=   226
  Step    300/  1000  alive=    1000  CX=   139  EL=   193
  Step    400/  1000  alive=    1000  CX=   124  EL=   227
  Step    500/  1000  alive=    1000  CX=   136  EL=   206
  Step    600/  1000  alive=    1000  CX=   131  EL=   182
  Step    700/  1000  alive=    1000  CX=   147  EL=   209
  Step    800/  1000  alive=    1000  CX=   132  EL=   197
  Step    900/  1000  alive=    1000  CX=   126  EL=   171
  Step   1000/  1000  alive=    1000  CX=   120  EL=   195
Elapsed time:       5.1260 seconds

Simulation complete.

================================================================================
 Scoring Results (time-averaged) [W/m3]
================================================================================
                              EI              CX              EL           Total
          A(EL):                                    8.811420E+03                
             CL:    0.000000E+00    2.467176E+05    5.158300E+06    5.405018E+06
    CLInner(EL):                                    2.527890E+03                
             TR:    0.000000E+00    2.134795E+06    4.032536E+06    6.167331E+06
    TRInner(EL):                                   -3.116623E+02                
   TRPretab(EL):                                    2.461949E+03                
================================================================================

==========================================
 Final Statistics
==========================================
  Alive particles  =       1000
  Total weight     =    1000.0000
  Mean energy      =       3.0049 eV
  Eff. temperature =       2.0033 eV
==========================================
  dE Histogram output (collect_time=  1.0000E-05 s)
