==========================================
 3D3V Non-Analog Monte Carlo Simulation
==========================================
  n_particles  =       1000
  n_steps      =       1000
  dt           =   1.0000E-08
  enable_cx    = T
  enable_el    = T
  enable_ei    = T
  weight_min   =   1.0000E-10
  n_i          =   1.0000E+21
  T_i          =     2.00 eV
  T_e          =     2.00 eV
  T_init       =     2.00 eV
==========================================
 CDF file size:     497928 bytes
 CDF data points read:    23320
 CDF file loaded successfully.
   xs_mult(y):   1.0000E-04  1.0000E-06  1.0000E-06  1.0000E-08  1.0000E-10
   Sigma range [m^2]:   8.1600E-19 -   1.6604E-17
 nu_max/n_i = sigma_v_max =   8.2930E-12 [m^3/s]
 nu_max =   8.2930E+09 [1/s]

Starting simulation...
  Histogram output at step      1, weight_sum =   9.9975E+02
  Histogram output at step     10, weight_sum =   9.9748E+02
  Histogram output at step     50, weight_sum =   9.8748E+02
  Step    100/  1000  alive=    1000  CX=   118  EL=   360
  Histogram output at step    100, weight_sum =   9.7512E+02
  Step    200/  1000  alive=    1000  CX=   140  EL=   348
  Step    300/  1000  alive=    1000  CX=   125  EL=   394
  Step    400/  1000  alive=    1000  CX=   145  EL=   359
  Step    500/  1000  alive=    1000  CX=   141  EL=   372
  Histogram output at step    500, weight_sum =   8.8165E+02
  Step    600/  1000  alive=    1000  CX=   152  EL=   365
  Step    700/  1000  alive=    1000  CX=   113  EL=   343
  Step    800/  1000  alive=    1000  CX=   130  EL=   362
  Step    900/  1000  alive=    1000  CX=   135  EL=   366
  Step   1000/  1000  alive=    1000  CX=   129  EL=   356
  Histogram output at step   1000, weight_sum =   7.7731E+02
Elapsed time:       5.8027 seconds

Simulation complete.

==========================================
 Scoring Results (time-averaged) [W/m3]
==========================================
          EI              CX              EL              Total
 CL:     5.337212E+05   -1.007439E+06    1.016691E+06    5.429736E+05
 TL:     5.345637E+05   -3.562938E+04    1.228067E+06    1.727001E+06
 TLLookup:     5.345637E+05   -3.562938E+04    3.035644E+07    3.085537E+07
==========================================

==========================================
 Final Statistics
==========================================
  Alive particles  =       1000
  Total weight     =     777.3124
  Mean energy      =       3.0152 eV
  Eff. temperature =       2.0102 eV
==========================================
  dE Histogram output (collect_time=  1.0000E-05 s)
