==========================================
 3D3V Non-Analog Monte Carlo Simulation
==========================================
  n_particles  =       1000
  n_steps      =       1000
  dt           =   1.0000E-08
  enable_cx    = T
  enable_el    = T
  enable_ei    = T
  weight_min   =   1.0000E-08
  n_i          =   1.0000E+21
  T_i          =     2.00 eV
  T_e          =     2.00 eV
  T_init       =     2.00 eV
==========================================
 Ensemble Run ID:            7 , Adjusted Base Seed:    517004996
 CDF file size:     497928 bytes
 CDF data points read:    23320
 CDF file loaded successfully.
   Sigma range [m^2]:   8.1600E-19 -   1.6604E-17
 nu_max/n_i = sigma_v_max =   8.2930E-12 [m^3/s]
 nu_max =   8.2930E+09 [1/s]

Starting simulation...
  Histogram output at step      1, weight_sum =   9.9975E+02
  Histogram output at step     10, weight_sum =   9.9748E+02
  Histogram output at step     50, weight_sum =   9.8748E+02
  Step    100/  1000  alive=    1000  CX=   126  EL=   317
  Histogram output at step    100, weight_sum =   9.7512E+02
  Step    200/  1000  alive=    1000  CX=   122  EL=   334
  Step    300/  1000  alive=    1000  CX=   130  EL=   338
  Step    400/  1000  alive=    1000  CX=   124  EL=   348
  Step    500/  1000  alive=    1000  CX=   119  EL=   340
  Histogram output at step    500, weight_sum =   8.8165E+02
  Step    600/  1000  alive=    1000  CX=   119  EL=   302
  Step    700/  1000  alive=    1000  CX=   121  EL=   352
  Step    800/  1000  alive=    1000  CX=   143  EL=   344
  Step    900/  1000  alive=    1000  CX=   143  EL=   315
  Step   1000/  1000  alive=    1000  CX=   148  EL=   357
  Histogram output at step   1000, weight_sum =   7.7731E+02
Elapsed time:       9.5104 seconds

Simulation complete.

==========================================
 Scoring Results (time-averaged) [W/m3]
==========================================
          EI              CX              EL              Total
 CL:     5.361642E+05    1.503496E+05    2.536187E+04    7.118757E+05
 TL:     5.340245E+05   -8.342507E+05   -5.225227E+05   -8.227489E+05
==========================================

==========================================
 Final Statistics
==========================================
  Alive particles  =       1000
  Total weight     =     777.3124
  Mean energy      =       2.8370 eV
  Eff. temperature =       1.8913 eV
==========================================
  dE Histogram output (collect_time=  1.0000E-05 s)
