==========================================
 3D3V Non-Analog Monte Carlo Simulation
==========================================
  n_particles  =      10000
  n_steps      =       1000
  dt           =   1.0000E-08
  enable_cx    = T
  enable_el    = T
  enable_ei    = T
  weight_min   =   1.0000E-08
  n_i          =   1.0000E+21
  T_i          =     2.00 eV
  T_e          =     2.00 eV
  T_init       =     2.00 eV
==========================================
 Ensemble Run ID:           27 , Adjusted Base Seed:   1994126856
 CDF file size:     497928 bytes
 CDF data points read:    23320
 CDF file loaded successfully.
   Sigma range [m^2]:   8.1600E-19 -   1.6604E-17
 nu_max/n_i = sigma_v_max =   8.2930E-12 [m^3/s]
 nu_max =   8.2930E+09 [1/s]

Starting simulation...
  Histogram output at step      1, weight_sum =   9.9975E+03
  Histogram output at step     10, weight_sum =   9.9748E+03
  Histogram output at step     50, weight_sum =   9.8748E+03
  Step    100/  1000  alive=   10000  CX=  1411  EL=  3266
  Histogram output at step    100, weight_sum =   9.7512E+03
  Step    200/  1000  alive=   10000  CX=  1331  EL=  3417
  Step    300/  1000  alive=   10000  CX=  1305  EL=  3327
  Step    400/  1000  alive=   10000  CX=  1368  EL=  3363
  Step    500/  1000  alive=   10000  CX=  1356  EL=  3280
  Histogram output at step    500, weight_sum =   8.8165E+03
  Step    600/  1000  alive=   10000  CX=  1339  EL=  3291
  Step    700/  1000  alive=   10000  CX=  1345  EL=  3317
  Step    800/  1000  alive=   10000  CX=  1292  EL=  3342
  Step    900/  1000  alive=   10000  CX=  1282  EL=  3308
  Step   1000/  1000  alive=   10000  CX=  1287  EL=  3358
  Histogram output at step   1000, weight_sum =   7.7731E+03
Elapsed time:      50.9084 seconds

Simulation complete.

==========================================
 Scoring Results (time-averaged) [W/m3]
==========================================
          EI              CX              EL              Total
 CL:     5.349989E+05   -1.781286E+05    2.132492E+05    5.701196E+05
 TL:     5.352464E+05   -6.344152E+03    1.295096E+04    5.418532E+05
==========================================

==========================================
 Final Statistics
==========================================
  Alive particles  =      10000
  Total weight     =    7773.1241
  Mean energy      =       2.9863 eV
  Eff. temperature =       1.9908 eV
==========================================
  dE Histogram output (collect_time=  1.0000E-05 s)
