==========================================
 3D3V Non-Analog Monte Carlo Simulation
==========================================
  n_particles  =      10000
  n_steps      =       1000
  dt           =   1.0000E-08
  tl_el_inner  =         16
  enable_cx    = T
  enable_el    = T
  enable_ei    = F
  weight_min   =   1.0000E-10
  tl_el_table  = ../../tl_el_table_1e6_fixedcdf.dat
  n_i          =   1.0000E+21
  T_i          =     2.00 eV
  T_e          =     2.00 eV
  T_init       =     2.00 eV
==========================================
 CDF file size:     549055 bytes
 CDF data points read:    23320
 CDF file loaded successfully.
   xs_mult(y):   1.0000E-04  1.0000E-06  1.0000E-06  1.0000E-08  1.0000E-10
   Sigma range [m^2]:   4.7826E-19 -   1.5414E-17
 TL EL pretab table loaded: ../../tl_el_table_1e6_fixedcdf.dat
 nu_max/n_i = sigma_v_max =   4.9903E-12 [m^3/s]
 nu_max =   4.9903E+09 [1/s]

Starting simulation...
  Histogram output at step      1, weight_sum =   1.0000E+04
  Histogram output at step      2, weight_sum =   1.0000E+04
  Histogram output at step      3, weight_sum =   1.0000E+04
  Histogram output at step      5, weight_sum =   1.0000E+04
  Histogram output at step      7, weight_sum =   1.0000E+04
  Histogram output at step     10, weight_sum =   1.0000E+04
  Step    100/  1000  alive=   10000  CX=  1270  EL=  1970
  Step    200/  1000  alive=   10000  CX=  1318  EL=  1997
  Step    300/  1000  alive=   10000  CX=  1297  EL=  2003
  Step    400/  1000  alive=   10000  CX=  1268  EL=  1923
  Step    500/  1000  alive=   10000  CX=  1322  EL=  1961
  Step    600/  1000  alive=   10000  CX=  1347  EL=  1925
  Step    700/  1000  alive=   10000  CX=  1304  EL=  1971
  Step    800/  1000  alive=   10000  CX=  1358  EL=  2098
  Step    900/  1000  alive=   10000  CX=  1318  EL=  1961
  Step   1000/  1000  alive=   10000  CX=  1312  EL=  2003
Elapsed time:      50.1674 seconds

Simulation complete.

================================================================================
 Scoring Results (time-averaged) [W/m3]
================================================================================
                              EI              CX              EL           Total
          A(EL):                                    1.843607E+03                
             CL:    0.000000E+00   -5.737183E+05    5.094366E+06    4.520647E+06
    CLInner(EL):                                    1.653521E+03                
             TR:    0.000000E+00   -5.535198E+04    3.943775E+06    3.888423E+06
    TRInner(EL):                                   -9.232909E+02                
   TRPretab(EL):                                    6.024707E+02                
================================================================================

==========================================
 Final Statistics
==========================================
  Alive particles  =      10000
  Total weight     =   10000.0000
  Mean energy      =       3.0199 eV
  Eff. temperature =       2.0133 eV
==========================================
  dE Histogram output (collect_time=  1.0000E-05 s)
