==========================================
 3D3V Non-Analog Monte Carlo Simulation
==========================================
  n_particles  =       5000
  n_steps      =       1000
  dt           =   1.0000E-08
  enable_cx    = T
  enable_el    = T
  enable_ei    = T
  weight_min   =   1.0000E-08
  n_i          =   1.0000E+21
  T_i          =     2.00 eV
  T_e          =     2.00 eV
  T_init       =     2.00 eV
==========================================
 Ensemble Run ID:           17 , Adjusted Base Seed:   1255565926
 CDF file size:     497928 bytes
 CDF data points read:    23320
 CDF file loaded successfully.
   Sigma range [m^2]:   8.1600E-19 -   1.6604E-17
 nu_max/n_i = sigma_v_max =   8.2930E-12 [m^3/s]
 nu_max =   8.2930E+09 [1/s]

Starting simulation...
  Histogram output at step      1, weight_sum =   4.9987E+03
  Histogram output at step     10, weight_sum =   4.9874E+03
  Histogram output at step     50, weight_sum =   4.9374E+03
  Step    100/  1000  alive=    5000  CX=   668  EL=  1665
  Histogram output at step    100, weight_sum =   4.8756E+03
  Step    200/  1000  alive=    5000  CX=   663  EL=  1644
  Step    300/  1000  alive=    5000  CX=   650  EL=  1596
  Step    400/  1000  alive=    5000  CX=   653  EL=  1602
  Step    500/  1000  alive=    5000  CX=   682  EL=  1696
  Histogram output at step    500, weight_sum =   4.4083E+03
  Step    600/  1000  alive=    5000  CX=   709  EL=  1696
  Step    700/  1000  alive=    5000  CX=   619  EL=  1604
  Step    800/  1000  alive=    5000  CX=   678  EL=  1656
  Step    900/  1000  alive=    5000  CX=   648  EL=  1666
  Step   1000/  1000  alive=    5000  CX=   675  EL=  1643
  Histogram output at step   1000, weight_sum =   3.8866E+03
Elapsed time:      53.9255 seconds

Simulation complete.

==========================================
 Scoring Results (time-averaged) [W/m3]
==========================================
          EI              CX              EL              Total
 CL:     5.357254E+05   -4.264489E+05    3.935410E+05    5.028175E+05
 TL:     5.348777E+05   -1.373252E+05   -8.535273E+04    3.121999E+05
==========================================

==========================================
 Final Statistics
==========================================
  Alive particles  =       5000
  Total weight     =    3886.5620
  Mean energy      =       3.0270 eV
  Eff. temperature =       2.0180 eV
==========================================
  dE Histogram output (collect_time=  1.0000E-05 s)
