==========================================
 3D3V Non-Analog Monte Carlo Simulation
==========================================
  n_particles  =      10000
  n_steps      =       1000
  dt           =   1.0000E-08
  tl_el_inner  =         16
  enable_cx    = T
  enable_el    = T
  enable_ei    = F
  weight_min   =   1.0000E-10
  tl_el_table  = ../../tl_el_table_1e6_fixedcdf.dat
  n_i          =   1.0000E+21
  T_i          =     2.00 eV
  T_e          =     2.00 eV
  T_init       =     2.00 eV
==========================================
 CDF file size:     549055 bytes
 CDF data points read:    23320
 CDF file loaded successfully.
   xs_mult(y):   1.0000E-04  1.0000E-06  1.0000E-06  1.0000E-08  1.0000E-10
   Sigma range [m^2]:   4.7826E-19 -   1.5414E-17
 TL EL pretab table loaded: ../../tl_el_table_1e6_fixedcdf.dat
 nu_max/n_i = sigma_v_max =   4.9903E-12 [m^3/s]
 nu_max =   4.9903E+09 [1/s]

Starting simulation...
  Histogram output at step      1, weight_sum =   1.0000E+04
  Histogram output at step      2, weight_sum =   1.0000E+04
  Histogram output at step      3, weight_sum =   1.0000E+04
  Histogram output at step      5, weight_sum =   1.0000E+04
  Histogram output at step      7, weight_sum =   1.0000E+04
  Histogram output at step     10, weight_sum =   1.0000E+04
  Step    100/  1000  alive=   10000  CX=  1297  EL=  1955
  Step    200/  1000  alive=   10000  CX=  1312  EL=  1948
  Step    300/  1000  alive=   10000  CX=  1301  EL=  1994
  Step    400/  1000  alive=   10000  CX=  1291  EL=  2012
  Step    500/  1000  alive=   10000  CX=  1309  EL=  1977
  Step    600/  1000  alive=   10000  CX=  1300  EL=  2006
  Step    700/  1000  alive=   10000  CX=  1289  EL=  1983
  Step    800/  1000  alive=   10000  CX=  1414  EL=  2021
  Step    900/  1000  alive=   10000  CX=  1351  EL=  1978
  Step   1000/  1000  alive=   10000  CX=  1329  EL=  2018
Elapsed time:      53.2879 seconds

Simulation complete.

================================================================================
 Scoring Results (time-averaged) [W/m3]
================================================================================
                              EI              CX              EL           Total
          A(EL):                                    9.400853E+03                
             CL:    0.000000E+00   -2.211448E+05    5.134258E+06    4.913114E+06
    CLInner(EL):                                    3.837504E+03                
             TR:    0.000000E+00    4.415302E+05    3.969394E+06    4.410924E+06
    TRInner(EL):                                    1.289818E+03                
   TRPretab(EL):                                    1.097362E+03                
================================================================================

==========================================
 Final Statistics
==========================================
  Alive particles  =      10000
  Total weight     =   10000.0000
  Mean energy      =       3.0549 eV
  Eff. temperature =       2.0366 eV
==========================================
  dE Histogram output (collect_time=  1.0000E-05 s)
