==========================================
 3D3V Non-Analog Monte Carlo Simulation
==========================================
  n_particles  =      10000
  n_steps      =       1000
  dt           =   1.0000E-08
  enable_cx    = T
  enable_el    = T
  enable_ei    = T
  weight_min   =   1.0000E-10
  n_i          =   1.0000E+21
  T_i          =     2.00 eV
  T_e          =     2.00 eV
  T_init       =     2.00 eV
==========================================
 CDF file size:     497928 bytes
 CDF data points read:    23320
 CDF file loaded successfully.
   xs_mult(y):   1.0000E-04  1.0000E-06  1.0000E-06  1.0000E-08  1.0000E-10
   Sigma range [m^2]:   8.1600E-19 -   1.6604E-17
 nu_max/n_i = sigma_v_max =   8.2930E-12 [m^3/s]
 nu_max =   8.2930E+09 [1/s]

Starting simulation...
  Histogram output at step      1, weight_sum =   9.9975E+03
  Histogram output at step     10, weight_sum =   9.9748E+03
  Histogram output at step     50, weight_sum =   9.8748E+03
  Step    100/  1000  alive=   10000  CX=  1301  EL=  3679
  Histogram output at step    100, weight_sum =   9.7512E+03
  Step    200/  1000  alive=   10000  CX=  1349  EL=  3674
  Step    300/  1000  alive=   10000  CX=  1335  EL=  3683
  Step    400/  1000  alive=   10000  CX=  1273  EL=  3696
  Step    500/  1000  alive=   10000  CX=  1265  EL=  3748
  Histogram output at step    500, weight_sum =   8.8165E+03
  Step    600/  1000  alive=   10000  CX=  1226  EL=  3632
  Step    700/  1000  alive=   10000  CX=  1321  EL=  3717
  Step    800/  1000  alive=   10000  CX=  1326  EL=  3793
  Step    900/  1000  alive=   10000  CX=  1276  EL=  3774
  Step   1000/  1000  alive=   10000  CX=  1283  EL=  3730
  Histogram output at step   1000, weight_sum =   7.7731E+03
Elapsed time:      51.6015 seconds

Simulation complete.

==========================================
 Scoring Results (time-averaged) [W/m3]
==========================================
          EI              CX              EL              Total
 CL:     5.349099E+05   -1.854812E+05    1.839104E+05    5.333391E+05
 TL:     5.348221E+05   -4.263403E+05   -6.790827E+05   -5.706009E+05
 TLLookup:     5.348221E+05   -4.263403E+05    3.040082E+07    3.050930E+07
==========================================

==========================================
 Final Statistics
==========================================
  Alive particles  =      10000
  Total weight     =    7773.1241
  Mean energy      =       2.9987 eV
  Eff. temperature =       1.9992 eV
==========================================
  dE Histogram output (collect_time=  1.0000E-05 s)
