==========================================
 3D3V Non-Analog Monte Carlo Simulation
==========================================
  n_particles  =      10000
  n_steps      =       1000
  dt           =   1.0000E-08
  tl_el_inner  =         16
  enable_cx    = T
  enable_el    = T
  enable_ei    = T
  weight_min   =   1.0000E-10
  tl_el_table  = ../../tl_el_table_fixedcdf.dat
  n_i          =   1.0000E+21
  T_i          =     2.00 eV
  T_e          =     2.00 eV
  T_init       =     2.00 eV
==========================================
 CDF file size:     549055 bytes
 CDF data points read:    23320
 CDF file loaded successfully.
   xs_mult(y):   1.0000E-04  1.0000E-06  1.0000E-06  1.0000E-08  1.0000E-10
   Sigma range [m^2]:   4.7826E-19 -   1.5414E-17
 TL EL pretab table loaded: ../../tl_el_table_fixedcdf.dat
 nu_max/n_i = sigma_v_max =   4.9903E-12 [m^3/s]
 nu_max =   4.9903E+09 [1/s]

Starting simulation...
  Histogram output at step      1, weight_sum =   9.9975E+03
  Histogram output at step     10, weight_sum =   9.9748E+03
  Histogram output at step     50, weight_sum =   9.8748E+03
  Step    100/  1000  alive=   10000  CX=  1321  EL=  2231
  Histogram output at step    100, weight_sum =   9.7512E+03
  Step    200/  1000  alive=   10000  CX=  1310  EL=  2224
  Step    300/  1000  alive=   10000  CX=  1270  EL=  2292
  Step    400/  1000  alive=   10000  CX=  1268  EL=  2299
  Step    500/  1000  alive=   10000  CX=  1367  EL=  2308
  Histogram output at step    500, weight_sum =   8.8165E+03
  Step    600/  1000  alive=   10000  CX=  1309  EL=  2261
  Step    700/  1000  alive=   10000  CX=  1328  EL=  2204
  Step    800/  1000  alive=   10000  CX=  1295  EL=  2245
  Step    900/  1000  alive=   10000  CX=  1233  EL=  2244
  Step   1000/  1000  alive=   10000  CX=  1336  EL=  2240
  Histogram output at step   1000, weight_sum =   7.7731E+03
Elapsed time:      54.3403 seconds

Simulation complete.

==========================================
 Scoring Results (time-averaged) [W/m3]
==========================================
          EI              CX              EL              Total
 A(EL):    -8.346769E+03
 CL:     5.355934E+05   -2.060211E+04    1.123573E+07    1.175072E+07
 CLInner(EL):     5.482161E+03
 TR:     5.352019E+05   -6.869012E+04    7.743563E+06    8.210075E+06
 TRInner(EL):     4.427655E+03
 TRPretab(EL):    -3.465639E+03
==========================================

==========================================
 Final Statistics
==========================================
  Alive particles  =      10000
  Total weight     =    7773.1241
  Mean energy      =       2.9469 eV
  Eff. temperature =       1.9646 eV
==========================================
  dE Histogram output (collect_time=  1.0000E-05 s)
