==========================================
 3D3V Non-Analog Monte Carlo Simulation
==========================================
  n_particles  =      10000
  n_steps      =       1000
  dt           =   1.0000E-08
  tl_el_inner  =         16
  enable_cx    = T
  enable_el    = T
  enable_ei    = F
  weight_min   =   1.0000E-10
  tl_el_table  = ../../tl_el_table_1e6_fixedcdf.dat
  n_i          =   1.0000E+21
  T_i          =     2.00 eV
  T_e          =     2.00 eV
  T_init       =     2.00 eV
==========================================
 CDF file size:     549055 bytes
 CDF data points read:    23320
 CDF file loaded successfully.
   xs_mult(y):   1.0000E-04  1.0000E-06  1.0000E-06  1.0000E-08  1.0000E-10
   Sigma range [m^2]:   4.7826E-19 -   1.5414E-17
 TL EL pretab table loaded: ../../tl_el_table_1e6_fixedcdf.dat
 nu_max/n_i = sigma_v_max =   4.9903E-12 [m^3/s]
 nu_max =   4.9903E+09 [1/s]

Starting simulation...
  Histogram output at step      1, weight_sum =   1.0000E+04
  Histogram output at step      2, weight_sum =   1.0000E+04
  Histogram output at step      3, weight_sum =   1.0000E+04
  Histogram output at step      5, weight_sum =   1.0000E+04
  Histogram output at step      7, weight_sum =   1.0000E+04
  Histogram output at step     10, weight_sum =   1.0000E+04
  Step    100/  1000  alive=   10000  CX=  1330  EL=  2007
  Step    200/  1000  alive=   10000  CX=  1325  EL=  1880
  Step    300/  1000  alive=   10000  CX=  1323  EL=  2018
  Step    400/  1000  alive=   10000  CX=  1344  EL=  1984
  Step    500/  1000  alive=   10000  CX=  1304  EL=  1940
  Step    600/  1000  alive=   10000  CX=  1301  EL=  2026
  Step    700/  1000  alive=   10000  CX=  1277  EL=  1965
  Step    800/  1000  alive=   10000  CX=  1366  EL=  1907
  Step    900/  1000  alive=   10000  CX=  1313  EL=  2043
  Step   1000/  1000  alive=   10000  CX=  1342  EL=  1954
Elapsed time:      59.9462 seconds

Simulation complete.

================================================================================
 Scoring Results (time-averaged) [W/m3]
================================================================================
                              EI              CX              EL           Total
          A(EL):                                   -7.038398E+03                
             CL:    0.000000E+00    4.085640E+04    5.130935E+06    5.171792E+06
    CLInner(EL):                                    2.606093E+03                
             TR:    0.000000E+00   -1.166910E+05    3.987759E+06    3.871068E+06
    TRInner(EL):                                    3.393063E+02                
   TRPretab(EL):                                    1.338886E+03                
================================================================================

==========================================
 Final Statistics
==========================================
  Alive particles  =      10000
  Total weight     =   10000.0000
  Mean energy      =       3.0084 eV
  Eff. temperature =       2.0056 eV
==========================================
  dE Histogram output (collect_time=  1.0000E-05 s)
