==========================================
 3D3V Non-Analog Monte Carlo Simulation
==========================================
  n_particles  =       1000
  n_steps      =       1000
  dt           =   1.0000E-08
  tl_el_inner  =         16
  enable_cx    = T
  enable_el    = T
  enable_ei    = F
  weight_min   =   1.0000E-10
  tl_el_table  = ../../tl_el_table_1e6.dat
  n_i          =   1.0000E+21
  T_i          =     2.00 eV
  T_e          =     2.00 eV
  T_init       =     2.00 eV
==========================================
 CDF file size:     497928 bytes
 CDF data points read:    23320
 CDF file loaded successfully.
   xs_mult(y):   1.0000E-04  1.0000E-06  1.0000E-06  1.0000E-08  1.0000E-10
   Sigma range [m^2]:   8.1600E-19 -   1.6604E-17
 TL EL pretab table loaded: ../../tl_el_table_1e6.dat
 nu_max/n_i = sigma_v_max =   8.2930E-12 [m^3/s]
 nu_max =   8.2930E+09 [1/s]

Starting simulation...
  Histogram output at step      1, weight_sum =   1.0000E+03
  Histogram output at step      2, weight_sum =   1.0000E+03
  Histogram output at step      3, weight_sum =   1.0000E+03
  Histogram output at step      5, weight_sum =   1.0000E+03
  Histogram output at step      7, weight_sum =   1.0000E+03
  Histogram output at step     10, weight_sum =   1.0000E+03
  Step    100/  1000  alive=    1000  CX=   133  EL=   311
  Step    200/  1000  alive=    1000  CX=   140  EL=   324
  Step    300/  1000  alive=    1000  CX=   146  EL=   308
  Step    400/  1000  alive=    1000  CX=   138  EL=   303
  Step    500/  1000  alive=    1000  CX=   123  EL=   319
  Step    600/  1000  alive=    1000  CX=   128  EL=   337
  Step    700/  1000  alive=    1000  CX=   131  EL=   330
  Step    800/  1000  alive=    1000  CX=   130  EL=   314
  Step    900/  1000  alive=    1000  CX=   143  EL=   362
  Step   1000/  1000  alive=    1000  CX=   150  EL=   362
Elapsed time:       4.2861 seconds

Simulation complete.

================================================================================
 Scoring Results (time-averaged) [W/m3]
================================================================================
                              EI              CX              EL           Total
          A(EL):                                    4.416384E+05                
             CL:    0.000000E+00    1.463301E+05    4.731195E+07    4.745828E+07
    CLInner(EL):                                    2.550210E+06                
             TR:    0.000000E+00    1.626525E+06    3.486760E+07    3.649413E+07
    TRInner(EL):                                    1.028396E+06                
   TRPretab(EL):                                    6.395175E+05                
================================================================================

==========================================
 Final Statistics
==========================================
  Alive particles  =       1000
  Total weight     =    1000.0000
  Mean energy      =       2.9059 eV
  Eff. temperature =       1.9373 eV
==========================================
  dE Histogram output (collect_time=  1.0000E-05 s)
