==========================================
 3D3V Non-Analog Monte Carlo Simulation
==========================================
  n_particles  =      10000
  n_steps      =       1000
  dt           =   1.0000E-08
  enable_cx    = T
  enable_el    = T
  enable_ei    = T
  weight_min   =   1.0000E-10
  n_i          =   1.0000E+21
  T_i          =     2.00 eV
  T_e          =     2.00 eV
  T_init       =     2.00 eV
==========================================
 CDF file size:     497928 bytes
 CDF data points read:    23320
 CDF file loaded successfully.
   xs_mult(y):   1.0000E-04  1.0000E-06  1.0000E-06  1.0000E-08  1.0000E-10
   Sigma range [m^2]:   8.1600E-19 -   1.6604E-17
 nu_max/n_i = sigma_v_max =   8.2930E-12 [m^3/s]
 nu_max =   8.2930E+09 [1/s]

Starting simulation...
  Histogram output at step      1, weight_sum =   9.9975E+03
  Histogram output at step     10, weight_sum =   9.9748E+03
  Histogram output at step     50, weight_sum =   9.8748E+03
  Step    100/  1000  alive=   10000  CX=  1295  EL=  3648
  Histogram output at step    100, weight_sum =   9.7512E+03
  Step    200/  1000  alive=   10000  CX=  1277  EL=  3606
  Step    300/  1000  alive=   10000  CX=  1301  EL=  3806
  Step    400/  1000  alive=   10000  CX=  1322  EL=  3712
  Step    500/  1000  alive=   10000  CX=  1254  EL=  3728
  Histogram output at step    500, weight_sum =   8.8165E+03
  Step    600/  1000  alive=   10000  CX=  1339  EL=  3610
  Step    700/  1000  alive=   10000  CX=  1421  EL=  3796
  Step    800/  1000  alive=   10000  CX=  1283  EL=  3709
  Step    900/  1000  alive=   10000  CX=  1336  EL=  3727
  Step   1000/  1000  alive=   10000  CX=  1341  EL=  3532
  Histogram output at step   1000, weight_sum =   7.7731E+03
Elapsed time:      59.8635 seconds

Simulation complete.

==========================================
 Scoring Results (time-averaged) [W/m3]
==========================================
          EI              CX              EL              Total
 CL:     5.351220E+05   -8.112715E+04    8.515162E+04    5.391464E+05
 TL:     5.354555E+05    3.211541E+05    8.213635E+05    1.677973E+06
 TLLookup:     5.354555E+05    3.211541E+05    3.066642E+07    3.152302E+07
==========================================

==========================================
 Final Statistics
==========================================
  Alive particles  =      10000
  Total weight     =    7773.1241
  Mean energy      =       2.9644 eV
  Eff. temperature =       1.9763 eV
==========================================
  dE Histogram output (collect_time=  1.0000E-05 s)
