==========================================
 3D3V Non-Analog Monte Carlo Simulation
==========================================
  n_particles  =       1000
  n_steps      =       1000
  dt           =   1.0000E-08
  enable_cx    = T
  enable_el    = T
  enable_ei    = T
  weight_min   =   1.0000E-10
  n_i          =   1.0000E+21
  T_i          =     2.00 eV
  T_e          =     2.00 eV
  T_init       =     2.00 eV
==========================================
 CDF file size:     497928 bytes
 CDF data points read:    23320
 CDF file loaded successfully.
   xs_mult(y):   1.0000E-04  1.0000E-06  1.0000E-06  1.0000E-08  1.0000E-10
   Sigma range [m^2]:   8.1600E-19 -   1.6604E-17
 nu_max/n_i = sigma_v_max =   8.2930E-12 [m^3/s]
 nu_max =   8.2930E+09 [1/s]

Starting simulation...
  Histogram output at step      1, weight_sum =   9.9975E+02
  Histogram output at step     10, weight_sum =   9.9748E+02
  Histogram output at step     50, weight_sum =   9.8748E+02
  Step    100/  1000  alive=    1000  CX=   124  EL=   372
  Histogram output at step    100, weight_sum =   9.7512E+02
  Step    200/  1000  alive=    1000  CX=   124  EL=   372
  Step    300/  1000  alive=    1000  CX=   139  EL=   348
  Step    400/  1000  alive=    1000  CX=   135  EL=   406
  Step    500/  1000  alive=    1000  CX=   140  EL=   374
  Histogram output at step    500, weight_sum =   8.8165E+02
  Step    600/  1000  alive=    1000  CX=   136  EL=   387
  Step    700/  1000  alive=    1000  CX=   139  EL=   360
  Step    800/  1000  alive=    1000  CX=   139  EL=   389
  Step    900/  1000  alive=    1000  CX=   117  EL=   359
  Step   1000/  1000  alive=    1000  CX=   123  EL=   390
  Histogram output at step   1000, weight_sum =   7.7731E+02
Elapsed time:       5.8231 seconds

Simulation complete.

==========================================
 Scoring Results (time-averaged) [W/m3]
==========================================
          EI              CX              EL              Total
 CL:     5.364689E+05    2.662793E+05   -3.228910E+05    4.798572E+05
 TL:     5.358318E+05    1.210806E+06    1.006774E+06    2.753411E+06
 TLLookup:     5.358318E+05    1.210806E+06    3.087882E+07    3.262546E+07
==========================================

==========================================
 Final Statistics
==========================================
  Alive particles  =       1000
  Total weight     =     777.3124
  Mean energy      =       3.0979 eV
  Eff. temperature =       2.0653 eV
==========================================
  dE Histogram output (collect_time=  1.0000E-05 s)
