==========================================
 3D3V Non-Analog Monte Carlo Simulation
==========================================
  n_particles  =      10000
  n_steps      =       1000
  dt           =   1.0000E-08
  tl_el_inner  =         16
  enable_cx    = T
  enable_el    = T
  enable_ei    = F
  weight_min   =   1.0000E-10
  tl_el_table  = ../../tl_el_table_1e6.dat
  n_i          =   1.0000E+21
  T_i          =     2.00 eV
  T_e          =     2.00 eV
  T_init       =     2.00 eV
==========================================
 CDF file size:     497928 bytes
 CDF data points read:    23320
 CDF file loaded successfully.
   xs_mult(y):   1.0000E-04  1.0000E-06  1.0000E-06  1.0000E-08  1.0000E-10
   Sigma range [m^2]:   8.1600E-19 -   1.6604E-17
 TL EL pretab table loaded: ../../tl_el_table_1e6.dat
 nu_max/n_i = sigma_v_max =   8.2930E-12 [m^3/s]
 nu_max =   8.2930E+09 [1/s]

Starting simulation...
  Histogram output at step      1, weight_sum =   1.0000E+04
  Histogram output at step      2, weight_sum =   1.0000E+04
  Histogram output at step      3, weight_sum =   1.0000E+04
  Histogram output at step      5, weight_sum =   1.0000E+04
  Histogram output at step      7, weight_sum =   1.0000E+04
  Histogram output at step     10, weight_sum =   1.0000E+04
  Step    100/  1000  alive=   10000  CX=  1306  EL=  3293
  Step    200/  1000  alive=   10000  CX=  1298  EL=  3415
  Step    300/  1000  alive=   10000  CX=  1330  EL=  3209
  Step    400/  1000  alive=   10000  CX=  1317  EL=  3284
  Step    500/  1000  alive=   10000  CX=  1304  EL=  3254
  Step    600/  1000  alive=   10000  CX=  1318  EL=  3408
  Step    700/  1000  alive=   10000  CX=  1357  EL=  3333
  Step    800/  1000  alive=   10000  CX=  1271  EL=  3121
  Step    900/  1000  alive=   10000  CX=  1363  EL=  3336
  Step   1000/  1000  alive=   10000  CX=  1300  EL=  3322
Elapsed time:      56.3941 seconds

Simulation complete.

================================================================================
 Scoring Results (time-averaged) [W/m3]
================================================================================
                              EI              CX              EL           Total
          A(EL):                                   -6.238902E+04                
             CL:    0.000000E+00    1.512266E+05    4.722002E+07    4.737125E+07
    CLInner(EL):                                    1.999699E+06                
             TR:    0.000000E+00   -6.642372E+04    3.475107E+07    3.468465E+07
    TRInner(EL):                                    1.976335E+05                
   TRPretab(EL):                                    5.100541E+05                
================================================================================

==========================================
 Final Statistics
==========================================
  Alive particles  =      10000
  Total weight     =   10000.0000
  Mean energy      =       2.9622 eV
  Eff. temperature =       1.9748 eV
==========================================
  dE Histogram output (collect_time=  1.0000E-05 s)
