==========================================
 3D3V Non-Analog Monte Carlo Simulation
==========================================
  n_particles  =      10000
  n_steps      =       1000
  dt           =   1.0000E-08
  enable_cx    = T
  enable_el    = T
  enable_ei    = T
  weight_min   =   1.0000E-08
  n_i          =   1.0000E+21
  T_i          =     2.00 eV
  T_e          =     2.00 eV
  T_init       =     2.00 eV
==========================================
 Ensemble Run ID:           23 , Adjusted Base Seed:   1698702484
 CDF file size:     497928 bytes
 CDF data points read:    23320
 CDF file loaded successfully.
   Sigma range [m^2]:   8.1600E-19 -   1.6604E-17
 nu_max/n_i = sigma_v_max =   8.2930E-12 [m^3/s]
 nu_max =   8.2930E+09 [1/s]

Starting simulation...
  Histogram output at step      1, weight_sum =   9.9975E+03
  Histogram output at step     10, weight_sum =   9.9748E+03
  Histogram output at step     50, weight_sum =   9.8748E+03
  Step    100/  1000  alive=   10000  CX=  1379  EL=  3302
  Histogram output at step    100, weight_sum =   9.7512E+03
  Step    200/  1000  alive=   10000  CX=  1289  EL=  3278
  Step    300/  1000  alive=   10000  CX=  1321  EL=  3294
  Step    400/  1000  alive=   10000  CX=  1336  EL=  3231
  Step    500/  1000  alive=   10000  CX=  1284  EL=  3253
  Histogram output at step    500, weight_sum =   8.8165E+03
  Step    600/  1000  alive=   10000  CX=  1354  EL=  3326
  Step    700/  1000  alive=   10000  CX=  1355  EL=  3295
  Step    800/  1000  alive=   10000  CX=  1324  EL=  3330
  Step    900/  1000  alive=   10000  CX=  1307  EL=  3272
  Step   1000/  1000  alive=   10000  CX=  1279  EL=  3309
  Histogram output at step   1000, weight_sum =   7.7731E+03
Elapsed time:      43.7923 seconds

Simulation complete.

==========================================
 Scoring Results (time-averaged) [W/m3]
==========================================
          EI              CX              EL              Total
 CL:     5.346735E+05    4.146568E+04   -6.018815E+04    5.159510E+05
 TL:     5.345514E+05   -4.310922E+05   -3.178826E+05   -2.144234E+05
==========================================

==========================================
 Final Statistics
==========================================
  Alive particles  =      10000
  Total weight     =    7773.1241
  Mean energy      =       2.9914 eV
  Eff. temperature =       1.9942 eV
==========================================
  dE Histogram output (collect_time=  1.0000E-05 s)
