==========================================
 3D3V Non-Analog Monte Carlo Simulation
==========================================
  n_particles  =       1000
  n_steps      =       1000
  dt           =   1.0000E-08
  tl_el_inner  =         16
  enable_cx    = T
  enable_el    = T
  enable_ei    = F
  weight_min   =   1.0000E-10
  tl_el_table  = ../../tl_el_table_1e6_fixedcdf.dat
  n_i          =   1.0000E+21
  T_i          =     2.00 eV
  T_e          =     2.00 eV
  T_init       =     2.00 eV
==========================================
 CDF file size:     549055 bytes
 CDF data points read:    23320
 CDF file loaded successfully.
   xs_mult(y):   1.0000E-04  1.0000E-06  1.0000E-06  1.0000E-08  1.0000E-10
   Sigma range [m^2]:   4.7826E-19 -   1.5414E-17
 TL EL pretab table loaded: ../../tl_el_table_1e6_fixedcdf.dat
 nu_max/n_i = sigma_v_max =   4.9903E-12 [m^3/s]
 nu_max =   4.9903E+09 [1/s]

Starting simulation...
  Histogram output at step      1, weight_sum =   1.0000E+03
  Histogram output at step      2, weight_sum =   1.0000E+03
  Histogram output at step      3, weight_sum =   1.0000E+03
  Histogram output at step      5, weight_sum =   1.0000E+03
  Histogram output at step      7, weight_sum =   1.0000E+03
  Histogram output at step     10, weight_sum =   1.0000E+03
  Step    100/  1000  alive=    1000  CX=   137  EL=   199
  Step    200/  1000  alive=    1000  CX=   142  EL=   208
  Step    300/  1000  alive=    1000  CX=   133  EL=   222
  Step    400/  1000  alive=    1000  CX=   117  EL=   203
  Step    500/  1000  alive=    1000  CX=   122  EL=   193
  Step    600/  1000  alive=    1000  CX=   125  EL=   194
  Step    700/  1000  alive=    1000  CX=   121  EL=   200
  Step    800/  1000  alive=    1000  CX=   111  EL=   200
  Step    900/  1000  alive=    1000  CX=   139  EL=   218
  Step   1000/  1000  alive=    1000  CX=   124  EL=   208
Elapsed time:       4.7165 seconds

Simulation complete.

================================================================================
 Scoring Results (time-averaged) [W/m3]
================================================================================
                              EI              CX              EL           Total
          A(EL):                                   -7.049637E+04                
             CL:    0.000000E+00    2.756863E+05    5.118216E+06    5.393902E+06
    CLInner(EL):                                    2.606749E+03                
             TR:    0.000000E+00    1.673607E+05    3.943726E+06    4.111086E+06
    TRInner(EL):                                   -3.512832E+03                
   TRPretab(EL):                                    3.334564E+02                
================================================================================

==========================================
 Final Statistics
==========================================
  Alive particles  =       1000
  Total weight     =    1000.0000
  Mean energy      =       2.9515 eV
  Eff. temperature =       1.9677 eV
==========================================
  dE Histogram output (collect_time=  1.0000E-05 s)
