==========================================
 3D3V Non-Analog Monte Carlo Simulation
==========================================
  n_particles  =         10
  n_steps      =       1000
  dt           =   1.0000E-08
  enable_cx    = T
  enable_el    = T
  enable_ei    = T
  weight_min   =   1.0000E-08
  n_i          =   1.0000E+21
  T_i          =     2.00 eV
  T_e          =     2.00 eV
  T_init       =     2.00 eV
==========================================
 Ensemble Run ID:           25 , Adjusted Base Seed:   1846414670
 CDF file size:     497928 bytes
 CDF data points read:    23320
 CDF file loaded successfully.
   Sigma range [m^2]:   8.1600E-19 -   1.6604E-17
 nu_max/n_i = sigma_v_max =   8.2930E-12 [m^3/s]
 nu_max =   8.2930E+09 [1/s]

Starting simulation...
  Histogram output at step      1, weight_sum =   9.9975E+00
  Histogram output at step     10, weight_sum =   9.9748E+00
  Histogram output at step     50, weight_sum =   9.8748E+00
  Step    100/  1000  alive=      10  CX=     1  EL=     3
  Histogram output at step    100, weight_sum =   9.7512E+00
  Step    200/  1000  alive=      10  CX=     0  EL=     6
  Step    300/  1000  alive=      10  CX=     2  EL=     1
  Step    400/  1000  alive=      10  CX=     0  EL=     4
  Step    500/  1000  alive=      10  CX=     0  EL=     3
  Histogram output at step    500, weight_sum =   8.8165E+00
  Step    600/  1000  alive=      10  CX=     1  EL=     3
  Step    700/  1000  alive=      10  CX=     1  EL=     0
  Step    800/  1000  alive=      10  CX=     2  EL=     3
  Step    900/  1000  alive=      10  CX=     0  EL=     4
  Step   1000/  1000  alive=      10  CX=     2  EL=     6
  Histogram output at step   1000, weight_sum =   7.7731E+00
Elapsed time:       0.6548 seconds

Simulation complete.

==========================================
 Scoring Results (time-averaged) [W/m3]
==========================================
          EI              CX              EL              Total
 CL:     5.689810E+05    7.746779E+06   -6.604189E+06    1.711571E+06
 TL:     5.583487E+05    1.739449E+07    1.292520E+07    3.087804E+07
==========================================

==========================================
 Final Statistics
==========================================
  Alive particles  =         10
  Total weight     =       7.7731
  Mean energy      =       1.8795 eV
  Eff. temperature =       1.2530 eV
==========================================
  dE Histogram output (collect_time=  1.0000E-05 s)
