==========================================
 3D3V Non-Analog Monte Carlo Simulation
==========================================
  n_particles  =     100000
  n_steps      =       1000
  dt           =   1.0000E-08
  enable_cx    = T
  enable_el    = T
  enable_ei    = T
  weight_min   =   1.0000E-10
  n_i          =   1.0000E+21
  T_i          =     2.00 eV
  T_e          =     2.00 eV
  T_init       =     2.00 eV
==========================================
 CDF file size:     497928 bytes
 CDF data points read:    23320
 CDF file loaded successfully.
   xs_mult(y):   1.0000E-04  1.0000E-06  1.0000E-06  1.0000E-08  1.0000E-10
   Sigma range [m^2]:   8.1600E-19 -   1.6604E-17
 nu_max/n_i = sigma_v_max =   8.2930E-12 [m^3/s]
 nu_max =   8.2930E+09 [1/s]

Starting simulation...
  Histogram output at step      1, weight_sum =   9.9975E+04
  Histogram output at step     10, weight_sum =   9.9748E+04
  Histogram output at step     50, weight_sum =   9.8748E+04
  Step    100/  1000  alive=  100000  CX= 13130  EL= 37334
  Histogram output at step    100, weight_sum =   9.7512E+04
  Step    200/  1000  alive=  100000  CX= 13468  EL= 36880
  Step    300/  1000  alive=  100000  CX= 13019  EL= 36940
  Step    400/  1000  alive=  100000  CX= 13153  EL= 36952
  Step    500/  1000  alive=  100000  CX= 13252  EL= 37075
  Histogram output at step    500, weight_sum =   8.8165E+04
  Step    600/  1000  alive=  100000  CX= 13090  EL= 36909
  Step    700/  1000  alive=  100000  CX= 13213  EL= 36995
  Step    800/  1000  alive=  100000  CX= 13084  EL= 36757
  Step    900/  1000  alive=  100000  CX= 13071  EL= 36835
  Step   1000/  1000  alive=  100000  CX= 13146  EL= 37133
  Histogram output at step   1000, weight_sum =   7.7731E+04
Elapsed time:     504.0221 seconds

Simulation complete.

==========================================
 Scoring Results (time-averaged) [W/m3]
==========================================
          EI              CX              EL              Total
 CL:     5.353359E+05    1.110975E+05   -1.136132E+05    5.328202E+05
 TL:     5.352770E+05    1.099704E+05    8.623168E+03    6.538705E+05
 TLLookup:     5.352770E+05    1.099704E+05    3.059604E+07    3.124128E+07
==========================================

==========================================
 Final Statistics
==========================================
  Alive particles  =     100000
  Total weight     =   77731.2409
  Mean energy      =       3.0100 eV
  Eff. temperature =       2.0067 eV
==========================================
  dE Histogram output (collect_time=  1.0000E-05 s)
