==========================================
 3D3V Non-Analog Monte Carlo Simulation
==========================================
  n_particles  =       5000
  n_steps      =       1000
  dt           =   1.0000E-08
  enable_cx    = T
  enable_el    = T
  enable_ei    = T
  weight_min   =   1.0000E-08
  n_i          =   1.0000E+21
  T_i          =     2.00 eV
  T_e          =     2.00 eV
  T_init       =     2.00 eV
==========================================
 Ensemble Run ID:           16 , Adjusted Base Seed:   1181709833
 CDF file size:     497928 bytes
 CDF data points read:    23320
 CDF file loaded successfully.
   Sigma range [m^2]:   8.1600E-19 -   1.6604E-17
 nu_max/n_i = sigma_v_max =   8.2930E-12 [m^3/s]
 nu_max =   8.2930E+09 [1/s]

Starting simulation...
  Histogram output at step      1, weight_sum =   4.9987E+03
  Histogram output at step     10, weight_sum =   4.9874E+03
  Histogram output at step     50, weight_sum =   4.9374E+03
  Step    100/  1000  alive=    5000  CX=   650  EL=  1664
  Histogram output at step    100, weight_sum =   4.8756E+03
  Step    200/  1000  alive=    5000  CX=   662  EL=  1660
  Step    300/  1000  alive=    5000  CX=   656  EL=  1603
  Step    400/  1000  alive=    5000  CX=   640  EL=  1653
  Step    500/  1000  alive=    5000  CX=   620  EL=  1617
  Histogram output at step    500, weight_sum =   4.4083E+03
  Step    600/  1000  alive=    5000  CX=   656  EL=  1663
  Step    700/  1000  alive=    5000  CX=   704  EL=  1684
  Step    800/  1000  alive=    5000  CX=   652  EL=  1679
  Step    900/  1000  alive=    5000  CX=   703  EL=  1700
  Step   1000/  1000  alive=    5000  CX=   616  EL=  1661
  Histogram output at step   1000, weight_sum =   3.8866E+03
Elapsed time:      53.5519 seconds

Simulation complete.

==========================================
 Scoring Results (time-averaged) [W/m3]
==========================================
          EI              CX              EL              Total
 CL:     5.357451E+05   -2.990927E+05    2.920845E+05    5.287369E+05
 TL:     5.356495E+05    3.314285E+05    1.901871E+05    1.057265E+06
==========================================

==========================================
 Final Statistics
==========================================
  Alive particles  =       5000
  Total weight     =    3886.5620
  Mean energy      =       3.0254 eV
  Eff. temperature =       2.0170 eV
==========================================
  dE Histogram output (collect_time=  1.0000E-05 s)
