==========================================
 3D3V Non-Analog Monte Carlo Simulation
==========================================
  n_particles  =      10000
  n_steps      =       1000
  dt           =   1.0000E-08
  enable_cx    = T
  enable_el    = T
  enable_ei    = T
  weight_min   =   1.0000E-10
  n_i          =   1.0000E+21
  T_i          =     2.00 eV
  T_e          =     2.00 eV
  T_init       =     2.00 eV
==========================================
 CDF file size:     497928 bytes
 CDF data points read:    23320
 CDF file loaded successfully.
   xs_mult(y):   1.0000E-04  1.0000E-06  1.0000E-06  1.0000E-08  1.0000E-10
   Sigma range [m^2]:   8.1600E-19 -   1.6604E-17
 nu_max/n_i = sigma_v_max =   8.2930E-12 [m^3/s]
 nu_max =   8.2930E+09 [1/s]

Starting simulation...
  Histogram output at step      1, weight_sum =   9.9975E+03
  Histogram output at step     10, weight_sum =   9.9748E+03
  Histogram output at step     50, weight_sum =   9.8748E+03
  Step    100/  1000  alive=   10000  CX=  1376  EL=  3698
  Histogram output at step    100, weight_sum =   9.7512E+03
  Step    200/  1000  alive=   10000  CX=  1286  EL=  3718
  Step    300/  1000  alive=   10000  CX=  1325  EL=  3635
  Step    400/  1000  alive=   10000  CX=  1306  EL=  3734
  Step    500/  1000  alive=   10000  CX=  1320  EL=  3759
  Histogram output at step    500, weight_sum =   8.8165E+03
  Step    600/  1000  alive=   10000  CX=  1306  EL=  3655
  Step    700/  1000  alive=   10000  CX=  1283  EL=  3649
  Step    800/  1000  alive=   10000  CX=  1322  EL=  3574
  Step    900/  1000  alive=   10000  CX=  1365  EL=  3595
  Step   1000/  1000  alive=   10000  CX=  1285  EL=  3732
  Histogram output at step   1000, weight_sum =   7.7731E+03
Elapsed time:      53.6110 seconds

Simulation complete.

==========================================
 Scoring Results (time-averaged) [W/m3]
==========================================
          EI              CX              EL              Total
 CL:     5.350827E+05    1.828460E+05   -2.213184E+05    4.966103E+05
 TL:     5.350960E+05   -9.413431E+04   -2.557561E+05    1.852056E+05
 TLLookup:     5.350960E+05   -9.413431E+04    3.053075E+07    3.097171E+07
==========================================

==========================================
 Final Statistics
==========================================
  Alive particles  =      10000
  Total weight     =    7773.1241
  Mean energy      =       3.0235 eV
  Eff. temperature =       2.0157 eV
==========================================
  dE Histogram output (collect_time=  1.0000E-05 s)
