==========================================
 3D3V Non-Analog Monte Carlo Simulation
==========================================
  n_particles  =        500
  n_steps      =       1000
  dt           =   1.0000E-08
  enable_cx    = T
  enable_el    = T
  enable_ei    = T
  weight_min   =   1.0000E-08
  n_i          =   1.0000E+21
  T_i          =     2.00 eV
  T_e          =     2.00 eV
  T_init       =     2.00 eV
==========================================
 Ensemble Run ID:           29 , Adjusted Base Seed:   2141839042
 CDF file size:     497928 bytes
 CDF data points read:    23320
 CDF file loaded successfully.
   Sigma range [m^2]:   8.1600E-19 -   1.6604E-17
 nu_max/n_i = sigma_v_max =   8.2930E-12 [m^3/s]
 nu_max =   8.2930E+09 [1/s]

Starting simulation...
  Histogram output at step      1, weight_sum =   4.9987E+02
  Histogram output at step     10, weight_sum =   4.9874E+02
  Histogram output at step     50, weight_sum =   4.9374E+02
  Step    100/  1000  alive=     500  CX=    77  EL=   138
  Histogram output at step    100, weight_sum =   4.8756E+02
  Step    200/  1000  alive=     500  CX=    57  EL=   187
  Step    300/  1000  alive=     500  CX=    53  EL=   175
  Step    400/  1000  alive=     500  CX=    78  EL=   163
  Step    500/  1000  alive=     500  CX=    57  EL=   183
  Histogram output at step    500, weight_sum =   4.4083E+02
  Step    600/  1000  alive=     500  CX=    69  EL=   180
  Step    700/  1000  alive=     500  CX=    73  EL=   155
  Step    800/  1000  alive=     500  CX=    74  EL=   169
  Step    900/  1000  alive=     500  CX=    65  EL=   166
  Step   1000/  1000  alive=     500  CX=    54  EL=   159
  Histogram output at step   1000, weight_sum =   3.8866E+02
Elapsed time:       4.6080 seconds

Simulation complete.

==========================================
 Scoring Results (time-averaged) [W/m3]
==========================================
          EI              CX              EL              Total
 CL:     5.343975E+05    7.736578E+05   -8.516596E+05    4.563957E+05
 TL:     5.332660E+05   -1.315563E+06   -1.034006E+06   -1.816302E+06
==========================================

==========================================
 Final Statistics
==========================================
  Alive particles  =        500
  Total weight     =     388.6562
  Mean energy      =       2.9272 eV
  Eff. temperature =       1.9515 eV
==========================================
  dE Histogram output (collect_time=  1.0000E-05 s)
