==========================================
 3D3V Non-Analog Monte Carlo Simulation
==========================================
  n_particles  =        100
  n_steps      =       1000
  dt           =   1.0000E-08
  tl_el_inner  =         16
  enable_cx    = T
  enable_el    = T
  enable_ei    = T
  weight_min   =   1.0000E-10
  tl_el_table  = ../../tl_el_table_fixedcdf.dat
  n_i          =   1.0000E+21
  T_i          =     2.00 eV
  T_e          =     2.00 eV
  T_init       =     2.00 eV
==========================================
 CDF file size:     549055 bytes
 CDF data points read:    23320
 CDF file loaded successfully.
   xs_mult(y):   1.0000E-04  1.0000E-06  1.0000E-06  1.0000E-08  1.0000E-10
   Sigma range [m^2]:   4.7826E-19 -   1.5414E-17
 TL EL pretab table loaded: ../../tl_el_table_fixedcdf.dat
 nu_max/n_i = sigma_v_max =   4.9903E-12 [m^3/s]
 nu_max =   4.9903E+09 [1/s]

Starting simulation...
  Histogram output at step      1, weight_sum =   9.9975E+01
  Histogram output at step     10, weight_sum =   9.9748E+01
  Histogram output at step     50, weight_sum =   9.8748E+01
  Step    100/  1000  alive=     100  CX=    11  EL=    23
  Histogram output at step    100, weight_sum =   9.7512E+01
  Step    200/  1000  alive=     100  CX=    11  EL=    18
  Step    300/  1000  alive=     100  CX=    16  EL=    15
  Step    400/  1000  alive=     100  CX=    12  EL=    18
  Step    500/  1000  alive=     100  CX=    26  EL=    27
  Histogram output at step    500, weight_sum =   8.8165E+01
  Step    600/  1000  alive=     100  CX=    14  EL=    30
  Step    700/  1000  alive=     100  CX=     7  EL=    23
  Step    800/  1000  alive=     100  CX=    14  EL=    27
  Step    900/  1000  alive=     100  CX=    15  EL=    18
  Step   1000/  1000  alive=     100  CX=    12  EL=    15
  Histogram output at step   1000, weight_sum =   7.7731E+01
Elapsed time:       0.8954 seconds

Simulation complete.

==========================================
 Scoring Results (time-averaged) [W/m3]
==========================================
          EI              CX              EL              Total
 A(EL):    -3.151927E+05
 CL:     5.337892E+05   -2.552945E+06    1.120743E+07    9.188279E+06
 CLInner(EL):     2.505447E+04
 TR:     5.379967E+05    6.137913E+05    7.814245E+06    8.966033E+06
 TRInner(EL):     2.603984E+04
 TRPretab(EL):     5.287415E+02
==========================================

==========================================
 Final Statistics
==========================================
  Alive particles  =        100
  Total weight     =      77.7312
  Mean energy      =       3.1946 eV
  Eff. temperature =       2.1297 eV
==========================================
  dE Histogram output (collect_time=  1.0000E-05 s)
