==========================================
 3D3V Non-Analog Monte Carlo Simulation
==========================================
  n_particles  =      10000
  n_steps      =       1000
  dt           =   1.0000E-08
  enable_cx    = T
  enable_el    = T
  enable_ei    = T
  weight_min   =   1.0000E-10
  n_i          =   1.0000E+21
  T_i          =     2.00 eV
  T_e          =     2.00 eV
  T_init       =     2.00 eV
==========================================
 CDF file size:     497928 bytes
 CDF data points read:    23320
 CDF file loaded successfully.
   xs_mult(y):   1.0000E-04  1.0000E-06  1.0000E-06  1.0000E-08  1.0000E-10
   Sigma range [m^2]:   8.1600E-19 -   1.6604E-17
 nu_max/n_i = sigma_v_max =   8.2930E-12 [m^3/s]
 nu_max =   8.2930E+09 [1/s]

Starting simulation...
  Histogram output at step      1, weight_sum =   9.9975E+03
  Histogram output at step     10, weight_sum =   9.9748E+03
  Histogram output at step     50, weight_sum =   9.8748E+03
  Step    100/  1000  alive=   10000  CX=  1255  EL=  3675
  Histogram output at step    100, weight_sum =   9.7512E+03
  Step    200/  1000  alive=   10000  CX=  1322  EL=  3783
  Step    300/  1000  alive=   10000  CX=  1340  EL=  3655
  Step    400/  1000  alive=   10000  CX=  1334  EL=  3645
  Step    500/  1000  alive=   10000  CX=  1331  EL=  3679
  Histogram output at step    500, weight_sum =   8.8165E+03
  Step    600/  1000  alive=   10000  CX=  1289  EL=  3766
  Step    700/  1000  alive=   10000  CX=  1276  EL=  3678
  Step    800/  1000  alive=   10000  CX=  1291  EL=  3822
  Step    900/  1000  alive=   10000  CX=  1264  EL=  3707
  Step   1000/  1000  alive=   10000  CX=  1364  EL=  3665
  Histogram output at step   1000, weight_sum =   7.7731E+03
Elapsed time:      51.0449 seconds

Simulation complete.

==========================================
 Scoring Results (time-averaged) [W/m3]
==========================================
          EI              CX              EL              Total
 CL:     5.355431E+05   -2.548043E+05    2.405670E+05    5.213058E+05
 TL:     5.356316E+05    6.802661E+04    1.040004E+05    7.076586E+05
 TLLookup:     5.356316E+05    6.802661E+04    3.070548E+07    3.130914E+07
==========================================

==========================================
 Final Statistics
==========================================
  Alive particles  =      10000
  Total weight     =    7773.1241
  Mean energy      =       3.0227 eV
  Eff. temperature =       2.0152 eV
==========================================
  dE Histogram output (collect_time=  1.0000E-05 s)
