==========================================
 3D3V Non-Analog Monte Carlo Simulation
==========================================
  n_particles  =      10000
  n_steps      =       1000
  dt           =   1.0000E-08
  tl_el_inner  =         16
  enable_cx    = T
  enable_el    = T
  enable_ei    = F
  weight_min   =   1.0000E-10
  tl_el_table  = ../../tl_el_table_1e6.dat
  n_i          =   1.0000E+21
  T_i          =     2.00 eV
  T_e          =     2.00 eV
  T_init       =     2.00 eV
==========================================
 CDF file size:     497928 bytes
 CDF data points read:    23320
 CDF file loaded successfully.
   xs_mult(y):   1.0000E-04  1.0000E-06  1.0000E-06  1.0000E-08  1.0000E-10
   Sigma range [m^2]:   8.1600E-19 -   1.6604E-17
 TL EL pretab table loaded: ../../tl_el_table_1e6.dat
 nu_max/n_i = sigma_v_max =   8.2930E-12 [m^3/s]
 nu_max =   8.2930E+09 [1/s]

Starting simulation...
  Histogram output at step      1, weight_sum =   1.0000E+04
  Histogram output at step      2, weight_sum =   1.0000E+04
  Histogram output at step      3, weight_sum =   1.0000E+04
  Histogram output at step      5, weight_sum =   1.0000E+04
  Histogram output at step      7, weight_sum =   1.0000E+04
  Histogram output at step     10, weight_sum =   1.0000E+04
  Step    100/  1000  alive=   10000  CX=  1334  EL=  3416
  Step    200/  1000  alive=   10000  CX=  1368  EL=  3346
  Step    300/  1000  alive=   10000  CX=  1367  EL=  3230
  Step    400/  1000  alive=   10000  CX=  1301  EL=  3305
  Step    500/  1000  alive=   10000  CX=  1394  EL=  3348
  Step    600/  1000  alive=   10000  CX=  1344  EL=  3376
  Step    700/  1000  alive=   10000  CX=  1298  EL=  3316
  Step    800/  1000  alive=   10000  CX=  1317  EL=  3309
  Step    900/  1000  alive=   10000  CX=  1249  EL=  3188
  Step   1000/  1000  alive=   10000  CX=  1266  EL=  3262
Elapsed time:      54.8292 seconds

Simulation complete.

================================================================================
 Scoring Results (time-averaged) [W/m3]
================================================================================
                              EI              CX              EL           Total
          A(EL):                                   -2.473546E+05                
             CL:    0.000000E+00    1.022650E+05    4.724831E+07    4.735058E+07
    CLInner(EL):                                    2.117461E+06                
             TR:    0.000000E+00    1.273698E+05    3.464247E+07    3.476984E+07
    TRInner(EL):                                    1.133319E+05                
   TRPretab(EL):                                    3.771916E+05                
================================================================================

==========================================
 Final Statistics
==========================================
  Alive particles  =      10000
  Total weight     =   10000.0000
  Mean energy      =       3.0496 eV
  Eff. temperature =       2.0331 eV
==========================================
  dE Histogram output (collect_time=  1.0000E-05 s)
