==========================================
 3D3V Non-Analog Monte Carlo Simulation
==========================================
  n_particles  =     100000
  n_steps      =       1000
  dt           =   1.0000E-08
  enable_cx    = T
  enable_el    = T
  enable_ei    = T
  weight_min   =   1.0000E-10
  n_i          =   1.0000E+21
  T_i          =     2.00 eV
  T_e          =     2.00 eV
  T_init       =     2.00 eV
==========================================
 CDF file size:     497928 bytes
 CDF data points read:    23320
 CDF file loaded successfully.
   xs_mult(y):   1.0000E-04  1.0000E-06  1.0000E-06  1.0000E-08  1.0000E-10
   Sigma range [m^2]:   8.1600E-19 -   1.6604E-17
 nu_max/n_i = sigma_v_max =   8.2930E-12 [m^3/s]
 nu_max =   8.2930E+09 [1/s]

Starting simulation...
  Histogram output at step      1, weight_sum =   9.9975E+04
  Histogram output at step     10, weight_sum =   9.9748E+04
  Histogram output at step     50, weight_sum =   9.8748E+04
  Step    100/  1000  alive=  100000  CX= 13088  EL= 36821
  Histogram output at step    100, weight_sum =   9.7512E+04
  Step    200/  1000  alive=  100000  CX= 13155  EL= 36679
  Step    300/  1000  alive=  100000  CX= 13127  EL= 37051
  Step    400/  1000  alive=  100000  CX= 13156  EL= 36992
  Step    500/  1000  alive=  100000  CX= 13043  EL= 36813
  Histogram output at step    500, weight_sum =   8.8165E+04
  Step    600/  1000  alive=  100000  CX= 13112  EL= 36991
  Step    700/  1000  alive=  100000  CX= 13390  EL= 36838
  Step    800/  1000  alive=  100000  CX= 13186  EL= 37096
  Step    900/  1000  alive=  100000  CX= 13166  EL= 37023
  Step   1000/  1000  alive=  100000  CX= 13170  EL= 36870
  Histogram output at step   1000, weight_sum =   7.7731E+04
Elapsed time:     604.1155 seconds

Simulation complete.

==========================================
 Scoring Results (time-averaged) [W/m3]
==========================================
          EI              CX              EL              Total
 CL:     5.351919E+05    1.378897E+05   -1.339751E+05    5.391065E+05
 TL:     5.352479E+05    2.111918E+04   -1.462690E+05    4.100980E+05
 TLLookup:     5.352479E+05    2.111918E+04    3.058463E+07    3.114100E+07
==========================================

==========================================
 Final Statistics
==========================================
  Alive particles  =     100000
  Total weight     =   77731.2409
  Mean energy      =       3.0015 eV
  Eff. temperature =       2.0010 eV
==========================================
  dE Histogram output (collect_time=  1.0000E-05 s)
