==========================================
 3D3V Non-Analog Monte Carlo Simulation
==========================================
  n_particles  =      10000
  n_steps      =       1000
  dt           =   1.0000E-08
  enable_cx    = T
  enable_el    = T
  enable_ei    = T
  weight_min   =   1.0000E-10
  n_i          =   1.0000E+21
  T_i          =     2.00 eV
  T_e          =     2.00 eV
  T_init       =     2.00 eV
==========================================
 CDF file size:     497928 bytes
 CDF data points read:    23320
 CDF file loaded successfully.
   xs_mult(y):   1.0000E-04  1.0000E-06  1.0000E-06  1.0000E-08  1.0000E-10
   Sigma range [m^2]:   8.1600E-19 -   1.6604E-17
 nu_max/n_i = sigma_v_max =   8.2930E-12 [m^3/s]
 nu_max =   8.2930E+09 [1/s]

Starting simulation...
  Histogram output at step      1, weight_sum =   9.9975E+03
  Histogram output at step     10, weight_sum =   9.9748E+03
  Histogram output at step     50, weight_sum =   9.8748E+03
  Step    100/  1000  alive=   10000  CX=  1328  EL=  3589
  Histogram output at step    100, weight_sum =   9.7512E+03
  Step    200/  1000  alive=   10000  CX=  1300  EL=  3727
  Step    300/  1000  alive=   10000  CX=  1336  EL=  3647
  Step    400/  1000  alive=   10000  CX=  1325  EL=  3606
  Step    500/  1000  alive=   10000  CX=  1320  EL=  3794
  Histogram output at step    500, weight_sum =   8.8165E+03
  Step    600/  1000  alive=   10000  CX=  1327  EL=  3725
  Step    700/  1000  alive=   10000  CX=  1318  EL=  3650
  Step    800/  1000  alive=   10000  CX=  1333  EL=  3666
  Step    900/  1000  alive=   10000  CX=  1293  EL=  3672
  Step   1000/  1000  alive=   10000  CX=  1325  EL=  3725
  Histogram output at step   1000, weight_sum =   7.7731E+03
Elapsed time:      51.7912 seconds

Simulation complete.

==========================================
 Scoring Results (time-averaged) [W/m3]
==========================================
          EI              CX              EL              Total
 CL:     5.353059E+05    2.318234E+05   -2.247370E+05    5.423923E+05
 TL:     5.348285E+05   -6.381001E+05   -7.656343E+04   -1.798350E+05
 TLLookup:     5.348285E+05   -6.381001E+05    3.040121E+07    3.029794E+07
==========================================

==========================================
 Final Statistics
==========================================
  Alive particles  =      10000
  Total weight     =    7773.1241
  Mean energy      =       3.0231 eV
  Eff. temperature =       2.0154 eV
==========================================
  dE Histogram output (collect_time=  1.0000E-05 s)
