==========================================
 3D3V Non-Analog Monte Carlo Simulation
==========================================
  n_particles  =     100000
  n_steps      =       1000
  dt           =   1.0000E-08
  enable_cx    = T
  enable_el    = T
  enable_ei    = T
  weight_min   =   1.0000E-10
  n_i          =   1.0000E+21
  T_i          =     2.00 eV
  T_e          =     2.00 eV
  T_init       =     2.00 eV
==========================================
 CDF file size:     497928 bytes
 CDF data points read:    23320
 CDF file loaded successfully.
   xs_mult(y):   1.0000E-04  1.0000E-06  1.0000E-06  1.0000E-08  1.0000E-10
   Sigma range [m^2]:   8.1600E-19 -   1.6604E-17
 nu_max/n_i = sigma_v_max =   8.2930E-12 [m^3/s]
 nu_max =   8.2930E+09 [1/s]

Starting simulation...
  Histogram output at step      1, weight_sum =   9.9975E+04
  Histogram output at step     10, weight_sum =   9.9748E+04
  Histogram output at step     50, weight_sum =   9.8748E+04
  Step    100/  1000  alive=  100000  CX= 13165  EL= 36960
  Histogram output at step    100, weight_sum =   9.7512E+04
  Step    200/  1000  alive=  100000  CX= 12849  EL= 37492
  Step    300/  1000  alive=  100000  CX= 13194  EL= 36832
  Step    400/  1000  alive=  100000  CX= 13246  EL= 36648
  Step    500/  1000  alive=  100000  CX= 13215  EL= 36866
  Histogram output at step    500, weight_sum =   8.8165E+04
  Step    600/  1000  alive=  100000  CX= 13129  EL= 36975
  Step    700/  1000  alive=  100000  CX= 13414  EL= 36402
  Step    800/  1000  alive=  100000  CX= 13025  EL= 37328
  Step    900/  1000  alive=  100000  CX= 13117  EL= 36878
  Step   1000/  1000  alive=  100000  CX= 13260  EL= 37017
  Histogram output at step   1000, weight_sum =   7.7731E+04
Elapsed time:     494.6361 seconds

Simulation complete.

==========================================
 Scoring Results (time-averaged) [W/m3]
==========================================
          EI              CX              EL              Total
 CL:     5.348432E+05   -5.022894E+03    1.559605E+03    5.313799E+05
 TL:     5.349347E+05   -1.292387E+05   -2.028616E+05    2.028344E+05
 TLLookup:     5.349347E+05   -1.292387E+05    3.045846E+07    3.086416E+07
==========================================

==========================================
 Final Statistics
==========================================
  Alive particles  =     100000
  Total weight     =   77731.2409
  Mean energy      =       3.0068 eV
  Eff. temperature =       2.0046 eV
==========================================
  dE Histogram output (collect_time=  1.0000E-05 s)
