==========================================
 3D3V Non-Analog Monte Carlo Simulation
==========================================
  n_particles  =         10
  n_steps      =       1000
  dt           =   1.0000E-08
  enable_cx    = T
  enable_el    = T
  enable_ei    = T
  weight_min   =   1.0000E-08
  n_i          =   1.0000E+21
  T_i          =     2.00 eV
  T_e          =     2.00 eV
  T_init       =     2.00 eV
==========================================
 Ensemble Run ID:            9 , Adjusted Base Seed:    664717182
 CDF file size:     497928 bytes
 CDF data points read:    23320
 CDF file loaded successfully.
   Sigma range [m^2]:   8.1600E-19 -   1.6604E-17
 nu_max/n_i = sigma_v_max =   8.2930E-12 [m^3/s]
 nu_max =   8.2930E+09 [1/s]

Starting simulation...
  Histogram output at step      1, weight_sum =   9.9975E+00
  Histogram output at step     10, weight_sum =   9.9748E+00
  Histogram output at step     50, weight_sum =   9.8748E+00
  Step    100/  1000  alive=      10  CX=     3  EL=     5
  Histogram output at step    100, weight_sum =   9.7512E+00
  Step    200/  1000  alive=      10  CX=     0  EL=     4
  Step    300/  1000  alive=      10  CX=     0  EL=     2
  Step    400/  1000  alive=      10  CX=     3  EL=     2
  Step    500/  1000  alive=      10  CX=     2  EL=     2
  Histogram output at step    500, weight_sum =   8.8165E+00
  Step    600/  1000  alive=      10  CX=     2  EL=     2
  Step    700/  1000  alive=      10  CX=     2  EL=     4
  Step    800/  1000  alive=      10  CX=     1  EL=     5
  Step    900/  1000  alive=      10  CX=     0  EL=     3
  Step   1000/  1000  alive=      10  CX=     2  EL=     4
  Histogram output at step   1000, weight_sum =   7.7731E+00
Elapsed time:       0.7315 seconds

Simulation complete.

==========================================
 Scoring Results (time-averaged) [W/m3]
==========================================
          EI              CX              EL              Total
 CL:     5.309899E+05    5.859433E+05   -5.835324E+05    5.334007E+05
 TL:     5.366991E+05    1.803177E+06    1.282530E+06    3.622407E+06
==========================================

==========================================
 Final Statistics
==========================================
  Alive particles  =         10
  Total weight     =       7.7731
  Mean energy      =       1.9648 eV
  Eff. temperature =       1.3099 eV
==========================================
  dE Histogram output (collect_time=  1.0000E-05 s)
