==========================================
 3D3V Non-Analog Monte Carlo Simulation
==========================================
  n_particles  =      10000
  n_steps      =       1000
  dt           =   1.0000E-08
  tl_el_inner  =         16
  enable_cx    = T
  enable_el    = T
  enable_ei    = T
  weight_min   =   1.0000E-10
  tl_el_table  = ../../tl_el_table_fixedcdf.dat
  n_i          =   1.0000E+21
  T_i          =     2.00 eV
  T_e          =     2.00 eV
  T_init       =     2.00 eV
==========================================
 CDF file size:     549055 bytes
 CDF data points read:    23320
 CDF file loaded successfully.
   xs_mult(y):   1.0000E-04  1.0000E-06  1.0000E-06  1.0000E-08  1.0000E-10
   Sigma range [m^2]:   4.7826E-19 -   1.5414E-17
 TL EL pretab table loaded: ../../tl_el_table_fixedcdf.dat
 nu_max/n_i = sigma_v_max =   4.9903E-12 [m^3/s]
 nu_max =   4.9903E+09 [1/s]

Starting simulation...
  Histogram output at step      1, weight_sum =   9.9975E+03
  Histogram output at step     10, weight_sum =   9.9748E+03
  Histogram output at step     50, weight_sum =   9.8748E+03
  Step    100/  1000  alive=   10000  CX=  1358  EL=  2196
  Histogram output at step    100, weight_sum =   9.7512E+03
  Step    200/  1000  alive=   10000  CX=  1307  EL=  2286
  Step    300/  1000  alive=   10000  CX=  1381  EL=  2223
  Step    400/  1000  alive=   10000  CX=  1346  EL=  2232
  Step    500/  1000  alive=   10000  CX=  1308  EL=  2197
  Histogram output at step    500, weight_sum =   8.8165E+03
  Step    600/  1000  alive=   10000  CX=  1270  EL=  2297
  Step    700/  1000  alive=   10000  CX=  1327  EL=  2320
  Step    800/  1000  alive=   10000  CX=  1310  EL=  2276
  Step    900/  1000  alive=   10000  CX=  1308  EL=  2162
  Step   1000/  1000  alive=   10000  CX=  1309  EL=  2190
  Histogram output at step   1000, weight_sum =   7.7731E+03
Elapsed time:      51.5652 seconds

Simulation complete.

==========================================
 Scoring Results (time-averaged) [W/m3]
==========================================
          EI              CX              EL              Total
 A(EL):    -9.247571E+03
 CL:     5.362689E+05    8.010641E+04    1.125120E+07    1.186757E+07
 CLInner(EL):     2.178808E+03
 TR:     5.356392E+05    4.272617E+05    7.754266E+06    8.717167E+06
 TRInner(EL):    -2.810445E+03
 TRPretab(EL):    -2.849110E+03
==========================================

==========================================
 Final Statistics
==========================================
  Alive particles  =      10000
  Total weight     =    7773.1241
  Mean energy      =       3.0163 eV
  Eff. temperature =       2.0109 eV
==========================================
  dE Histogram output (collect_time=  1.0000E-05 s)
